[2021-09-17 08:25:42,641][assert_api.py 7][INFO]: *************** 场景为：前台注册开始执行用例 ***************
[2021-09-17 08:25:42,641][assert_api.py 15][INFO]: *************** 场景为：前台注册结束执行用例 ***************
[2021-09-17 08:28:36,440][assert_api.py 7][INFO]: *************** 场景为：前台注册开始执行用例 ***************
[2021-09-17 08:28:36,440][assert_api.py 15][INFO]: *************** 场景为：前台注册结束执行用例 ***************
[2021-09-17 08:35:23,261][assert_api.py 7][INFO]: *************** 场景为：前台注册开始执行用例 ***************
[2021-09-17 08:35:23,261][assert_api.py 15][INFO]: *************** 场景为：前台注册结束执行用例 ***************
[2021-09-17 08:35:29,182][assert_api.py 7][INFO]: *************** 场景为：前台注册开始执行用例 ***************
[2021-09-17 08:35:29,182][assert_api.py 15][INFO]: *************** 场景为：前台注册结束执行用例 ***************
[2021-09-17 08:53:59,209][assert_api.py 7][INFO]: *************** 操作成功开始执行用例 ***************
[2021-09-17 08:53:59,209][assert_api.py 15][INFO]: *************** 操作成功结束执行用例 ***************
[2021-09-17 08:53:59,260][assert_api.py 7][INFO]: *************** Bad credentials开始执行用例 ***************
[2021-09-17 08:53:59,261][assert_api.py 15][INFO]: *************** Bad credentials结束执行用例 ***************
[2021-09-17 08:53:59,423][assert_api.py 7][INFO]: *************** 场景为：前台会员登录开始执行用例 ***************
[2021-09-17 08:53:59,423][assert_api.py 15][INFO]: *************** 场景为：前台会员登录结束执行用例 ***************
[2021-09-17 08:53:59,455][assert_api.py 7][INFO]: *************** 场景为：前台获取验证码开始执行用例 ***************
[2021-09-17 08:53:59,455][assert_api.py 15][INFO]: *************** 场景为：前台获取验证码结束执行用例 ***************
[2021-09-17 08:53:59,540][assert_api.py 7][INFO]: *************** 场景为：前台注册开始执行用例 ***************
[2021-09-17 08:53:59,541][assert_api.py 15][INFO]: *************** 场景为：前台注册结束执行用例 ***************
[2021-09-17 08:56:47,445][assert_api.py 7][INFO]: *************** 操作成功开始执行用例 ***************
[2021-09-17 08:56:47,446][assert_api.py 15][INFO]: *************** 操作成功结束执行用例 ***************
[2021-09-17 08:56:47,785][assert_api.py 7][INFO]: *************** Bad credentials开始执行用例 ***************
[2021-09-17 08:56:47,785][assert_api.py 15][INFO]: *************** Bad credentials结束执行用例 ***************
[2021-09-17 08:56:48,217][assert_api.py 7][INFO]: *************** 场景为：前台会员登录开始执行用例 ***************
[2021-09-17 08:56:48,218][assert_api.py 15][INFO]: *************** 场景为：前台会员登录结束执行用例 ***************
[2021-09-17 08:56:48,316][assert_api.py 7][INFO]: *************** 场景为：前台获取验证码开始执行用例 ***************
[2021-09-17 08:56:48,317][assert_api.py 15][INFO]: *************** 场景为：前台获取验证码结束执行用例 ***************
[2021-09-17 08:56:48,613][assert_api.py 7][INFO]: *************** 场景为：前台注册开始执行用例 ***************
[2021-09-17 08:56:48,613][assert_api.py 15][INFO]: *************** 场景为：前台注册结束执行用例 ***************
[2021-09-17 08:57:04,953][assert_api.py 7][INFO]: *************** 操作成功开始执行用例 ***************
[2021-09-17 08:57:04,953][assert_api.py 15][INFO]: *************** 操作成功结束执行用例 ***************
[2021-09-17 08:57:05,003][assert_api.py 7][INFO]: *************** Bad credentials开始执行用例 ***************
[2021-09-17 08:57:05,003][assert_api.py 15][INFO]: *************** Bad credentials结束执行用例 ***************
[2021-09-17 08:57:05,164][assert_api.py 7][INFO]: *************** 场景为：前台会员登录开始执行用例 ***************
[2021-09-17 08:57:05,164][assert_api.py 15][INFO]: *************** 场景为：前台会员登录结束执行用例 ***************
[2021-09-17 08:57:05,202][assert_api.py 7][INFO]: *************** 场景为：前台获取验证码开始执行用例 ***************
[2021-09-17 08:57:05,202][assert_api.py 15][INFO]: *************** 场景为：前台获取验证码结束执行用例 ***************
[2021-09-17 08:57:05,296][assert_api.py 7][INFO]: *************** 场景为：前台注册开始执行用例 ***************
[2021-09-17 08:57:05,297][assert_api.py 15][INFO]: *************** 场景为：前台注册结束执行用例 ***************
[2021-09-17 08:57:50,377][assert_api.py 7][INFO]: *************** 操作成功开始执行用例 ***************
[2021-09-17 08:57:50,377][assert_api.py 15][INFO]: *************** 操作成功结束执行用例 ***************
[2021-09-17 08:57:50,427][assert_api.py 7][INFO]: *************** Bad credentials开始执行用例 ***************
[2021-09-17 08:57:50,427][assert_api.py 15][INFO]: *************** Bad credentials结束执行用例 ***************
[2021-09-17 08:57:50,625][assert_api.py 7][INFO]: *************** 场景为：前台会员登录开始执行用例 ***************
[2021-09-17 08:57:50,625][assert_api.py 15][INFO]: *************** 场景为：前台会员登录结束执行用例 ***************
[2021-09-17 08:57:50,673][assert_api.py 7][INFO]: *************** 场景为：前台获取验证码开始执行用例 ***************
[2021-09-17 08:57:50,673][assert_api.py 15][INFO]: *************** 场景为：前台获取验证码结束执行用例 ***************
[2021-09-17 08:57:50,788][assert_api.py 7][INFO]: *************** 场景为：前台注册开始执行用例 ***************
[2021-09-17 08:57:50,788][assert_api.py 15][INFO]: *************** 场景为：前台注册结束执行用例 ***************
[2021-09-17 08:57:50,857][assert_api.py 7][INFO]: *************** 场景为：前台添加收货地址开始执行用例 ***************
[2021-09-17 08:57:50,857][assert_api.py 15][INFO]: *************** 场景为：前台添加收货地址结束执行用例 ***************
[2021-09-17 09:03:18,654][assert_api.py 7][INFO]: *************** 场景为：前台会员登录开始执行用例 ***************
[2021-09-17 09:03:18,654][assert_api.py 15][INFO]: *************** 场景为：前台会员登录结束执行用例 ***************
[2021-09-17 09:03:18,696][assert_api.py 7][INFO]: *************** 场景为：前台获取验证码开始执行用例 ***************
[2021-09-17 09:03:18,696][assert_api.py 15][INFO]: *************** 场景为：前台获取验证码结束执行用例 ***************
[2021-09-17 09:03:18,772][assert_api.py 7][INFO]: *************** 场景为：前台注册开始执行用例 ***************
[2021-09-17 09:03:18,772][assert_api.py 15][INFO]: *************** 场景为：前台注册结束执行用例 ***************
[2021-09-17 09:03:18,824][assert_api.py 7][INFO]: *************** 场景为：前台添加收货地址开始执行用例 ***************
[2021-09-17 09:03:18,825][assert_api.py 15][INFO]: *************** 场景为：前台添加收货地址结束执行用例 ***************
[2021-09-17 09:04:15,482][assert_api.py 7][INFO]: *************** 正常登录开始执行用例 ***************
[2021-09-17 09:04:15,483][assert_api.py 15][INFO]: *************** 正常登录结束执行用例 ***************
[2021-09-17 09:04:15,542][assert_api.py 7][INFO]: *************** 正常登录开始执行用例 ***************
[2021-09-17 09:04:15,543][assert_api.py 15][INFO]: *************** 正常登录结束执行用例 ***************
[2021-09-17 09:04:15,740][assert_api.py 7][INFO]: *************** 场景为：前台会员登录开始执行用例 ***************
[2021-09-17 09:04:15,740][assert_api.py 15][INFO]: *************** 场景为：前台会员登录结束执行用例 ***************
[2021-09-17 09:04:15,799][assert_api.py 7][INFO]: *************** 场景为：前台获取验证码开始执行用例 ***************
[2021-09-17 09:04:15,800][assert_api.py 15][INFO]: *************** 场景为：前台获取验证码结束执行用例 ***************
[2021-09-17 09:04:15,904][assert_api.py 7][INFO]: *************** 场景为：前台注册开始执行用例 ***************
[2021-09-17 09:04:15,904][assert_api.py 15][INFO]: *************** 场景为：前台注册结束执行用例 ***************
[2021-09-17 09:04:15,948][assert_api.py 7][INFO]: *************** 场景为：前台添加收货地址开始执行用例 ***************
[2021-09-17 09:04:15,948][assert_api.py 15][INFO]: *************** 场景为：前台添加收货地址结束执行用例 ***************
[2021-09-17 09:04:26,999][assert_api.py 7][INFO]: *************** 单接口正常登录开始执行用例 ***************
[2021-09-17 09:04:26,999][assert_api.py 15][INFO]: *************** 单接口正常登录结束执行用例 ***************
[2021-09-17 09:04:27,042][assert_api.py 7][INFO]: *************** 单接口正常登录开始执行用例 ***************
[2021-09-17 09:04:27,042][assert_api.py 15][INFO]: *************** 单接口正常登录结束执行用例 ***************
[2021-09-17 09:04:27,220][assert_api.py 7][INFO]: *************** 场景为：前台会员登录开始执行用例 ***************
[2021-09-17 09:04:27,220][assert_api.py 15][INFO]: *************** 场景为：前台会员登录结束执行用例 ***************
[2021-09-17 09:04:27,267][assert_api.py 7][INFO]: *************** 场景为：前台获取验证码开始执行用例 ***************
[2021-09-17 09:04:27,267][assert_api.py 15][INFO]: *************** 场景为：前台获取验证码结束执行用例 ***************
[2021-09-17 09:04:27,350][assert_api.py 7][INFO]: *************** 场景为：前台注册开始执行用例 ***************
[2021-09-17 09:04:27,351][assert_api.py 15][INFO]: *************** 场景为：前台注册结束执行用例 ***************
[2021-09-17 09:04:27,402][assert_api.py 7][INFO]: *************** 场景为：前台添加收货地址开始执行用例 ***************
[2021-09-17 09:04:27,403][assert_api.py 15][INFO]: *************** 场景为：前台添加收货地址结束执行用例 ***************
[2021-09-17 09:05:41,015][assert_api.py 7][INFO]: *************** 单接口正常登录开始执行用例 ***************
[2021-09-17 09:05:41,015][assert_api.py 15][INFO]: *************** 单接口正常登录结束执行用例 ***************
[2021-09-17 09:05:41,071][assert_api.py 7][INFO]: *************** 单接口正常登录开始执行用例 ***************
[2021-09-17 09:05:41,071][assert_api.py 15][INFO]: *************** 单接口正常登录结束执行用例 ***************
[2021-09-17 09:05:41,226][assert_api.py 7][INFO]: *************** 场景为：前台会员登录开始执行用例 ***************
[2021-09-17 09:05:41,226][assert_api.py 15][INFO]: *************** 场景为：前台会员登录结束执行用例 ***************
[2021-09-17 09:05:41,311][assert_api.py 7][INFO]: *************** 场景为：前台获取验证码开始执行用例 ***************
[2021-09-17 09:05:41,311][assert_api.py 15][INFO]: *************** 场景为：前台获取验证码结束执行用例 ***************
[2021-09-17 09:05:41,527][assert_api.py 7][INFO]: *************** 场景为：前台注册开始执行用例 ***************
[2021-09-17 09:05:41,528][assert_api.py 15][INFO]: *************** 场景为：前台注册结束执行用例 ***************
[2021-09-17 09:05:41,639][assert_api.py 7][INFO]: *************** 场景为：前台添加收货地址开始执行用例 ***************
[2021-09-17 09:05:41,639][assert_api.py 15][INFO]: *************** 场景为：前台添加收货地址结束执行用例 ***************
[2021-09-17 09:06:09,694][assert_api.py 7][INFO]: *************** 单接口正常登录开始执行用例 ***************
[2021-09-17 09:06:09,695][assert_api.py 15][INFO]: *************** 单接口正常登录结束执行用例 ***************
[2021-09-17 09:06:09,769][assert_api.py 7][INFO]: *************** 单接口正常登录开始执行用例 ***************
[2021-09-17 09:06:09,769][assert_api.py 15][INFO]: *************** 单接口正常登录结束执行用例 ***************
[2021-09-17 09:06:09,835][assert_api.py 7][INFO]: *************** 场景为：前台会员登录开始执行用例 ***************
[2021-09-17 09:06:09,836][assert_api.py 15][INFO]: *************** 场景为：前台会员登录结束执行用例 ***************
[2021-09-17 09:06:09,901][assert_api.py 7][INFO]: *************** 场景为：前台获取验证码开始执行用例 ***************
[2021-09-17 09:06:09,901][assert_api.py 15][INFO]: *************** 场景为：前台获取验证码结束执行用例 ***************
[2021-09-17 09:06:10,069][assert_api.py 7][INFO]: *************** 场景为：前台注册开始执行用例 ***************
[2021-09-17 09:06:10,069][assert_api.py 15][INFO]: *************** 场景为：前台注册结束执行用例 ***************
[2021-09-17 09:06:10,161][assert_api.py 7][INFO]: *************** 场景为：前台添加收货地址开始执行用例 ***************
[2021-09-17 09:06:10,161][assert_api.py 15][INFO]: *************** 场景为：前台添加收货地址结束执行用例 ***************
[2021-09-17 09:06:55,303][assert_api.py 7][INFO]: *************** 单接口正常登录开始执行用例 ***************
[2021-09-17 09:06:55,303][assert_api.py 15][INFO]: *************** 单接口正常登录结束执行用例 ***************
[2021-09-17 09:06:55,363][assert_api.py 7][INFO]: *************** 单接口正常登录开始执行用例 ***************
[2021-09-17 09:06:55,363][assert_api.py 15][INFO]: *************** 单接口正常登录结束执行用例 ***************
[2021-09-17 09:06:55,426][assert_api.py 7][INFO]: *************** 场景为：前台会员登录开始执行用例 ***************
[2021-09-17 09:06:55,426][assert_api.py 15][INFO]: *************** 场景为：前台会员登录结束执行用例 ***************
[2021-09-17 09:06:55,474][assert_api.py 7][INFO]: *************** 场景为：前台获取验证码开始执行用例 ***************
[2021-09-17 09:06:55,474][assert_api.py 15][INFO]: *************** 场景为：前台获取验证码结束执行用例 ***************
[2021-09-17 09:06:55,583][assert_api.py 7][INFO]: *************** 场景为：前台注册开始执行用例 ***************
[2021-09-17 09:06:55,583][assert_api.py 15][INFO]: *************** 场景为：前台注册结束执行用例 ***************
[2021-09-17 09:06:55,626][assert_api.py 7][INFO]: *************** 场景为：前台添加收货地址开始执行用例 ***************
[2021-09-17 09:06:55,627][assert_api.py 15][INFO]: *************** 场景为：前台添加收货地址结束执行用例 ***************
[2021-09-17 09:07:30,461][assert_api.py 7][INFO]: *************** 单接口正常登录开始执行用例 ***************
[2021-09-17 09:07:30,461][assert_api.py 15][INFO]: *************** 单接口正常登录结束执行用例 ***************
[2021-09-17 09:07:30,512][assert_api.py 7][INFO]: *************** 单接口正常登录开始执行用例 ***************
[2021-09-17 09:07:30,512][assert_api.py 15][INFO]: *************** 单接口正常登录结束执行用例 ***************
[2021-09-17 09:07:30,571][assert_api.py 7][INFO]: *************** 场景为：前台会员登录开始执行用例 ***************
[2021-09-17 09:07:30,571][assert_api.py 15][INFO]: *************** 场景为：前台会员登录结束执行用例 ***************
[2021-09-17 09:07:30,602][assert_api.py 7][INFO]: *************** 场景为：前台获取验证码开始执行用例 ***************
[2021-09-17 09:07:30,602][assert_api.py 15][INFO]: *************** 场景为：前台获取验证码结束执行用例 ***************
[2021-09-17 09:07:30,683][assert_api.py 7][INFO]: *************** 场景为：前台注册开始执行用例 ***************
[2021-09-17 09:07:30,684][assert_api.py 15][INFO]: *************** 场景为：前台注册结束执行用例 ***************
[2021-09-17 09:07:30,733][assert_api.py 7][INFO]: *************** 场景为：前台添加收货地址开始执行用例 ***************
[2021-09-17 09:07:30,733][assert_api.py 15][INFO]: *************** 场景为：前台添加收货地址结束执行用例 ***************
[2021-09-17 09:07:47,618][assert_api.py 7][INFO]: *************** 单接口正常登录开始执行用例 ***************
[2021-09-17 09:07:47,618][assert_api.py 15][INFO]: *************** 单接口正常登录结束执行用例 ***************
[2021-09-17 09:07:47,656][assert_api.py 7][INFO]: *************** 单接口正常登录开始执行用例 ***************
[2021-09-17 09:07:47,656][assert_api.py 15][INFO]: *************** 单接口正常登录结束执行用例 ***************
[2021-09-17 09:07:47,813][assert_api.py 7][INFO]: *************** 场景为：前台会员登录开始执行用例 ***************
[2021-09-17 09:07:47,813][assert_api.py 15][INFO]: *************** 场景为：前台会员登录结束执行用例 ***************
[2021-09-17 09:07:47,849][assert_api.py 7][INFO]: *************** 场景为：前台获取验证码开始执行用例 ***************
[2021-09-17 09:07:47,849][assert_api.py 15][INFO]: *************** 场景为：前台获取验证码结束执行用例 ***************
[2021-09-17 09:07:47,944][assert_api.py 7][INFO]: *************** 场景为：前台注册开始执行用例 ***************
[2021-09-17 09:07:47,945][assert_api.py 15][INFO]: *************** 场景为：前台注册结束执行用例 ***************
[2021-09-17 09:07:47,987][assert_api.py 7][INFO]: *************** 场景为：前台添加收货地址开始执行用例 ***************
[2021-09-17 09:07:47,987][assert_api.py 15][INFO]: *************** 场景为：前台添加收货地址结束执行用例 ***************
[2021-09-17 09:07:56,701][assert_api.py 7][INFO]: *************** 单接口正常登录开始执行用例 ***************
[2021-09-17 09:07:56,702][assert_api.py 15][INFO]: *************** 单接口正常登录结束执行用例 ***************
[2021-09-17 09:07:56,749][assert_api.py 7][INFO]: *************** 单接口正常登录开始执行用例 ***************
[2021-09-17 09:07:56,749][assert_api.py 15][INFO]: *************** 单接口正常登录结束执行用例 ***************
[2021-09-17 09:07:56,971][assert_api.py 7][INFO]: *************** 场景为：前台会员登录开始执行用例 ***************
[2021-09-17 09:07:56,971][assert_api.py 15][INFO]: *************** 场景为：前台会员登录结束执行用例 ***************
[2021-09-17 09:07:57,128][assert_api.py 7][INFO]: *************** 场景为：前台获取验证码开始执行用例 ***************
[2021-09-17 09:07:57,128][assert_api.py 15][INFO]: *************** 场景为：前台获取验证码结束执行用例 ***************
[2021-09-17 09:07:57,280][assert_api.py 7][INFO]: *************** 场景为：前台注册开始执行用例 ***************
[2021-09-17 09:07:57,281][assert_api.py 15][INFO]: *************** 场景为：前台注册结束执行用例 ***************
[2021-09-17 09:07:57,328][assert_api.py 7][INFO]: *************** 场景为：前台添加收货地址开始执行用例 ***************
[2021-09-17 09:07:57,328][assert_api.py 15][INFO]: *************** 场景为：前台添加收货地址结束执行用例 ***************
[2021-09-17 09:08:10,073][assert_api.py 7][INFO]: *************** 单接口正常登录开始执行用例 ***************
[2021-09-17 09:08:10,073][assert_api.py 15][INFO]: *************** 单接口正常登录结束执行用例 ***************
[2021-09-17 09:08:10,145][assert_api.py 7][INFO]: *************** 单接口正常登录开始执行用例 ***************
[2021-09-17 09:08:10,146][assert_api.py 15][INFO]: *************** 单接口正常登录结束执行用例 ***************
[2021-09-17 09:08:10,316][assert_api.py 7][INFO]: *************** 场景为：前台会员登录开始执行用例 ***************
[2021-09-17 09:08:10,316][assert_api.py 15][INFO]: *************** 场景为：前台会员登录结束执行用例 ***************
[2021-09-17 09:08:10,370][assert_api.py 7][INFO]: *************** 场景为：前台获取验证码开始执行用例 ***************
[2021-09-17 09:08:10,370][assert_api.py 15][INFO]: *************** 场景为：前台获取验证码结束执行用例 ***************
[2021-09-17 09:08:10,461][assert_api.py 7][INFO]: *************** 场景为：前台注册开始执行用例 ***************
[2021-09-17 09:08:10,461][assert_api.py 15][INFO]: *************** 场景为：前台注册结束执行用例 ***************
[2021-09-17 09:08:10,513][assert_api.py 7][INFO]: *************** 场景为：前台添加收货地址开始执行用例 ***************
[2021-09-17 09:08:10,513][assert_api.py 15][INFO]: *************** 场景为：前台添加收货地址结束执行用例 ***************
[2021-09-17 09:08:37,633][assert_api.py 7][INFO]: *************** 单接口正常登录开始执行用例 ***************
[2021-09-17 09:08:37,634][assert_api.py 15][INFO]: *************** 单接口正常登录结束执行用例 ***************
[2021-09-17 09:08:37,685][assert_api.py 7][INFO]: *************** 单接口正常登录开始执行用例 ***************
[2021-09-17 09:08:37,685][assert_api.py 15][INFO]: *************** 单接口正常登录结束执行用例 ***************
[2021-09-17 09:08:37,740][assert_api.py 7][INFO]: *************** 场景为：前台会员登录开始执行用例 ***************
[2021-09-17 09:08:37,740][assert_api.py 15][INFO]: *************** 场景为：前台会员登录结束执行用例 ***************
[2021-09-17 09:08:37,791][assert_api.py 7][INFO]: *************** 场景为：前台获取验证码开始执行用例 ***************
[2021-09-17 09:08:37,791][assert_api.py 15][INFO]: *************** 场景为：前台获取验证码结束执行用例 ***************
[2021-09-17 09:08:37,874][assert_api.py 7][INFO]: *************** 场景为：前台注册开始执行用例 ***************
[2021-09-17 09:08:37,874][assert_api.py 15][INFO]: *************** 场景为：前台注册结束执行用例 ***************
[2021-09-17 09:08:37,911][assert_api.py 7][INFO]: *************** 场景为：前台添加收货地址开始执行用例 ***************
[2021-09-17 09:08:37,911][assert_api.py 15][INFO]: *************** 场景为：前台添加收货地址结束执行用例 ***************
[2021-09-17 09:10:30,874][assert_api.py 7][INFO]: *************** 单接口正常登录开始执行用例 ***************
[2021-09-17 09:10:30,875][assert_api.py 15][INFO]: *************** 单接口正常登录结束执行用例 ***************
[2021-09-17 09:10:31,009][assert_api.py 7][INFO]: *************** 单接口正常登录开始执行用例 ***************
[2021-09-17 09:10:31,009][assert_api.py 15][INFO]: *************** 单接口正常登录结束执行用例 ***************
[2021-09-17 09:10:31,071][assert_api.py 7][INFO]: *************** 场景为：前台会员登录开始执行用例 ***************
[2021-09-17 09:10:31,072][assert_api.py 15][INFO]: *************** 场景为：前台会员登录结束执行用例 ***************
[2021-09-17 09:10:31,148][assert_api.py 7][INFO]: *************** 场景为：前台获取验证码开始执行用例 ***************
[2021-09-17 09:10:31,148][assert_api.py 15][INFO]: *************** 场景为：前台获取验证码结束执行用例 ***************
[2021-09-17 09:10:31,243][assert_api.py 7][INFO]: *************** 场景为：前台注册开始执行用例 ***************
[2021-09-17 09:10:31,244][assert_api.py 15][INFO]: *************** 场景为：前台注册结束执行用例 ***************
[2021-09-17 09:10:31,299][assert_api.py 7][INFO]: *************** 场景为：前台添加收货地址开始执行用例 ***************
[2021-09-17 09:10:31,299][assert_api.py 15][INFO]: *************** 场景为：前台添加收货地址结束执行用例 ***************
[2021-09-17 09:13:17,603][assert_api.py 7][INFO]: *************** 单接口正常登录开始执行用例 ***************
[2021-09-17 09:13:17,603][assert_api.py 15][INFO]: *************** 单接口正常登录结束执行用例 ***************
[2021-09-17 09:13:17,648][assert_api.py 7][INFO]: *************** 单接口正常登录开始执行用例 ***************
[2021-09-17 09:13:17,649][assert_api.py 15][INFO]: *************** 单接口正常登录结束执行用例 ***************
[2021-09-17 09:13:17,711][assert_api.py 7][INFO]: *************** 场景为：前台会员登录开始执行用例 ***************
[2021-09-17 09:13:17,711][assert_api.py 15][INFO]: *************** 场景为：前台会员登录结束执行用例 ***************
[2021-09-17 09:13:17,752][assert_api.py 7][INFO]: *************** 场景为：前台获取验证码开始执行用例 ***************
[2021-09-17 09:13:17,752][assert_api.py 15][INFO]: *************** 场景为：前台获取验证码结束执行用例 ***************
[2021-09-17 09:13:17,834][assert_api.py 7][INFO]: *************** 场景为：前台注册开始执行用例 ***************
[2021-09-17 09:13:17,834][assert_api.py 15][INFO]: *************** 场景为：前台注册结束执行用例 ***************
[2021-09-17 09:13:17,877][assert_api.py 7][INFO]: *************** 场景为：前台添加收货地址开始执行用例 ***************
[2021-09-17 09:13:17,877][assert_api.py 15][INFO]: *************** 场景为：前台添加收货地址结束执行用例 ***************
[2021-09-17 09:14:02,762][assert_api.py 7][INFO]: *************** 单接口正常登录开始执行用例 ***************
[2021-09-17 09:14:02,762][assert_api.py 15][INFO]: *************** 单接口正常登录结束执行用例 ***************
[2021-09-17 09:14:02,801][assert_api.py 7][INFO]: *************** 单接口正常登录开始执行用例 ***************
[2021-09-17 09:14:02,801][assert_api.py 15][INFO]: *************** 单接口正常登录结束执行用例 ***************
[2021-09-17 09:14:02,866][assert_api.py 7][INFO]: *************** 场景为：前台会员登录开始执行用例 ***************
[2021-09-17 09:14:02,866][assert_api.py 15][INFO]: *************** 场景为：前台会员登录结束执行用例 ***************
[2021-09-17 09:14:02,909][assert_api.py 7][INFO]: *************** 场景为：前台获取验证码开始执行用例 ***************
[2021-09-17 09:14:02,909][assert_api.py 15][INFO]: *************** 场景为：前台获取验证码结束执行用例 ***************
[2021-09-17 09:14:02,992][assert_api.py 7][INFO]: *************** 场景为：前台注册开始执行用例 ***************
[2021-09-17 09:14:02,993][assert_api.py 15][INFO]: *************** 场景为：前台注册结束执行用例 ***************
[2021-09-17 09:14:03,028][assert_api.py 7][INFO]: *************** 场景为：前台添加收货地址开始执行用例 ***************
[2021-09-17 09:14:03,028][assert_api.py 15][INFO]: *************** 场景为：前台添加收货地址结束执行用例 ***************
[2021-09-17 09:16:10,918][assert_api.py 7][INFO]: *************** 单接口正常登录开始执行用例 ***************
[2021-09-17 09:16:10,918][assert_api.py 15][INFO]: *************** 单接口正常登录结束执行用例 ***************
[2021-09-17 09:16:10,974][assert_api.py 7][INFO]: *************** 单接口正常登录开始执行用例 ***************
[2021-09-17 09:16:10,974][assert_api.py 15][INFO]: *************** 单接口正常登录结束执行用例 ***************
[2021-09-17 09:16:11,153][assert_api.py 7][INFO]: *************** 场景为：前台会员登录开始执行用例 ***************
[2021-09-17 09:16:11,153][assert_api.py 15][INFO]: *************** 场景为：前台会员登录结束执行用例 ***************
[2021-09-17 09:16:11,189][assert_api.py 7][INFO]: *************** 场景为：前台获取验证码开始执行用例 ***************
[2021-09-17 09:16:11,189][assert_api.py 15][INFO]: *************** 场景为：前台获取验证码结束执行用例 ***************
[2021-09-17 09:16:11,283][assert_api.py 7][INFO]: *************** 场景为：前台注册开始执行用例 ***************
[2021-09-17 09:16:11,283][assert_api.py 15][INFO]: *************** 场景为：前台注册结束执行用例 ***************
[2021-09-17 09:16:11,342][assert_api.py 7][INFO]: *************** 场景为：前台添加收货地址开始执行用例 ***************
[2021-09-17 09:16:11,342][assert_api.py 15][INFO]: *************** 场景为：前台添加收货地址结束执行用例 ***************
[2021-09-17 09:18:45,216][assert_api.py 7][INFO]: *************** 场景为：前台会员登录开始执行用例 ***************
[2021-09-17 09:18:45,216][assert_api.py 15][INFO]: *************** 场景为：前台会员登录结束执行用例 ***************
[2021-09-17 09:18:45,262][assert_api.py 7][INFO]: *************** 场景为：前台获取验证码开始执行用例 ***************
[2021-09-17 09:18:45,262][assert_api.py 15][INFO]: *************** 场景为：前台获取验证码结束执行用例 ***************
[2021-09-17 09:18:45,337][assert_api.py 7][INFO]: *************** 场景为：前台注册开始执行用例 ***************
[2021-09-17 09:18:45,338][assert_api.py 15][INFO]: *************** 场景为：前台注册结束执行用例 ***************
[2021-09-17 09:18:45,379][assert_api.py 7][INFO]: *************** 场景为：前台添加收货地址开始执行用例 ***************
[2021-09-17 09:18:45,379][assert_api.py 15][INFO]: *************** 场景为：前台添加收货地址结束执行用例 ***************
[2021-09-17 09:18:53,425][assert_api.py 7][INFO]: *************** 单接口正常登录开始执行用例 ***************
[2021-09-17 09:18:53,425][assert_api.py 15][INFO]: *************** 单接口正常登录结束执行用例 ***************
[2021-09-17 09:18:53,482][assert_api.py 7][INFO]: *************** 单接口正常登录开始执行用例 ***************
[2021-09-17 09:18:53,482][assert_api.py 15][INFO]: *************** 单接口正常登录结束执行用例 ***************
[2021-09-17 09:18:53,652][assert_api.py 7][INFO]: *************** 场景为：前台会员登录开始执行用例 ***************
[2021-09-17 09:18:53,652][assert_api.py 15][INFO]: *************** 场景为：前台会员登录结束执行用例 ***************
[2021-09-17 09:18:53,746][assert_api.py 7][INFO]: *************** 场景为：前台获取验证码开始执行用例 ***************
[2021-09-17 09:18:53,746][assert_api.py 15][INFO]: *************** 场景为：前台获取验证码结束执行用例 ***************
[2021-09-17 09:18:53,844][assert_api.py 7][INFO]: *************** 场景为：前台注册开始执行用例 ***************
[2021-09-17 09:18:53,844][assert_api.py 15][INFO]: *************** 场景为：前台注册结束执行用例 ***************
[2021-09-17 09:18:53,883][assert_api.py 7][INFO]: *************** 场景为：前台添加收货地址开始执行用例 ***************
[2021-09-17 09:18:53,884][assert_api.py 15][INFO]: *************** 场景为：前台添加收货地址结束执行用例 ***************
[2021-09-17 09:19:31,919][assert_api.py 7][INFO]: *************** 单接口正常登录开始执行用例 ***************
[2021-09-17 09:19:31,919][assert_api.py 15][INFO]: *************** 单接口正常登录结束执行用例 ***************
[2021-09-17 09:19:31,998][assert_api.py 7][INFO]: *************** 单接口正常登录开始执行用例 ***************
[2021-09-17 09:19:31,998][assert_api.py 15][INFO]: *************** 单接口正常登录结束执行用例 ***************
[2021-09-17 09:19:48,478][assert_api.py 7][INFO]: *************** 单接口正常登录开始执行用例 ***************
[2021-09-17 09:19:48,478][assert_api.py 15][INFO]: *************** 单接口正常登录结束执行用例 ***************
[2021-09-17 09:19:48,692][assert_api.py 7][INFO]: *************** 单接口正常登录开始执行用例 ***************
[2021-09-17 09:19:48,692][assert_api.py 15][INFO]: *************** 单接口正常登录结束执行用例 ***************
[2021-09-17 09:19:49,201][assert_api.py 7][INFO]: *************** 场景为：前台会员登录开始执行用例 ***************
[2021-09-17 09:19:49,201][assert_api.py 15][INFO]: *************** 场景为：前台会员登录结束执行用例 ***************
[2021-09-17 09:19:49,275][assert_api.py 7][INFO]: *************** 场景为：前台获取验证码开始执行用例 ***************
[2021-09-17 09:19:49,276][assert_api.py 15][INFO]: *************** 场景为：前台获取验证码结束执行用例 ***************
[2021-09-17 09:19:49,587][assert_api.py 7][INFO]: *************** 场景为：前台注册开始执行用例 ***************
[2021-09-17 09:19:49,587][assert_api.py 15][INFO]: *************** 场景为：前台注册结束执行用例 ***************
[2021-09-17 10:26:00,362][assert_api.py 7][INFO]: *************** 单接口正常登录开始执行用例 ***************
[2021-09-17 10:26:00,362][assert_api.py 15][INFO]: *************** 单接口正常登录结束执行用例 ***************
[2021-09-17 10:26:00,528][assert_api.py 7][INFO]: *************** 单接口正常登录开始执行用例 ***************
[2021-09-17 10:26:00,528][assert_api.py 15][INFO]: *************** 单接口正常登录结束执行用例 ***************
[2021-09-17 10:26:01,218][assert_api.py 7][INFO]: *************** 场景为：前台会员登录开始执行用例 ***************
[2021-09-17 10:26:01,218][assert_api.py 15][INFO]: *************** 场景为：前台会员登录结束执行用例 ***************
[2021-09-17 10:26:01,407][assert_api.py 7][INFO]: *************** 场景为：前台获取验证码开始执行用例 ***************
[2021-09-17 10:26:01,408][assert_api.py 15][INFO]: *************** 场景为：前台获取验证码结束执行用例 ***************
[2021-09-17 10:26:01,668][assert_api.py 7][INFO]: *************** 场景为：前台注册开始执行用例 ***************
[2021-09-17 10:26:01,669][assert_api.py 15][INFO]: *************** 场景为：前台注册结束执行用例 ***************
[2021-09-17 10:26:01,781][assert_api.py 7][INFO]: *************** 场景为：前台添加收货地址开始执行用例 ***************
[2021-09-17 10:26:01,781][assert_api.py 15][INFO]: *************** 场景为：前台添加收货地址结束执行用例 ***************
[2021-09-17 10:26:34,387][assert_api.py 7][INFO]: *************** 单接口正常登录开始执行用例 ***************
[2021-09-17 10:26:34,387][assert_api.py 15][INFO]: *************** 单接口正常登录结束执行用例 ***************
[2021-09-17 10:26:34,428][assert_api.py 7][INFO]: *************** 单接口正常登录开始执行用例 ***************
[2021-09-17 10:26:34,428][assert_api.py 15][INFO]: *************** 单接口正常登录结束执行用例 ***************
[2021-09-17 10:26:34,577][assert_api.py 7][INFO]: *************** 场景为：前台会员登录开始执行用例 ***************
[2021-09-17 10:26:34,577][assert_api.py 15][INFO]: *************** 场景为：前台会员登录结束执行用例 ***************
[2021-09-17 10:26:34,623][assert_api.py 7][INFO]: *************** 场景为：前台获取验证码开始执行用例 ***************
[2021-09-17 10:26:34,623][assert_api.py 15][INFO]: *************** 场景为：前台获取验证码结束执行用例 ***************
[2021-09-17 10:26:34,705][assert_api.py 7][INFO]: *************** 场景为：前台注册开始执行用例 ***************
[2021-09-17 10:26:34,705][assert_api.py 15][INFO]: *************** 场景为：前台注册结束执行用例 ***************
[2021-09-17 10:26:34,752][assert_api.py 7][INFO]: *************** 场景为：前台添加收货地址开始执行用例 ***************
[2021-09-17 10:26:34,752][assert_api.py 15][INFO]: *************** 场景为：前台添加收货地址结束执行用例 ***************
[2021-09-17 10:27:05,411][assert_api.py 7][INFO]: *************** 单接口正常登录开始执行用例 ***************
[2021-09-17 10:27:05,411][assert_api.py 15][INFO]: *************** 单接口正常登录结束执行用例 ***************
[2021-09-17 10:27:05,462][assert_api.py 7][INFO]: *************** 单接口正常登录开始执行用例 ***************
[2021-09-17 10:27:05,462][assert_api.py 15][INFO]: *************** 单接口正常登录结束执行用例 ***************
[2021-09-17 10:27:05,618][assert_api.py 7][INFO]: *************** 场景为：前台会员登录开始执行用例 ***************
[2021-09-17 10:27:05,618][assert_api.py 15][INFO]: *************** 场景为：前台会员登录结束执行用例 ***************
[2021-09-17 10:27:05,665][assert_api.py 7][INFO]: *************** 场景为：前台获取验证码开始执行用例 ***************
[2021-09-17 10:27:05,665][assert_api.py 15][INFO]: *************** 场景为：前台获取验证码结束执行用例 ***************
[2021-09-17 10:27:05,758][assert_api.py 7][INFO]: *************** 场景为：前台注册开始执行用例 ***************
[2021-09-17 10:27:05,758][assert_api.py 15][INFO]: *************** 场景为：前台注册结束执行用例 ***************
[2021-09-17 10:27:05,795][assert_api.py 7][INFO]: *************** 场景为：前台添加收货地址开始执行用例 ***************
[2021-09-17 10:27:05,795][assert_api.py 15][INFO]: *************** 场景为：前台添加收货地址结束执行用例 ***************
[2021-09-17 10:28:59,182][assert_api.py 7][INFO]: *************** 单接口正常登录开始执行用例 ***************
[2021-09-17 10:28:59,182][assert_api.py 15][INFO]: *************** 单接口正常登录结束执行用例 ***************
[2021-09-17 10:28:59,247][assert_api.py 7][INFO]: *************** 单接口正常登录开始执行用例 ***************
[2021-09-17 10:28:59,247][assert_api.py 15][INFO]: *************** 单接口正常登录结束执行用例 ***************
[2021-09-17 10:28:59,397][assert_api.py 7][INFO]: *************** 场景为：前台会员登录开始执行用例 ***************
[2021-09-17 10:28:59,398][assert_api.py 15][INFO]: *************** 场景为：前台会员登录结束执行用例 ***************
[2021-09-17 10:28:59,440][assert_api.py 7][INFO]: *************** 场景为：前台获取验证码开始执行用例 ***************
[2021-09-17 10:28:59,440][assert_api.py 15][INFO]: *************** 场景为：前台获取验证码结束执行用例 ***************
[2021-09-17 10:28:59,528][assert_api.py 7][INFO]: *************** 场景为：前台注册开始执行用例 ***************
[2021-09-17 10:28:59,528][assert_api.py 15][INFO]: *************** 场景为：前台注册结束执行用例 ***************
[2021-09-17 10:28:59,586][assert_api.py 7][INFO]: *************** 场景为：前台添加收货地址开始执行用例 ***************
[2021-09-17 10:28:59,586][assert_api.py 15][INFO]: *************** 场景为：前台添加收货地址结束执行用例 ***************
[2021-09-17 10:30:30,152][assert_api.py 7][INFO]: *************** 单接口正常登录开始执行用例 ***************
[2021-09-17 10:30:30,153][assert_api.py 15][INFO]: *************** 单接口正常登录结束执行用例 ***************
[2021-09-17 10:30:30,232][assert_api.py 7][INFO]: *************** 单接口正常登录开始执行用例 ***************
[2021-09-17 10:30:30,233][assert_api.py 15][INFO]: *************** 单接口正常登录结束执行用例 ***************
[2021-09-17 10:30:30,379][assert_api.py 7][INFO]: *************** 场景为：前台会员登录开始执行用例 ***************
[2021-09-17 10:30:30,379][assert_api.py 15][INFO]: *************** 场景为：前台会员登录结束执行用例 ***************
[2021-09-17 10:30:30,415][assert_api.py 7][INFO]: *************** 场景为：前台获取验证码开始执行用例 ***************
[2021-09-17 10:30:30,415][assert_api.py 15][INFO]: *************** 场景为：前台获取验证码结束执行用例 ***************
[2021-09-17 10:30:30,508][assert_api.py 7][INFO]: *************** 场景为：前台注册开始执行用例 ***************
[2021-09-17 10:30:30,508][assert_api.py 15][INFO]: *************** 场景为：前台注册结束执行用例 ***************
[2021-09-17 10:30:30,546][assert_api.py 7][INFO]: *************** 场景为：前台添加收货地址开始执行用例 ***************
[2021-09-17 10:30:30,546][assert_api.py 15][INFO]: *************** 场景为：前台添加收货地址结束执行用例 ***************
[2021-09-17 10:31:26,120][assert_api.py 7][INFO]: *************** 单接口正常登录开始执行用例 ***************
[2021-09-17 10:31:26,120][assert_api.py 15][INFO]: *************** 单接口正常登录结束执行用例 ***************
[2021-09-17 10:31:26,176][assert_api.py 7][INFO]: *************** 单接口正常登录开始执行用例 ***************
[2021-09-17 10:31:26,177][assert_api.py 15][INFO]: *************** 单接口正常登录结束执行用例 ***************
[2021-09-17 10:31:26,321][assert_api.py 7][INFO]: *************** 场景为：前台会员登录开始执行用例 ***************
[2021-09-17 10:31:26,321][assert_api.py 15][INFO]: *************** 场景为：前台会员登录结束执行用例 ***************
[2021-09-17 10:31:26,364][assert_api.py 7][INFO]: *************** 场景为：前台获取验证码开始执行用例 ***************
[2021-09-17 10:31:26,364][assert_api.py 15][INFO]: *************** 场景为：前台获取验证码结束执行用例 ***************
[2021-09-17 10:31:26,442][assert_api.py 7][INFO]: *************** 场景为：前台注册开始执行用例 ***************
[2021-09-17 10:31:26,442][assert_api.py 15][INFO]: *************** 场景为：前台注册结束执行用例 ***************
[2021-09-17 10:31:26,481][assert_api.py 7][INFO]: *************** 场景为：前台添加收货地址开始执行用例 ***************
[2021-09-17 10:31:26,481][assert_api.py 15][INFO]: *************** 场景为：前台添加收货地址结束执行用例 ***************
[2021-09-17 10:42:57,858][assert_api.py 7][INFO]: *************** 单接口正常登录开始执行用例 ***************
[2021-09-17 10:42:57,858][assert_api.py 15][INFO]: *************** 单接口正常登录结束执行用例 ***************
[2021-09-17 10:42:57,941][assert_api.py 7][INFO]: *************** 单接口正常登录开始执行用例 ***************
[2021-09-17 10:42:57,941][assert_api.py 15][INFO]: *************** 单接口正常登录结束执行用例 ***************
[2021-09-17 10:42:58,254][assert_api.py 7][INFO]: *************** 场景为：前台会员登录开始执行用例 ***************
[2021-09-17 10:42:58,255][assert_api.py 15][INFO]: *************** 场景为：前台会员登录结束执行用例 ***************
[2021-09-17 10:42:58,367][assert_api.py 7][INFO]: *************** 场景为：前台获取验证码开始执行用例 ***************
[2021-09-17 10:42:58,367][assert_api.py 15][INFO]: *************** 场景为：前台获取验证码结束执行用例 ***************
[2021-09-17 10:42:58,607][assert_api.py 7][INFO]: *************** 场景为：前台注册开始执行用例 ***************
[2021-09-17 10:42:58,607][assert_api.py 15][INFO]: *************** 场景为：前台注册结束执行用例 ***************
[2021-09-17 10:42:58,661][assert_api.py 7][INFO]: *************** 场景为：前台添加收货地址开始执行用例 ***************
[2021-09-17 10:42:58,662][assert_api.py 15][INFO]: *************** 场景为：前台添加收货地址结束执行用例 ***************
[2021-09-17 11:05:19,162][assert_api.py 7][INFO]: *************** 单接口正常登录开始执行用例 ***************
[2021-09-17 11:05:19,162][assert_api.py 15][INFO]: *************** 单接口正常登录结束执行用例 ***************
[2021-09-17 11:05:19,213][assert_api.py 7][INFO]: *************** 单接口正常登录开始执行用例 ***************
[2021-09-17 11:05:19,213][assert_api.py 15][INFO]: *************** 单接口正常登录结束执行用例 ***************
[2021-09-17 11:05:19,349][assert_api.py 7][INFO]: *************** 场景为：前台会员登录开始执行用例 ***************
[2021-09-17 11:05:19,349][assert_api.py 15][INFO]: *************** 场景为：前台会员登录结束执行用例 ***************
[2021-09-17 11:05:19,393][assert_api.py 7][INFO]: *************** 场景为：前台获取验证码开始执行用例 ***************
[2021-09-17 11:05:19,394][assert_api.py 15][INFO]: *************** 场景为：前台获取验证码结束执行用例 ***************
[2021-09-17 11:05:19,496][assert_api.py 7][INFO]: *************** 场景为：前台注册开始执行用例 ***************
[2021-09-17 11:05:19,496][assert_api.py 15][INFO]: *************** 场景为：前台注册结束执行用例 ***************
[2021-09-17 11:05:19,542][assert_api.py 7][INFO]: *************** 场景为：前台添加收货地址开始执行用例 ***************
[2021-09-17 11:05:19,542][assert_api.py 15][INFO]: *************** 场景为：前台添加收货地址结束执行用例 ***************
[2021-09-17 11:11:29,015][assert_api.py 7][INFO]: *************** 单接口正常登录开始执行用例 ***************
[2021-09-17 11:11:29,016][assert_api.py 15][INFO]: *************** 单接口正常登录结束执行用例 ***************
[2021-09-17 11:11:29,073][assert_api.py 7][INFO]: *************** 单接口正常登录开始执行用例 ***************
[2021-09-17 11:11:29,073][assert_api.py 15][INFO]: *************** 单接口正常登录结束执行用例 ***************
[2021-09-17 11:11:29,215][assert_api.py 7][INFO]: *************** 场景为：前台会员登录开始执行用例 ***************
[2021-09-17 11:11:29,216][assert_api.py 15][INFO]: *************** 场景为：前台会员登录结束执行用例 ***************
[2021-09-17 11:11:29,252][assert_api.py 7][INFO]: *************** 场景为：前台获取验证码开始执行用例 ***************
[2021-09-17 11:11:29,252][assert_api.py 15][INFO]: *************** 场景为：前台获取验证码结束执行用例 ***************
[2021-09-17 11:11:29,328][assert_api.py 7][INFO]: *************** 场景为：前台注册开始执行用例 ***************
[2021-09-17 11:11:29,329][assert_api.py 15][INFO]: *************** 场景为：前台注册结束执行用例 ***************
[2021-09-17 11:11:29,369][assert_api.py 7][INFO]: *************** 场景为：前台添加收货地址开始执行用例 ***************
[2021-09-17 11:11:29,369][assert_api.py 15][INFO]: *************** 场景为：前台添加收货地址结束执行用例 ***************
[2021-09-17 11:11:57,406][assert_api.py 7][INFO]: *************** 单接口正常登录开始执行用例 ***************
[2021-09-17 11:11:57,407][assert_api.py 15][INFO]: *************** 单接口正常登录结束执行用例 ***************
[2021-09-17 11:11:57,473][assert_api.py 7][INFO]: *************** 单接口正常登录开始执行用例 ***************
[2021-09-17 11:11:57,474][assert_api.py 15][INFO]: *************** 单接口正常登录结束执行用例 ***************
[2021-09-17 11:11:57,658][assert_api.py 7][INFO]: *************** 场景为：前台会员登录开始执行用例 ***************
[2021-09-17 11:11:57,658][assert_api.py 15][INFO]: *************** 场景为：前台会员登录结束执行用例 ***************
[2021-09-17 11:11:57,693][assert_api.py 7][INFO]: *************** 场景为：前台获取验证码开始执行用例 ***************
[2021-09-17 11:11:57,694][assert_api.py 15][INFO]: *************** 场景为：前台获取验证码结束执行用例 ***************
[2021-09-17 11:11:57,780][assert_api.py 7][INFO]: *************** 场景为：前台注册开始执行用例 ***************
[2021-09-17 11:11:57,780][assert_api.py 15][INFO]: *************** 场景为：前台注册结束执行用例 ***************
[2021-09-17 11:11:57,824][assert_api.py 7][INFO]: *************** 场景为：前台添加收货地址开始执行用例 ***************
[2021-09-17 11:11:57,824][assert_api.py 15][INFO]: *************** 场景为：前台添加收货地址结束执行用例 ***************
[2021-09-17 11:12:40,073][assert_api.py 7][INFO]: *************** 单接口正常登录开始执行用例 ***************
[2021-09-17 11:12:40,074][assert_api.py 15][INFO]: *************** 单接口正常登录结束执行用例 ***************
[2021-09-17 11:12:40,123][assert_api.py 7][INFO]: *************** 单接口正常登录开始执行用例 ***************
[2021-09-17 11:12:40,123][assert_api.py 15][INFO]: *************** 单接口正常登录结束执行用例 ***************
[2021-09-17 11:12:40,261][assert_api.py 7][INFO]: *************** 场景为：前台会员登录开始执行用例 ***************
[2021-09-17 11:12:40,261][assert_api.py 15][INFO]: *************** 场景为：前台会员登录结束执行用例 ***************
[2021-09-17 11:12:40,304][assert_api.py 7][INFO]: *************** 场景为：前台获取验证码开始执行用例 ***************
[2021-09-17 11:12:40,304][assert_api.py 15][INFO]: *************** 场景为：前台获取验证码结束执行用例 ***************
[2021-09-17 11:12:40,386][assert_api.py 7][INFO]: *************** 场景为：前台注册开始执行用例 ***************
[2021-09-17 11:12:40,387][assert_api.py 15][INFO]: *************** 场景为：前台注册结束执行用例 ***************
[2021-09-17 11:12:40,425][assert_api.py 7][INFO]: *************** 场景为：前台添加收货地址开始执行用例 ***************
[2021-09-17 11:12:40,425][assert_api.py 15][INFO]: *************** 场景为：前台添加收货地址结束执行用例 ***************
[2021-09-17 11:26:31,278][assert_api.py 7][INFO]: *************** 单接口正常登录开始执行用例 ***************
[2021-09-17 11:26:31,278][assert_api.py 15][INFO]: *************** 单接口正常登录结束执行用例 ***************
[2021-09-17 11:26:31,336][assert_api.py 7][INFO]: *************** 单接口正常登录开始执行用例 ***************
[2021-09-17 11:26:31,336][assert_api.py 15][INFO]: *************** 单接口正常登录结束执行用例 ***************
[2021-09-17 11:26:31,492][assert_api.py 7][INFO]: *************** 场景为：前台会员登录开始执行用例 ***************
[2021-09-17 11:26:31,492][assert_api.py 15][INFO]: *************** 场景为：前台会员登录结束执行用例 ***************
[2021-09-17 11:26:31,532][assert_api.py 7][INFO]: *************** 场景为：前台获取验证码开始执行用例 ***************
[2021-09-17 11:26:31,532][assert_api.py 15][INFO]: *************** 场景为：前台获取验证码结束执行用例 ***************
[2021-09-17 11:26:31,623][assert_api.py 7][INFO]: *************** 场景为：前台注册开始执行用例 ***************
[2021-09-17 11:26:31,623][assert_api.py 15][INFO]: *************** 场景为：前台注册结束执行用例 ***************
[2021-09-17 11:26:31,663][assert_api.py 7][INFO]: *************** 场景为：前台添加收货地址开始执行用例 ***************
[2021-09-17 11:26:31,663][assert_api.py 15][INFO]: *************** 场景为：前台添加收货地址结束执行用例 ***************
[2021-09-17 11:27:07,876][assert_api.py 7][INFO]: *************** 单接口正常登录开始执行用例 ***************
[2021-09-17 11:27:07,876][assert_api.py 15][INFO]: *************** 单接口正常登录结束执行用例 ***************
[2021-09-17 11:27:07,938][assert_api.py 7][INFO]: *************** 单接口正常登录开始执行用例 ***************
[2021-09-17 11:27:07,939][assert_api.py 15][INFO]: *************** 单接口正常登录结束执行用例 ***************
[2021-09-17 11:27:08,084][assert_api.py 7][INFO]: *************** 场景为：前台会员登录开始执行用例 ***************
[2021-09-17 11:27:08,084][assert_api.py 15][INFO]: *************** 场景为：前台会员登录结束执行用例 ***************
[2021-09-17 11:27:08,123][assert_api.py 7][INFO]: *************** 场景为：前台获取验证码开始执行用例 ***************
[2021-09-17 11:27:08,123][assert_api.py 15][INFO]: *************** 场景为：前台获取验证码结束执行用例 ***************
[2021-09-17 11:27:08,258][assert_api.py 7][INFO]: *************** 场景为：前台注册开始执行用例 ***************
[2021-09-17 11:27:08,259][assert_api.py 15][INFO]: *************** 场景为：前台注册结束执行用例 ***************
[2021-09-17 11:27:08,304][assert_api.py 7][INFO]: *************** 场景为：前台添加收货地址开始执行用例 ***************
[2021-09-17 11:27:08,305][assert_api.py 15][INFO]: *************** 场景为：前台添加收货地址结束执行用例 ***************
[2021-09-17 11:27:44,254][assert_api.py 7][INFO]: *************** 单接口正常登录开始执行用例 ***************
[2021-09-17 11:27:44,255][assert_api.py 15][INFO]: *************** 单接口正常登录结束执行用例 ***************
[2021-09-17 11:27:44,307][assert_api.py 7][INFO]: *************** 单接口正常登录开始执行用例 ***************
[2021-09-17 11:27:44,308][assert_api.py 15][INFO]: *************** 单接口正常登录结束执行用例 ***************
[2021-09-17 11:27:44,453][assert_api.py 7][INFO]: *************** 场景为：前台会员登录开始执行用例 ***************
[2021-09-17 11:27:44,453][assert_api.py 15][INFO]: *************** 场景为：前台会员登录结束执行用例 ***************
[2021-09-17 11:27:44,488][assert_api.py 7][INFO]: *************** 场景为：前台获取验证码开始执行用例 ***************
[2021-09-17 11:27:44,489][assert_api.py 15][INFO]: *************** 场景为：前台获取验证码结束执行用例 ***************
[2021-09-17 11:27:44,573][assert_api.py 7][INFO]: *************** 场景为：前台注册开始执行用例 ***************
[2021-09-17 11:27:44,573][assert_api.py 15][INFO]: *************** 场景为：前台注册结束执行用例 ***************
[2021-09-17 11:27:44,614][assert_api.py 7][INFO]: *************** 场景为：前台添加收货地址开始执行用例 ***************
[2021-09-17 11:27:44,615][assert_api.py 15][INFO]: *************** 场景为：前台添加收货地址结束执行用例 ***************
[2021-09-17 11:28:18,512][assert_api.py 7][INFO]: *************** 单接口正常登录开始执行用例 ***************
[2021-09-17 11:28:18,512][assert_api.py 15][INFO]: *************** 单接口正常登录结束执行用例 ***************
[2021-09-17 11:28:18,566][assert_api.py 7][INFO]: *************** 单接口正常登录开始执行用例 ***************
[2021-09-17 11:28:18,566][assert_api.py 15][INFO]: *************** 单接口正常登录结束执行用例 ***************
[2021-09-17 11:28:18,716][assert_api.py 7][INFO]: *************** 场景为：前台会员登录开始执行用例 ***************
[2021-09-17 11:28:18,716][assert_api.py 15][INFO]: *************** 场景为：前台会员登录结束执行用例 ***************
[2021-09-17 11:28:18,758][assert_api.py 7][INFO]: *************** 场景为：前台获取验证码开始执行用例 ***************
[2021-09-17 11:28:18,758][assert_api.py 15][INFO]: *************** 场景为：前台获取验证码结束执行用例 ***************
[2021-09-17 11:28:18,851][assert_api.py 7][INFO]: *************** 场景为：前台注册开始执行用例 ***************
[2021-09-17 11:28:18,851][assert_api.py 15][INFO]: *************** 场景为：前台注册结束执行用例 ***************
[2021-09-17 11:28:18,896][assert_api.py 7][INFO]: *************** 场景为：前台添加收货地址开始执行用例 ***************
[2021-09-17 11:28:18,897][assert_api.py 15][INFO]: *************** 场景为：前台添加收货地址结束执行用例 ***************
[2021-09-17 11:40:46,168][assert_api.py 7][INFO]: *************** 单接口正常登录开始执行用例 ***************
[2021-09-17 11:40:46,168][assert_api.py 15][INFO]: *************** 单接口正常登录结束执行用例 ***************
[2021-09-17 11:40:46,328][assert_api.py 7][INFO]: *************** 单接口正常登录开始执行用例 ***************
[2021-09-17 11:40:46,329][assert_api.py 15][INFO]: *************** 单接口正常登录结束执行用例 ***************
[2021-09-17 11:40:46,941][assert_api.py 7][INFO]: *************** 场景为：前台会员登录开始执行用例 ***************
[2021-09-17 11:40:46,942][assert_api.py 15][INFO]: *************** 场景为：前台会员登录结束执行用例 ***************
[2021-09-17 11:40:47,002][assert_api.py 7][INFO]: *************** 场景为：前台获取验证码开始执行用例 ***************
[2021-09-17 11:40:47,002][assert_api.py 15][INFO]: *************** 场景为：前台获取验证码结束执行用例 ***************
[2021-09-17 11:40:47,099][assert_api.py 7][INFO]: *************** 场景为：前台注册开始执行用例 ***************
[2021-09-17 11:40:47,099][assert_api.py 15][INFO]: *************** 场景为：前台注册结束执行用例 ***************
[2021-09-17 11:40:47,154][assert_api.py 7][INFO]: *************** 场景为：前台添加收货地址开始执行用例 ***************
[2021-09-17 11:40:47,154][assert_api.py 15][INFO]: *************** 场景为：前台添加收货地址结束执行用例 ***************
[2021-09-17 11:41:54,412][assert_api.py 7][INFO]: *************** 单接口正常登录开始执行用例 ***************
[2021-09-17 11:41:54,412][assert_api.py 15][INFO]: *************** 单接口正常登录结束执行用例 ***************
[2021-09-17 11:41:54,589][assert_api.py 7][INFO]: *************** 单接口正常登录开始执行用例 ***************
[2021-09-17 11:41:54,589][assert_api.py 15][INFO]: *************** 单接口正常登录结束执行用例 ***************
[2021-09-17 11:41:54,761][assert_api.py 7][INFO]: *************** 场景为：前台会员登录开始执行用例 ***************
[2021-09-17 11:41:54,762][assert_api.py 15][INFO]: *************** 场景为：前台会员登录结束执行用例 ***************
[2021-09-17 11:41:54,950][assert_api.py 7][INFO]: *************** 场景为：前台获取验证码开始执行用例 ***************
[2021-09-17 11:41:54,950][assert_api.py 15][INFO]: *************** 场景为：前台获取验证码结束执行用例 ***************
[2021-09-17 11:41:55,279][assert_api.py 7][INFO]: *************** 场景为：前台注册开始执行用例 ***************
[2021-09-17 11:41:55,279][assert_api.py 15][INFO]: *************** 场景为：前台注册结束执行用例 ***************
[2021-09-17 11:41:55,359][assert_api.py 7][INFO]: *************** 场景为：前台添加收货地址开始执行用例 ***************
[2021-09-17 11:41:55,359][assert_api.py 15][INFO]: *************** 场景为：前台添加收货地址结束执行用例 ***************
[2021-09-17 21:35:13,935][assert_api.py 7][INFO]: *************** 单接口正常登录开始执行用例 ***************
[2021-09-17 21:35:13,936][assert_api.py 15][INFO]: *************** 单接口正常登录结束执行用例 ***************
[2021-09-17 21:35:14,000][assert_api.py 7][INFO]: *************** 单接口正常登录开始执行用例 ***************
[2021-09-17 21:35:14,001][assert_api.py 15][INFO]: *************** 单接口正常登录结束执行用例 ***************
[2021-09-17 21:35:14,060][assert_api.py 7][INFO]: *************** 场景为：前台会员登录开始执行用例 ***************
[2021-09-17 21:35:14,060][assert_api.py 15][INFO]: *************** 场景为：前台会员登录结束执行用例 ***************
[2021-09-17 21:35:14,099][assert_api.py 7][INFO]: *************** 场景为：前台获取验证码开始执行用例 ***************
[2021-09-17 21:35:14,099][assert_api.py 15][INFO]: *************** 场景为：前台获取验证码结束执行用例 ***************
[2021-09-17 21:35:14,198][assert_api.py 7][INFO]: *************** 场景为：前台注册开始执行用例 ***************
[2021-09-17 21:35:14,198][assert_api.py 15][INFO]: *************** 场景为：前台注册结束执行用例 ***************
[2021-09-17 21:35:14,248][assert_api.py 7][INFO]: *************** 场景为：前台添加收货地址开始执行用例 ***************
[2021-09-17 21:35:14,248][assert_api.py 15][INFO]: *************** 场景为：前台添加收货地址结束执行用例 ***************
[2021-09-17 22:08:56,594][assert_api.py 7][INFO]: *************** 场景为：前台会员登录开始执行用例 ***************
[2021-09-17 22:08:56,594][assert_api.py 15][INFO]: *************** 场景为：前台会员登录结束执行用例 ***************
[2021-09-17 22:08:56,636][assert_api.py 7][INFO]: *************** 场景为：前台获取验证码开始执行用例 ***************
[2021-09-17 22:08:56,637][assert_api.py 15][INFO]: *************** 场景为：前台获取验证码结束执行用例 ***************
[2021-09-17 22:08:56,719][assert_api.py 7][INFO]: *************** 场景为：前台注册开始执行用例 ***************
[2021-09-17 22:08:56,720][assert_api.py 15][INFO]: *************** 场景为：前台注册结束执行用例 ***************
[2021-09-17 22:08:56,767][assert_api.py 7][INFO]: *************** 场景为：前台添加收货地址开始执行用例 ***************
[2021-09-17 22:08:56,767][assert_api.py 15][INFO]: *************** 场景为：前台添加收货地址结束执行用例 ***************
