[2021-10-30 18:16:43,345][main.py 16][INFO]: 
                     _    _         _      _____         _
      __ _ _ __ (_)  / \  _   _| |_ __|_   _|__  ___| |_
     / _` | '_ \| | / _ \| | | | __/ _ \| |/ _ \/ __| __|
    | (_| | |_) | |/ ___ \ |_| | || (_) | |  __/\__ \ |_
     \__,_| .__/|_/_/   \_\__,_|\__\___/|_|\___||___/\__|
          |_|
          Starting     ...  道长伴你终身   ...  测试之道学院永相随   ...
        
[2021-10-30 18:17:27,074][main.py 16][INFO]: 
                     _    _         _      _____         _
      __ _ _ __ (_)  / \  _   _| |_ __|_   _|__  ___| |_
     / _` | '_ \| | / _ \| | | | __/ _ \| |/ _ \/ __| __|
    | (_| | |_) | |/ ___ \ |_| | || (_) | |  __/\__ \ |_
     \__,_| .__/|_/_/   \_\__,_|\__\___/|_|\___||___/\__|
          |_|
          Starting     ...  道长伴你终身   ...  测试之道学院永相随   ...
        
[2021-10-30 18:17:29,803][logger.py 61][INFO]: ------开始执行test_get_auth_code用例------
[2021-10-30 18:17:29,842][logger.py 61][INFO]: ------开始执行assert_api用例------
[2021-10-30 18:17:29,843][logger.py 69][INFO]: ------assert_api执行成功------
[2021-10-30 18:17:29,843][logger.py 69][INFO]: ------test_get_auth_code执行成功------
[2021-10-30 18:17:29,847][logger.py 61][INFO]: ------开始执行test_admin_login用例------
[2021-10-30 18:17:29,894][logger.py 61][INFO]: ------开始执行assert_api用例------
[2021-10-30 18:17:29,894][logger.py 69][INFO]: ------assert_api执行成功------
[2021-10-30 18:17:29,894][logger.py 69][INFO]: ------test_admin_login执行成功------
[2021-10-30 18:17:29,898][logger.py 61][INFO]: ------开始执行test_admin_login用例------
[2021-10-30 18:17:29,939][logger.py 61][INFO]: ------开始执行assert_api用例------
[2021-10-30 18:17:29,939][logger.py 69][INFO]: ------assert_api执行成功------
[2021-10-30 18:17:29,939][logger.py 69][INFO]: ------test_admin_login执行成功------
[2021-10-30 18:17:29,943][logger.py 61][INFO]: ------开始执行test_admin_login用例------
[2021-10-30 18:17:29,986][logger.py 61][INFO]: ------开始执行assert_api用例------
[2021-10-30 18:17:29,987][logger.py 69][INFO]: ------assert_api执行成功------
[2021-10-30 18:17:29,987][logger.py 69][INFO]: ------test_admin_login执行成功------
[2021-10-30 18:17:30,080][logger.py 61][INFO]: ------开始执行assert_api用例------
[2021-10-30 18:17:30,080][logger.py 69][INFO]: ------assert_api执行成功------
[2021-10-30 18:17:30,085][logger.py 61][INFO]: ------开始执行test_admin_login用例------
[2021-10-30 18:17:30,119][logger.py 61][INFO]: ------开始执行assert_api用例------
[2021-10-30 18:17:30,120][logger.py 65][ERROR]: ------assert_api用例执行失败，失败原因：------
[2021-10-30 18:17:30,120][logger.py 66][ERROR]: assert_api 用例 is error,here are details:Traceback (most recent call last):
  File "D:\daima\xin-daima\two-pytest-api-automation\common\logger.py", line 63, in log
    func(*args, **kwargs)
  File "D:\daima\xin-daima\two-pytest-api-automation\common\assert_api.py", line 35, in assert_api
    raise e
  File "D:\daima\xin-daima\two-pytest-api-automation\common\assert_api.py", line 26, in assert_api
    assert j == b[i]
AssertionError

[2021-10-30 18:17:30,121][logger.py 65][ERROR]: ------test_admin_login用例执行失败，失败原因：------
[2021-10-30 18:17:30,121][logger.py 66][ERROR]: test_admin_login 用例 is error,here are details:Traceback (most recent call last):
  File "D:\daima\xin-daima\two-pytest-api-automation\common\logger.py", line 63, in log
    func(*args, **kwargs)
  File "D:\daima\xin-daima\two-pytest-api-automation\case\test_receiving\test_add_address.py", line 37, in test_admin_login
    assert_api(actual_data,case_data['expect'])
  File "D:\daima\xin-daima\two-pytest-api-automation\common\logger.py", line 67, in log
    raise e
  File "D:\daima\xin-daima\two-pytest-api-automation\common\logger.py", line 63, in log
    func(*args, **kwargs)
  File "D:\daima\xin-daima\two-pytest-api-automation\common\assert_api.py", line 35, in assert_api
    raise e
  File "D:\daima\xin-daima\two-pytest-api-automation\common\assert_api.py", line 26, in assert_api
    assert j == b[i]
AssertionError

[2021-10-30 18:17:52,152][main.py 16][INFO]: 
                     _    _         _      _____         _
      __ _ _ __ (_)  / \  _   _| |_ __|_   _|__  ___| |_
     / _` | '_ \| | / _ \| | | | __/ _ \| |/ _ \/ __| __|
    | (_| | |_) | |/ ___ \ |_| | || (_) | |  __/\__ \ |_
     \__,_| .__/|_/_/   \_\__,_|\__\___/|_|\___||___/\__|
          |_|
          Starting     ...  道长伴你终身   ...  测试之道学院永相随   ...
        
[2021-10-30 18:17:54,946][logger.py 61][INFO]: ------开始执行test_get_auth_code用例------
[2021-10-30 18:17:54,984][logger.py 61][INFO]: ------开始执行assert_api用例------
[2021-10-30 18:17:54,984][logger.py 69][INFO]: ------assert_api执行成功------
[2021-10-30 18:17:54,984][logger.py 69][INFO]: ------test_get_auth_code执行成功------
[2021-10-30 18:17:54,988][logger.py 61][INFO]: ------开始执行test_admin_login用例------
[2021-10-30 18:17:55,035][logger.py 61][INFO]: ------开始执行assert_api用例------
[2021-10-30 18:17:55,035][logger.py 69][INFO]: ------assert_api执行成功------
[2021-10-30 18:17:55,035][logger.py 69][INFO]: ------test_admin_login执行成功------
[2021-10-30 18:17:55,039][logger.py 61][INFO]: ------开始执行test_admin_login用例------
[2021-10-30 18:17:55,073][logger.py 61][INFO]: ------开始执行assert_api用例------
[2021-10-30 18:17:55,073][logger.py 69][INFO]: ------assert_api执行成功------
[2021-10-30 18:17:55,073][logger.py 69][INFO]: ------test_admin_login执行成功------
[2021-10-30 18:17:55,076][logger.py 61][INFO]: ------开始执行test_admin_login用例------
[2021-10-30 18:17:55,112][logger.py 61][INFO]: ------开始执行assert_api用例------
[2021-10-30 18:17:55,112][logger.py 69][INFO]: ------assert_api执行成功------
[2021-10-30 18:17:55,112][logger.py 69][INFO]: ------test_admin_login执行成功------
[2021-10-30 18:17:55,194][logger.py 61][INFO]: ------开始执行assert_api用例------
[2021-10-30 18:17:55,194][logger.py 69][INFO]: ------assert_api执行成功------
[2021-10-30 18:17:55,199][logger.py 61][INFO]: ------开始执行test_admin_login用例------
[2021-10-30 18:17:55,258][logger.py 61][INFO]: ------开始执行assert_api用例------
[2021-10-30 18:17:55,258][logger.py 69][INFO]: ------assert_api执行成功------
[2021-10-30 18:17:55,258][logger.py 69][INFO]: ------test_admin_login执行成功------
[2021-10-30 18:20:38,182][main.py 16][INFO]: 
                     _    _         _      _____         _
      __ _ _ __ (_)  / \  _   _| |_ __|_   _|__  ___| |_
     / _` | '_ \| | / _ \| | | | __/ _ \| |/ _ \/ __| __|
    | (_| | |_) | |/ ___ \ |_| | || (_) | |  __/\__ \ |_
     \__,_| .__/|_/_/   \_\__,_|\__\___/|_|\___||___/\__|
          |_|
          Starting     ...  道长伴你终身   ...  测试之道学院永相随   ...
        
[2021-10-30 18:21:05,481][main.py 16][INFO]: 
                     _    _         _      _____         _
      __ _ _ __ (_)  / \  _   _| |_ __|_   _|__  ___| |_
     / _` | '_ \| | / _ \| | | | __/ _ \| |/ _ \/ __| __|
    | (_| | |_) | |/ ___ \ |_| | || (_) | |  __/\__ \ |_
     \__,_| .__/|_/_/   \_\__,_|\__\___/|_|\___||___/\__|
          |_|
          Starting     ...  道长伴你终身   ...  测试之道学院永相随   ...
        
[2021-10-30 18:21:17,118][main.py 16][INFO]: 
                     _    _         _      _____         _
      __ _ _ __ (_)  / \  _   _| |_ __|_   _|__  ___| |_
     / _` | '_ \| | / _ \| | | | __/ _ \| |/ _ \/ __| __|
    | (_| | |_) | |/ ___ \ |_| | || (_) | |  __/\__ \ |_
     \__,_| .__/|_/_/   \_\__,_|\__\___/|_|\___||___/\__|
          |_|
          Starting     ...  道长伴你终身   ...  测试之道学院永相随   ...
        
[2021-10-30 18:22:24,823][main.py 16][INFO]: 
                     _    _         _      _____         _
      __ _ _ __ (_)  / \  _   _| |_ __|_   _|__  ___| |_
     / _` | '_ \| | / _ \| | | | __/ _ \| |/ _ \/ __| __|
    | (_| | |_) | |/ ___ \ |_| | || (_) | |  __/\__ \ |_
     \__,_| .__/|_/_/   \_\__,_|\__\___/|_|\___||___/\__|
          |_|
          Starting     ...  道长伴你终身   ...  测试之道学院永相随   ...
        
[2021-10-30 18:22:45,113][main.py 16][INFO]: 
                     _    _         _      _____         _
      __ _ _ __ (_)  / \  _   _| |_ __|_   _|__  ___| |_
     / _` | '_ \| | / _ \| | | | __/ _ \| |/ _ \/ __| __|
    | (_| | |_) | |/ ___ \ |_| | || (_) | |  __/\__ \ |_
     \__,_| .__/|_/_/   \_\__,_|\__\___/|_|\___||___/\__|
          |_|
          Starting     ...  道长伴你终身   ...  测试之道学院永相随   ...
        
[2021-10-30 18:25:06,922][main.py 16][INFO]: 
                     _    _         _      _____         _
      __ _ _ __ (_)  / \  _   _| |_ __|_   _|__  ___| |_
     / _` | '_ \| | / _ \| | | | __/ _ \| |/ _ \/ __| __|
    | (_| | |_) | |/ ___ \ |_| | || (_) | |  __/\__ \ |_
     \__,_| .__/|_/_/   \_\__,_|\__\___/|_|\___||___/\__|
          |_|
          Starting     ...  道长伴你终身   ...  测试之道学院永相随   ...
        
[2021-10-30 18:25:10,024][logger.py 61][INFO]: ------开始执行test_admin_login用例------
[2021-10-30 18:25:10,029][logger.py 61][INFO]: ------开始执行test_get_auth_code用例------
[2021-10-30 18:25:10,033][logger.py 61][INFO]: ------开始执行test_admin_login用例------
[2021-10-30 18:25:10,038][logger.py 61][INFO]: ------开始执行test_admin_login用例------
[2021-10-30 18:25:10,061][logger.py 61][INFO]: ------开始执行assert_api用例------
[2021-10-30 18:25:10,061][logger.py 69][INFO]: ------assert_api执行成功------
[2021-10-30 18:25:10,061][logger.py 69][INFO]: ------test_get_auth_code执行成功------
[2021-10-30 18:25:10,076][logger.py 61][INFO]: ------开始执行assert_api用例------
[2021-10-30 18:25:10,076][logger.py 69][INFO]: ------assert_api执行成功------
[2021-10-30 18:25:10,076][logger.py 69][INFO]: ------test_admin_login执行成功------
[2021-10-30 18:25:10,080][logger.py 61][INFO]: ------开始执行assert_api用例------
[2021-10-30 18:25:10,080][logger.py 69][INFO]: ------assert_api执行成功------
[2021-10-30 18:25:10,080][logger.py 69][INFO]: ------test_admin_login执行成功------
[2021-10-30 18:25:10,093][logger.py 61][INFO]: ------开始执行assert_api用例------
[2021-10-30 18:25:10,093][logger.py 69][INFO]: ------assert_api执行成功------
[2021-10-30 18:25:10,093][logger.py 69][INFO]: ------test_admin_login执行成功------
[2021-10-30 18:25:10,234][logger.py 61][INFO]: ------开始执行test_admin_login用例------
[2021-10-30 18:25:10,275][logger.py 61][INFO]: ------开始执行assert_api用例------
[2021-10-30 18:25:10,275][logger.py 69][INFO]: ------assert_api执行成功------
[2021-10-30 18:25:10,275][logger.py 69][INFO]: ------test_admin_login执行成功------
[2021-10-30 18:25:10,300][logger.py 61][INFO]: ------开始执行assert_api用例------
[2021-10-30 18:25:10,300][logger.py 69][INFO]: ------assert_api执行成功------
[2021-10-30 18:25:28,090][main.py 16][INFO]: 
                     _    _         _      _____         _
      __ _ _ __ (_)  / \  _   _| |_ __|_   _|__  ___| |_
     / _` | '_ \| | / _ \| | | | __/ _ \| |/ _ \/ __| __|
    | (_| | |_) | |/ ___ \ |_| | || (_) | |  __/\__ \ |_
     \__,_| .__/|_/_/   \_\__,_|\__\___/|_|\___||___/\__|
          |_|
          Starting     ...  道长伴你终身   ...  测试之道学院永相随   ...
        
[2021-10-30 18:25:30,817][logger.py 61][INFO]: ------开始执行test_get_auth_code用例------
[2021-10-30 18:25:30,845][logger.py 61][INFO]: ------开始执行assert_api用例------
[2021-10-30 18:25:30,845][logger.py 69][INFO]: ------assert_api执行成功------
[2021-10-30 18:25:30,845][logger.py 69][INFO]: ------test_get_auth_code执行成功------
[2021-10-30 18:25:30,860][logger.py 61][INFO]: ------开始执行test_admin_login用例------
[2021-10-30 18:25:30,900][logger.py 61][INFO]: ------开始执行assert_api用例------
[2021-10-30 18:25:30,900][logger.py 69][INFO]: ------assert_api执行成功------
[2021-10-30 18:25:30,900][logger.py 69][INFO]: ------test_admin_login执行成功------
[2021-10-30 18:25:30,904][logger.py 61][INFO]: ------开始执行test_admin_login用例------
[2021-10-30 18:25:30,951][logger.py 61][INFO]: ------开始执行assert_api用例------
[2021-10-30 18:25:30,952][logger.py 69][INFO]: ------assert_api执行成功------
[2021-10-30 18:25:30,952][logger.py 69][INFO]: ------test_admin_login执行成功------
[2021-10-30 18:25:30,955][logger.py 61][INFO]: ------开始执行test_admin_login用例------
[2021-10-30 18:25:30,993][logger.py 61][INFO]: ------开始执行assert_api用例------
[2021-10-30 18:25:30,993][logger.py 69][INFO]: ------assert_api执行成功------
[2021-10-30 18:25:30,993][logger.py 69][INFO]: ------test_admin_login执行成功------
[2021-10-30 18:25:31,064][logger.py 61][INFO]: ------开始执行assert_api用例------
[2021-10-30 18:25:31,064][logger.py 69][INFO]: ------assert_api执行成功------
[2021-10-30 18:25:31,079][logger.py 61][INFO]: ------开始执行test_admin_login用例------
[2021-10-30 18:25:31,119][logger.py 61][INFO]: ------开始执行assert_api用例------
[2021-10-30 18:25:31,119][logger.py 69][INFO]: ------assert_api执行成功------
[2021-10-30 18:25:31,119][logger.py 69][INFO]: ------test_admin_login执行成功------
[2021-10-30 18:27:01,989][main.py 16][INFO]: 
                     _    _         _      _____         _
      __ _ _ __ (_)  / \  _   _| |_ __|_   _|__  ___| |_
     / _` | '_ \| | / _ \| | | | __/ _ \| |/ _ \/ __| __|
    | (_| | |_) | |/ ___ \ |_| | || (_) | |  __/\__ \ |_
     \__,_| .__/|_/_/   \_\__,_|\__\___/|_|\___||___/\__|
          |_|
          Starting     ...  道长伴你终身   ...  测试之道学院永相随   ...
        
[2021-10-30 18:27:04,955][logger.py 61][INFO]: ------开始执行test_admin_login用例------
[2021-10-30 18:27:04,961][logger.py 61][INFO]: ------开始执行test_admin_login用例------
[2021-10-30 18:27:04,962][logger.py 61][INFO]: ------开始执行test_admin_login用例------
[2021-10-30 18:27:04,968][logger.py 61][INFO]: ------开始执行test_get_auth_code用例------
[2021-10-30 18:27:08,010][logger.py 61][INFO]: ------开始执行assert_api用例------
[2021-10-30 18:27:08,010][logger.py 69][INFO]: ------assert_api执行成功------
[2021-10-30 18:27:08,010][logger.py 69][INFO]: ------test_admin_login执行成功------
[2021-10-30 18:27:08,017][logger.py 61][INFO]: ------开始执行assert_api用例------
[2021-10-30 18:27:08,017][logger.py 69][INFO]: ------assert_api执行成功------
[2021-10-30 18:27:08,017][logger.py 69][INFO]: ------test_admin_login执行成功------
[2021-10-30 18:27:08,017][logger.py 61][INFO]: ------开始执行assert_api用例------
[2021-10-30 18:27:08,019][logger.py 69][INFO]: ------assert_api执行成功------
[2021-10-30 18:27:08,019][logger.py 61][INFO]: ------开始执行assert_api用例------
[2021-10-30 18:27:08,020][logger.py 69][INFO]: ------test_get_auth_code执行成功------
[2021-10-30 18:27:08,020][logger.py 69][INFO]: ------assert_api执行成功------
[2021-10-30 18:27:08,021][logger.py 69][INFO]: ------test_admin_login执行成功------
[2021-10-30 18:27:08,173][logger.py 61][INFO]: ------开始执行test_admin_login用例------
[2021-10-30 18:27:11,212][logger.py 61][INFO]: ------开始执行assert_api用例------
[2021-10-30 18:27:11,212][logger.py 69][INFO]: ------assert_api执行成功------
[2021-10-30 18:27:11,212][logger.py 69][INFO]: ------test_admin_login执行成功------
[2021-10-30 18:27:16,339][main.py 16][INFO]: 
                     _    _         _      _____         _
      __ _ _ __ (_)  / \  _   _| |_ __|_   _|__  ___| |_
     / _` | '_ \| | / _ \| | | | __/ _ \| |/ _ \/ __| __|
    | (_| | |_) | |/ ___ \ |_| | || (_) | |  __/\__ \ |_
     \__,_| .__/|_/_/   \_\__,_|\__\___/|_|\___||___/\__|
          |_|
          Starting     ...  道长伴你终身   ...  测试之道学院永相随   ...
        
[2021-10-30 18:27:19,370][logger.py 61][INFO]: ------开始执行test_admin_login用例------
[2021-10-30 18:27:19,371][logger.py 61][INFO]: ------开始执行test_get_auth_code用例------
[2021-10-30 18:27:19,373][logger.py 61][INFO]: ------开始执行test_admin_login用例------
[2021-10-30 18:27:19,376][logger.py 61][INFO]: ------开始执行test_admin_login用例------
[2021-10-30 18:27:22,422][logger.py 61][INFO]: ------开始执行assert_api用例------
[2021-10-30 18:27:22,422][logger.py 69][INFO]: ------assert_api执行成功------
[2021-10-30 18:27:22,422][logger.py 69][INFO]: ------test_get_auth_code执行成功------
[2021-10-30 18:27:22,432][logger.py 61][INFO]: ------开始执行assert_api用例------
[2021-10-30 18:27:22,432][logger.py 61][INFO]: ------开始执行assert_api用例------
[2021-10-30 18:27:22,432][logger.py 61][INFO]: ------开始执行assert_api用例------
[2021-10-30 18:27:22,432][logger.py 69][INFO]: ------assert_api执行成功------
[2021-10-30 18:27:22,433][logger.py 69][INFO]: ------assert_api执行成功------
[2021-10-30 18:27:22,433][logger.py 69][INFO]: ------assert_api执行成功------
[2021-10-30 18:27:22,433][logger.py 69][INFO]: ------test_admin_login执行成功------
[2021-10-30 18:27:22,433][logger.py 69][INFO]: ------test_admin_login执行成功------
[2021-10-30 18:27:22,433][logger.py 69][INFO]: ------test_admin_login执行成功------
[2021-10-30 18:27:22,606][logger.py 61][INFO]: ------开始执行test_admin_login用例------
[2021-10-30 18:27:25,662][logger.py 61][INFO]: ------开始执行assert_api用例------
[2021-10-30 18:27:25,662][logger.py 69][INFO]: ------assert_api执行成功------
[2021-10-30 18:27:25,662][logger.py 69][INFO]: ------test_admin_login执行成功------
[2021-10-30 18:27:57,642][main.py 16][INFO]: 
                     _    _         _      _____         _
      __ _ _ __ (_)  / \  _   _| |_ __|_   _|__  ___| |_
     / _` | '_ \| | / _ \| | | | __/ _ \| |/ _ \/ __| __|
    | (_| | |_) | |/ ___ \ |_| | || (_) | |  __/\__ \ |_
     \__,_| .__/|_/_/   \_\__,_|\__\___/|_|\___||___/\__|
          |_|
          Starting     ...  道长伴你终身   ...  测试之道学院永相随   ...
        
[2021-10-30 18:28:00,614][logger.py 61][INFO]: ------开始执行test_admin_login用例------
[2021-10-30 18:28:00,615][logger.py 61][INFO]: ------开始执行test_admin_login用例------
[2021-10-30 18:28:00,627][logger.py 61][INFO]: ------开始执行test_get_auth_code用例------
[2021-10-30 18:28:00,634][logger.py 61][INFO]: ------开始执行test_admin_login用例------
[2021-10-30 18:28:03,675][logger.py 61][INFO]: ------开始执行assert_api用例------
[2021-10-30 18:28:03,676][logger.py 61][INFO]: ------开始执行assert_api用例------
[2021-10-30 18:28:03,676][logger.py 69][INFO]: ------assert_api执行成功------
[2021-10-30 18:28:03,676][logger.py 69][INFO]: ------assert_api执行成功------
[2021-10-30 18:28:03,676][logger.py 69][INFO]: ------test_get_auth_code执行成功------
[2021-10-30 18:28:03,676][logger.py 69][INFO]: ------test_admin_login执行成功------
[2021-10-30 18:28:03,688][logger.py 61][INFO]: ------开始执行assert_api用例------
[2021-10-30 18:28:03,688][logger.py 61][INFO]: ------开始执行assert_api用例------
[2021-10-30 18:28:03,688][logger.py 69][INFO]: ------assert_api执行成功------
[2021-10-30 18:28:03,689][logger.py 69][INFO]: ------assert_api执行成功------
[2021-10-30 18:28:03,689][logger.py 69][INFO]: ------test_admin_login执行成功------
[2021-10-30 18:28:03,689][logger.py 69][INFO]: ------test_admin_login执行成功------
[2021-10-30 18:28:03,889][logger.py 61][INFO]: ------开始执行test_admin_login用例------
[2021-10-30 18:28:06,955][logger.py 61][INFO]: ------开始执行assert_api用例------
[2021-10-30 18:28:06,956][logger.py 69][INFO]: ------assert_api执行成功------
[2021-10-30 18:28:06,956][logger.py 69][INFO]: ------test_admin_login执行成功------
[2021-10-30 18:28:06,999][logger.py 61][INFO]: ------开始执行assert_api用例------
[2021-10-30 18:28:07,000][logger.py 69][INFO]: ------assert_api执行成功------
[2021-10-30 18:28:37,776][main.py 16][INFO]: 
                     _    _         _      _____         _
      __ _ _ __ (_)  / \  _   _| |_ __|_   _|__  ___| |_
     / _` | '_ \| | / _ \| | | | __/ _ \| |/ _ \/ __| __|
    | (_| | |_) | |/ ___ \ |_| | || (_) | |  __/\__ \ |_
     \__,_| .__/|_/_/   \_\__,_|\__\___/|_|\___||___/\__|
          |_|
          Starting     ...  道长伴你终身   ...  测试之道学院永相随   ...
        
[2021-10-30 18:28:40,466][logger.py 61][INFO]: ------开始执行test_get_auth_code用例------
[2021-10-30 18:28:43,515][logger.py 61][INFO]: ------开始执行assert_api用例------
[2021-10-30 18:28:43,515][logger.py 69][INFO]: ------assert_api执行成功------
[2021-10-30 18:28:43,515][logger.py 69][INFO]: ------test_get_auth_code执行成功------
[2021-10-30 18:28:43,531][logger.py 61][INFO]: ------开始执行test_admin_login用例------
[2021-10-30 18:28:46,583][logger.py 61][INFO]: ------开始执行assert_api用例------
[2021-10-30 18:28:46,583][logger.py 69][INFO]: ------assert_api执行成功------
[2021-10-30 18:28:46,583][logger.py 69][INFO]: ------test_admin_login执行成功------
[2021-10-30 18:28:46,586][logger.py 61][INFO]: ------开始执行test_admin_login用例------
[2021-10-30 18:28:49,630][logger.py 61][INFO]: ------开始执行assert_api用例------
[2021-10-30 18:28:49,630][logger.py 69][INFO]: ------assert_api执行成功------
[2021-10-30 18:28:49,630][logger.py 69][INFO]: ------test_admin_login执行成功------
[2021-10-30 18:28:49,633][logger.py 61][INFO]: ------开始执行test_admin_login用例------
[2021-10-30 18:28:52,687][logger.py 61][INFO]: ------开始执行assert_api用例------
[2021-10-30 18:28:52,687][logger.py 69][INFO]: ------assert_api执行成功------
[2021-10-30 18:28:52,687][logger.py 69][INFO]: ------test_admin_login执行成功------
[2021-10-30 18:28:55,776][logger.py 61][INFO]: ------开始执行assert_api用例------
[2021-10-30 18:28:55,776][logger.py 69][INFO]: ------assert_api执行成功------
[2021-10-30 18:28:55,781][logger.py 61][INFO]: ------开始执行test_admin_login用例------
[2021-10-30 18:28:58,836][logger.py 61][INFO]: ------开始执行assert_api用例------
[2021-10-30 18:28:58,836][logger.py 69][INFO]: ------assert_api执行成功------
[2021-10-30 18:28:58,836][logger.py 69][INFO]: ------test_admin_login执行成功------
[2021-10-30 18:29:13,059][main.py 16][INFO]: 
                     _    _         _      _____         _
      __ _ _ __ (_)  / \  _   _| |_ __|_   _|__  ___| |_
     / _` | '_ \| | / _ \| | | | __/ _ \| |/ _ \/ __| __|
    | (_| | |_) | |/ ___ \ |_| | || (_) | |  __/\__ \ |_
     \__,_| .__/|_/_/   \_\__,_|\__\___/|_|\___||___/\__|
          |_|
          Starting     ...  道长伴你终身   ...  测试之道学院永相随   ...
        
[2021-10-30 18:29:16,043][logger.py 61][INFO]: ------开始执行test_admin_login用例------
[2021-10-30 18:29:16,047][logger.py 61][INFO]: ------开始执行test_admin_login用例------
[2021-10-30 18:29:16,048][logger.py 61][INFO]: ------开始执行test_get_auth_code用例------
[2021-10-30 18:29:16,049][logger.py 61][INFO]: ------开始执行test_admin_login用例------
[2021-10-30 18:29:19,089][logger.py 61][INFO]: ------开始执行assert_api用例------
[2021-10-30 18:29:19,089][logger.py 69][INFO]: ------assert_api执行成功------
[2021-10-30 18:29:19,089][logger.py 69][INFO]: ------test_admin_login执行成功------
[2021-10-30 18:29:19,096][logger.py 61][INFO]: ------开始执行assert_api用例------
[2021-10-30 18:29:19,096][logger.py 69][INFO]: ------assert_api执行成功------
[2021-10-30 18:29:19,096][logger.py 69][INFO]: ------test_admin_login执行成功------
[2021-10-30 18:29:19,118][logger.py 61][INFO]: ------开始执行assert_api用例------
[2021-10-30 18:29:19,118][logger.py 69][INFO]: ------assert_api执行成功------
[2021-10-30 18:29:19,119][logger.py 69][INFO]: ------test_get_auth_code执行成功------
[2021-10-30 18:29:19,132][logger.py 61][INFO]: ------开始执行assert_api用例------
[2021-10-30 18:29:19,132][logger.py 69][INFO]: ------assert_api执行成功------
[2021-10-30 18:29:19,132][logger.py 69][INFO]: ------test_admin_login执行成功------
[2021-10-30 18:29:19,262][logger.py 61][INFO]: ------开始执行test_admin_login用例------
[2021-10-30 18:29:22,314][logger.py 61][INFO]: ------开始执行assert_api用例------
[2021-10-30 18:29:22,314][logger.py 69][INFO]: ------assert_api执行成功------
[2021-10-30 18:29:22,314][logger.py 69][INFO]: ------test_admin_login执行成功------
[2021-10-30 18:29:22,347][logger.py 61][INFO]: ------开始执行assert_api用例------
[2021-10-30 18:29:22,347][logger.py 69][INFO]: ------assert_api执行成功------
[2021-10-30 18:29:32,617][main.py 16][INFO]: 
                     _    _         _      _____         _
      __ _ _ __ (_)  / \  _   _| |_ __|_   _|__  ___| |_
     / _` | '_ \| | / _ \| | | | __/ _ \| |/ _ \/ __| __|
    | (_| | |_) | |/ ___ \ |_| | || (_) | |  __/\__ \ |_
     \__,_| .__/|_/_/   \_\__,_|\__\___/|_|\___||___/\__|
          |_|
          Starting     ...  道长伴你终身   ...  测试之道学院永相随   ...
        
[2021-10-30 18:29:35,631][logger.py 61][INFO]: ------开始执行test_admin_login用例------
[2021-10-30 18:29:35,635][logger.py 61][INFO]: ------开始执行test_get_auth_code用例------
[2021-10-30 18:29:35,641][logger.py 61][INFO]: ------开始执行test_admin_login用例------
[2021-10-30 18:29:35,643][logger.py 61][INFO]: ------开始执行test_admin_login用例------
[2021-10-30 18:29:38,681][logger.py 61][INFO]: ------开始执行assert_api用例------
[2021-10-30 18:29:38,681][logger.py 69][INFO]: ------assert_api执行成功------
[2021-10-30 18:29:38,681][logger.py 69][INFO]: ------test_get_auth_code执行成功------
[2021-10-30 18:29:38,690][logger.py 61][INFO]: ------开始执行assert_api用例------
[2021-10-30 18:29:38,690][logger.py 69][INFO]: ------assert_api执行成功------
[2021-10-30 18:29:38,690][logger.py 69][INFO]: ------test_admin_login执行成功------
[2021-10-30 18:29:38,693][logger.py 61][INFO]: ------开始执行assert_api用例------
[2021-10-30 18:29:38,693][logger.py 69][INFO]: ------assert_api执行成功------
[2021-10-30 18:29:38,693][logger.py 69][INFO]: ------test_admin_login执行成功------
[2021-10-30 18:29:38,696][logger.py 61][INFO]: ------开始执行assert_api用例------
[2021-10-30 18:29:38,696][logger.py 69][INFO]: ------assert_api执行成功------
[2021-10-30 18:29:38,696][logger.py 69][INFO]: ------test_admin_login执行成功------
[2021-10-30 18:29:38,861][logger.py 61][INFO]: ------开始执行test_admin_login用例------
[2021-10-30 18:29:41,906][logger.py 61][INFO]: ------开始执行assert_api用例------
[2021-10-30 18:29:41,907][logger.py 69][INFO]: ------assert_api执行成功------
[2021-10-30 18:29:41,907][logger.py 69][INFO]: ------test_admin_login执行成功------
[2021-10-30 18:29:41,928][logger.py 61][INFO]: ------开始执行assert_api用例------
[2021-10-30 18:29:41,928][logger.py 69][INFO]: ------assert_api执行成功------
[2021-10-30 18:32:33,032][main.py 16][INFO]: 
                     _    _         _      _____         _
      __ _ _ __ (_)  / \  _   _| |_ __|_   _|__  ___| |_
     / _` | '_ \| | / _ \| | | | __/ _ \| |/ _ \/ __| __|
    | (_| | |_) | |/ ___ \ |_| | || (_) | |  __/\__ \ |_
     \__,_| .__/|_/_/   \_\__,_|\__\___/|_|\___||___/\__|
          |_|
          Starting     ...  道长伴你终身   ...  测试之道学院永相随   ...
        
[2021-10-30 18:32:36,058][logger.py 61][INFO]: ------开始执行test_admin_login用例------
[2021-10-30 18:32:36,065][logger.py 61][INFO]: ------开始执行test_get_auth_code用例------
[2021-10-30 18:32:36,067][logger.py 61][INFO]: ------开始执行test_admin_login用例------
[2021-10-30 18:32:36,073][logger.py 61][INFO]: ------开始执行test_admin_login用例------
[2021-10-30 18:32:39,112][logger.py 61][INFO]: ------开始执行assert_api用例------
[2021-10-30 18:32:39,112][logger.py 69][INFO]: ------assert_api执行成功------
[2021-10-30 18:32:39,112][logger.py 69][INFO]: ------test_admin_login执行成功------
[2021-10-30 18:32:39,115][logger.py 61][INFO]: ------开始执行assert_api用例------
[2021-10-30 18:32:39,115][logger.py 69][INFO]: ------assert_api执行成功------
[2021-10-30 18:32:39,115][logger.py 69][INFO]: ------test_get_auth_code执行成功------
[2021-10-30 18:32:39,120][logger.py 61][INFO]: ------开始执行assert_api用例------
[2021-10-30 18:32:39,120][logger.py 69][INFO]: ------assert_api执行成功------
[2021-10-30 18:32:39,120][logger.py 69][INFO]: ------test_admin_login执行成功------
[2021-10-30 18:32:39,126][logger.py 61][INFO]: ------开始执行assert_api用例------
[2021-10-30 18:32:39,126][logger.py 69][INFO]: ------assert_api执行成功------
[2021-10-30 18:32:39,127][logger.py 69][INFO]: ------test_admin_login执行成功------
[2021-10-30 18:32:39,282][logger.py 61][INFO]: ------开始执行test_admin_login用例------
[2021-10-30 18:32:42,330][logger.py 61][INFO]: ------开始执行assert_api用例------
[2021-10-30 18:32:42,331][logger.py 69][INFO]: ------assert_api执行成功------
[2021-10-30 18:32:42,331][logger.py 69][INFO]: ------test_admin_login执行成功------
[2021-10-30 18:32:42,371][logger.py 61][INFO]: ------开始执行assert_api用例------
[2021-10-30 18:32:42,371][logger.py 69][INFO]: ------assert_api执行成功------
[2021-10-30 18:34:28,472][logger.py 61][INFO]: ------开始执行test_get_auth_code用例------
[2021-10-30 18:34:31,521][logger.py 61][INFO]: ------开始执行assert_api用例------
[2021-10-30 18:34:31,521][logger.py 69][INFO]: ------assert_api执行成功------
[2021-10-30 18:34:31,521][logger.py 69][INFO]: ------test_get_auth_code执行成功------
[2021-10-30 18:34:31,527][logger.py 61][INFO]: ------开始执行test_admin_login用例------
[2021-10-30 18:34:34,584][logger.py 61][INFO]: ------开始执行assert_api用例------
[2021-10-30 18:34:34,585][logger.py 69][INFO]: ------assert_api执行成功------
[2021-10-30 18:34:34,585][logger.py 69][INFO]: ------test_admin_login执行成功------
[2021-10-30 18:34:34,590][logger.py 61][INFO]: ------开始执行test_admin_login用例------
[2021-10-30 18:34:37,650][logger.py 61][INFO]: ------开始执行assert_api用例------
[2021-10-30 18:34:37,650][logger.py 69][INFO]: ------assert_api执行成功------
[2021-10-30 18:34:37,650][logger.py 69][INFO]: ------test_admin_login执行成功------
[2021-10-30 18:34:37,655][logger.py 61][INFO]: ------开始执行test_admin_login用例------
[2021-10-30 18:34:40,696][logger.py 61][INFO]: ------开始执行assert_api用例------
[2021-10-30 18:34:40,697][logger.py 69][INFO]: ------assert_api执行成功------
[2021-10-30 18:34:40,697][logger.py 69][INFO]: ------test_admin_login执行成功------
[2021-10-30 18:34:43,785][logger.py 61][INFO]: ------开始执行assert_api用例------
[2021-10-30 18:34:43,786][logger.py 69][INFO]: ------assert_api执行成功------
[2021-10-30 18:34:43,793][logger.py 61][INFO]: ------开始执行test_admin_login用例------
[2021-10-30 18:34:46,849][logger.py 61][INFO]: ------开始执行assert_api用例------
[2021-10-30 18:34:46,849][logger.py 69][INFO]: ------assert_api执行成功------
[2021-10-30 18:34:46,850][logger.py 69][INFO]: ------test_admin_login执行成功------
[2021-10-30 21:47:46,390][main.py 16][INFO]: 
                     _    _         _      _____         _
      __ _ _ __ (_)  / \  _   _| |_ __|_   _|__  ___| |_
     / _` | '_ \| | / _ \| | | | __/ _ \| |/ _ \/ __| __|
    | (_| | |_) | |/ ___ \ |_| | || (_) | |  __/\__ \ |_
     \__,_| .__/|_/_/   \_\__,_|\__\___/|_|\___||___/\__|
          |_|
          Starting     ...  道长伴你终身   ...  测试之道学院永相随   ...
        
[2021-10-30 21:47:49,394][logger.py 61][INFO]: ------开始执行test_get_auth_code用例------
[2021-10-30 21:47:52,443][logger.py 61][INFO]: ------开始执行assert_api用例------
[2021-10-30 21:47:52,443][logger.py 69][INFO]: ------assert_api执行成功------
[2021-10-30 21:47:52,443][logger.py 69][INFO]: ------test_get_auth_code执行成功------
[2021-10-30 21:47:52,458][logger.py 61][INFO]: ------开始执行test_admin_login用例------
[2021-10-30 21:47:55,523][logger.py 61][INFO]: ------开始执行assert_api用例------
[2021-10-30 21:47:55,523][logger.py 69][INFO]: ------assert_api执行成功------
[2021-10-30 21:47:55,523][logger.py 69][INFO]: ------test_admin_login执行成功------
[2021-10-30 21:47:55,527][logger.py 61][INFO]: ------开始执行test_admin_login用例------
[2021-10-30 21:47:58,571][logger.py 61][INFO]: ------开始执行assert_api用例------
[2021-10-30 21:47:58,572][logger.py 69][INFO]: ------assert_api执行成功------
[2021-10-30 21:47:58,572][logger.py 69][INFO]: ------test_admin_login执行成功------
[2021-10-30 21:47:58,575][logger.py 61][INFO]: ------开始执行test_admin_login用例------
[2021-10-30 21:48:01,624][logger.py 61][INFO]: ------开始执行assert_api用例------
[2021-10-30 21:48:01,624][logger.py 69][INFO]: ------assert_api执行成功------
[2021-10-30 21:48:01,624][logger.py 69][INFO]: ------test_admin_login执行成功------
[2021-10-30 21:48:04,708][logger.py 61][INFO]: ------开始执行assert_api用例------
[2021-10-30 21:48:04,708][logger.py 69][INFO]: ------assert_api执行成功------
[2021-10-30 21:48:04,713][logger.py 61][INFO]: ------开始执行test_admin_login用例------
[2021-10-30 21:48:07,755][logger.py 61][INFO]: ------开始执行assert_api用例------
[2021-10-30 21:48:07,755][logger.py 69][INFO]: ------assert_api执行成功------
[2021-10-30 21:48:07,755][logger.py 69][INFO]: ------test_admin_login执行成功------
