[2021-09-16 14:05:13,540][assert_api.py 7][INFO]: *************** 场景为：前台获取验证码开始执行用例 ***************
[2021-09-16 14:05:13,541][assert_api.py 15][INFO]: *************** 场景为：前台获取验证码结束执行用例 ***************
[2021-09-16 14:05:27,738][assert_api.py 7][INFO]: *************** 操作成功开始执行用例 ***************
[2021-09-16 14:05:27,739][assert_api.py 15][INFO]: *************** 操作成功结束执行用例 ***************
[2021-09-16 14:05:28,013][assert_api.py 7][INFO]: *************** Bad credentials开始执行用例 ***************
[2021-09-16 14:05:28,013][assert_api.py 15][INFO]: *************** Bad credentials结束执行用例 ***************
[2021-09-16 14:05:28,620][assert_api.py 7][INFO]: *************** 场景为：前台会员登录开始执行用例 ***************
[2021-09-16 14:05:28,620][assert_api.py 15][INFO]: *************** 场景为：前台会员登录结束执行用例 ***************
[2021-09-16 14:05:28,826][assert_api.py 7][INFO]: *************** 场景为：前台获取验证码开始执行用例 ***************
[2021-09-16 14:05:28,827][assert_api.py 15][INFO]: *************** 场景为：前台获取验证码结束执行用例 ***************
[2021-09-16 14:05:29,255][assert_api.py 7][INFO]: *************** 场景为：前台注册开始执行用例 ***************
[2021-09-16 14:05:29,255][assert_api.py 15][INFO]: *************** 场景为：前台注册结束执行用例 ***************
[2021-09-16 14:05:29,851][assert_api.py 7][INFO]: *************** 场景为：前台添加收货地址开始执行用例 ***************
[2021-09-16 14:05:29,851][assert_api.py 15][INFO]: *************** 场景为：前台添加收货地址结束执行用例 ***************
[2021-09-16 14:16:53,777][assert_api.py 7][INFO]: *************** 操作成功开始执行用例 ***************
[2021-09-16 14:16:53,777][assert_api.py 15][INFO]: *************** 操作成功结束执行用例 ***************
[2021-09-16 14:16:53,830][assert_api.py 7][INFO]: *************** Bad credentials开始执行用例 ***************
[2021-09-16 14:16:53,830][assert_api.py 15][INFO]: *************** Bad credentials结束执行用例 ***************
[2021-09-16 14:16:54,005][assert_api.py 7][INFO]: *************** 场景为：前台会员登录开始执行用例 ***************
[2021-09-16 14:16:54,005][assert_api.py 15][INFO]: *************** 场景为：前台会员登录结束执行用例 ***************
[2021-09-16 14:16:54,096][assert_api.py 7][INFO]: *************** 场景为：前台获取验证码开始执行用例 ***************
[2021-09-16 14:16:54,096][assert_api.py 15][INFO]: *************** 场景为：前台获取验证码结束执行用例 ***************
[2021-09-16 14:16:54,219][assert_api.py 7][INFO]: *************** 场景为：前台注册开始执行用例 ***************
[2021-09-16 14:16:54,219][assert_api.py 15][INFO]: *************** 场景为：前台注册结束执行用例 ***************
[2021-09-16 14:16:54,483][assert_api.py 7][INFO]: *************** 场景为：前台添加收货地址开始执行用例 ***************
[2021-09-16 14:16:54,483][assert_api.py 15][INFO]: *************** 场景为：前台添加收货地址结束执行用例 ***************
[2021-09-16 14:23:39,115][assert_api.py 7][INFO]: *************** 场景为：前台获取验证码开始执行用例 ***************
[2021-09-16 14:23:39,116][assert_api.py 15][INFO]: *************** 场景为：前台获取验证码结束执行用例 ***************
[2021-09-16 14:23:47,128][assert_api.py 7][INFO]: *************** 场景为：前台获取验证码开始执行用例 ***************
[2021-09-16 14:23:47,129][assert_api.py 15][INFO]: *************** 场景为：前台获取验证码结束执行用例 ***************
[2021-09-16 14:33:55,381][assert_api.py 7][INFO]: *************** 操作成功开始执行用例 ***************
[2021-09-16 14:33:55,381][assert_api.py 15][INFO]: *************** 操作成功结束执行用例 ***************
[2021-09-16 14:33:55,442][assert_api.py 7][INFO]: *************** Bad credentials开始执行用例 ***************
[2021-09-16 14:33:55,442][assert_api.py 15][INFO]: *************** Bad credentials结束执行用例 ***************
[2021-09-16 14:33:55,617][assert_api.py 7][INFO]: *************** 场景为：前台会员登录开始执行用例 ***************
[2021-09-16 14:33:55,617][assert_api.py 15][INFO]: *************** 场景为：前台会员登录结束执行用例 ***************
[2021-09-16 14:33:55,653][assert_api.py 7][INFO]: *************** 场景为：前台获取验证码开始执行用例 ***************
[2021-09-16 14:33:55,653][assert_api.py 15][INFO]: *************** 场景为：前台获取验证码结束执行用例 ***************
[2021-09-16 14:33:55,746][assert_api.py 7][INFO]: *************** 场景为：前台注册开始执行用例 ***************
[2021-09-16 14:33:55,746][assert_api.py 15][INFO]: *************** 场景为：前台注册结束执行用例 ***************
[2021-09-16 14:33:55,916][assert_api.py 7][INFO]: *************** 场景为：前台添加收货地址开始执行用例 ***************
[2021-09-16 14:33:55,916][assert_api.py 15][INFO]: *************** 场景为：前台添加收货地址结束执行用例 ***************
[2021-09-16 14:34:46,628][assert_api.py 7][INFO]: *************** 操作成功开始执行用例 ***************
[2021-09-16 14:34:46,628][assert_api.py 15][INFO]: *************** 操作成功结束执行用例 ***************
[2021-09-16 14:34:46,674][assert_api.py 7][INFO]: *************** Bad credentials开始执行用例 ***************
[2021-09-16 14:34:46,674][assert_api.py 15][INFO]: *************** Bad credentials结束执行用例 ***************
[2021-09-16 14:34:46,829][assert_api.py 7][INFO]: *************** 场景为：前台会员登录开始执行用例 ***************
[2021-09-16 14:34:46,829][assert_api.py 15][INFO]: *************** 场景为：前台会员登录结束执行用例 ***************
[2021-09-16 14:34:46,871][assert_api.py 7][INFO]: *************** 场景为：前台获取验证码开始执行用例 ***************
[2021-09-16 14:34:46,871][assert_api.py 15][INFO]: *************** 场景为：前台获取验证码结束执行用例 ***************
[2021-09-16 14:34:46,965][assert_api.py 7][INFO]: *************** 场景为：前台注册开始执行用例 ***************
[2021-09-16 14:34:46,965][assert_api.py 15][INFO]: *************** 场景为：前台注册结束执行用例 ***************
[2021-09-16 14:35:08,830][assert_api.py 7][INFO]: *************** 操作成功开始执行用例 ***************
[2021-09-16 14:35:08,831][assert_api.py 15][INFO]: *************** 操作成功结束执行用例 ***************
[2021-09-16 14:35:08,878][assert_api.py 7][INFO]: *************** Bad credentials开始执行用例 ***************
[2021-09-16 14:35:08,878][assert_api.py 15][INFO]: *************** Bad credentials结束执行用例 ***************
[2021-09-16 14:35:09,046][assert_api.py 7][INFO]: *************** 场景为：前台会员登录开始执行用例 ***************
[2021-09-16 14:35:09,046][assert_api.py 15][INFO]: *************** 场景为：前台会员登录结束执行用例 ***************
[2021-09-16 14:35:09,092][assert_api.py 7][INFO]: *************** 场景为：前台获取验证码开始执行用例 ***************
[2021-09-16 14:35:09,092][assert_api.py 15][INFO]: *************** 场景为：前台获取验证码结束执行用例 ***************
[2021-09-16 14:35:09,184][assert_api.py 7][INFO]: *************** 场景为：前台注册开始执行用例 ***************
[2021-09-16 14:35:09,184][assert_api.py 15][INFO]: *************** 场景为：前台注册结束执行用例 ***************
[2021-09-16 14:35:09,302][assert_api.py 7][INFO]: *************** 场景为：前台添加收货地址开始执行用例 ***************
[2021-09-16 14:35:09,303][assert_api.py 15][INFO]: *************** 场景为：前台添加收货地址结束执行用例 ***************
[2021-09-16 14:35:37,548][assert_api.py 7][INFO]: *************** 场景为：前台获取验证码开始执行用例 ***************
[2021-09-16 14:35:37,548][assert_api.py 15][INFO]: *************** 场景为：前台获取验证码结束执行用例 ***************
[2021-09-16 14:35:44,958][assert_api.py 7][INFO]: *************** 操作成功开始执行用例 ***************
[2021-09-16 14:35:44,958][assert_api.py 15][INFO]: *************** 操作成功结束执行用例 ***************
[2021-09-16 14:35:45,032][assert_api.py 7][INFO]: *************** Bad credentials开始执行用例 ***************
[2021-09-16 14:35:45,032][assert_api.py 15][INFO]: *************** Bad credentials结束执行用例 ***************
[2021-09-16 14:35:45,219][assert_api.py 7][INFO]: *************** 场景为：前台会员登录开始执行用例 ***************
[2021-09-16 14:35:45,219][assert_api.py 15][INFO]: *************** 场景为：前台会员登录结束执行用例 ***************
[2021-09-16 14:35:45,257][assert_api.py 7][INFO]: *************** 场景为：前台获取验证码开始执行用例 ***************
[2021-09-16 14:35:45,257][assert_api.py 15][INFO]: *************** 场景为：前台获取验证码结束执行用例 ***************
[2021-09-16 14:35:45,340][assert_api.py 7][INFO]: *************** 场景为：前台注册开始执行用例 ***************
[2021-09-16 14:35:45,340][assert_api.py 15][INFO]: *************** 场景为：前台注册结束执行用例 ***************
[2021-09-16 14:35:45,465][assert_api.py 7][INFO]: *************** 场景为：前台添加收货地址开始执行用例 ***************
[2021-09-16 14:35:45,465][assert_api.py 15][INFO]: *************** 场景为：前台添加收货地址结束执行用例 ***************
[2021-09-16 15:05:19,080][assert_api.py 7][INFO]: *************** 操作成功开始执行用例 ***************
[2021-09-16 15:05:19,080][assert_api.py 15][INFO]: *************** 操作成功结束执行用例 ***************
[2021-09-16 15:05:19,135][assert_api.py 7][INFO]: *************** Bad credentials开始执行用例 ***************
[2021-09-16 15:05:19,136][assert_api.py 15][INFO]: *************** Bad credentials结束执行用例 ***************
[2021-09-16 15:05:19,303][assert_api.py 7][INFO]: *************** 场景为：前台会员登录开始执行用例 ***************
[2021-09-16 15:05:19,303][assert_api.py 15][INFO]: *************** 场景为：前台会员登录结束执行用例 ***************
[2021-09-16 15:05:19,336][assert_api.py 7][INFO]: *************** 场景为：前台获取验证码开始执行用例 ***************
[2021-09-16 15:05:19,336][assert_api.py 15][INFO]: *************** 场景为：前台获取验证码结束执行用例 ***************
[2021-09-16 15:05:19,426][assert_api.py 7][INFO]: *************** 场景为：前台注册开始执行用例 ***************
[2021-09-16 15:05:19,426][assert_api.py 15][INFO]: *************** 场景为：前台注册结束执行用例 ***************
[2021-09-16 15:05:19,561][assert_api.py 7][INFO]: *************** 场景为：前台添加收货地址开始执行用例 ***************
[2021-09-16 15:05:19,561][assert_api.py 15][INFO]: *************** 场景为：前台添加收货地址结束执行用例 ***************
[2021-09-16 15:08:31,911][assert_api.py 7][INFO]: *************** 场景为：前台会员登录开始执行用例 ***************
[2021-09-16 15:08:31,911][assert_api.py 15][INFO]: *************** 场景为：前台会员登录结束执行用例 ***************
[2021-09-16 15:09:07,742][assert_api.py 7][INFO]: *************** 场景为：前台获取验证码开始执行用例 ***************
[2021-09-16 15:09:07,742][assert_api.py 15][INFO]: *************** 场景为：前台获取验证码结束执行用例 ***************
[2021-09-16 17:34:03,566][assert_api.py 7][INFO]: *************** 操作成功开始执行用例 ***************
[2021-09-16 17:34:03,566][assert_api.py 15][INFO]: *************** 操作成功结束执行用例 ***************
[2021-09-16 17:34:03,659][assert_api.py 7][INFO]: *************** Bad credentials开始执行用例 ***************
[2021-09-16 17:34:03,659][assert_api.py 15][INFO]: *************** Bad credentials结束执行用例 ***************
[2021-09-16 17:34:03,881][assert_api.py 7][INFO]: *************** 场景为：前台会员登录开始执行用例 ***************
[2021-09-16 17:34:03,881][assert_api.py 15][INFO]: *************** 场景为：前台会员登录结束执行用例 ***************
[2021-09-16 17:34:03,919][assert_api.py 7][INFO]: *************** 场景为：前台获取验证码开始执行用例 ***************
[2021-09-16 17:34:03,919][assert_api.py 15][INFO]: *************** 场景为：前台获取验证码结束执行用例 ***************
[2021-09-16 17:34:04,019][assert_api.py 7][INFO]: *************** 场景为：前台注册开始执行用例 ***************
[2021-09-16 17:34:04,020][assert_api.py 15][INFO]: *************** 场景为：前台注册结束执行用例 ***************
[2021-09-16 17:34:04,154][assert_api.py 7][INFO]: *************** 场景为：前台添加收货地址开始执行用例 ***************
[2021-09-16 17:34:04,154][assert_api.py 15][INFO]: *************** 场景为：前台添加收货地址结束执行用例 ***************
[2021-09-16 17:36:39,355][assert_api.py 7][INFO]: *************** 操作成功开始执行用例 ***************
[2021-09-16 17:36:39,355][assert_api.py 15][INFO]: *************** 操作成功结束执行用例 ***************
[2021-09-16 17:36:39,422][assert_api.py 7][INFO]: *************** Bad credentials开始执行用例 ***************
[2021-09-16 17:36:39,423][assert_api.py 15][INFO]: *************** Bad credentials结束执行用例 ***************
[2021-09-16 17:36:39,687][assert_api.py 7][INFO]: *************** 场景为：前台会员登录开始执行用例 ***************
[2021-09-16 17:36:39,687][assert_api.py 15][INFO]: *************** 场景为：前台会员登录结束执行用例 ***************
[2021-09-16 17:36:39,726][assert_api.py 7][INFO]: *************** 场景为：前台获取验证码开始执行用例 ***************
[2021-09-16 17:36:39,726][assert_api.py 15][INFO]: *************** 场景为：前台获取验证码结束执行用例 ***************
[2021-09-16 17:36:39,840][assert_api.py 7][INFO]: *************** 场景为：前台添加收货地址开始执行用例 ***************
[2021-09-16 17:36:39,840][assert_api.py 15][INFO]: *************** 场景为：前台添加收货地址结束执行用例 ***************
[2021-09-16 17:36:46,088][assert_api.py 7][INFO]: *************** 操作成功开始执行用例 ***************
[2021-09-16 17:36:46,088][assert_api.py 15][INFO]: *************** 操作成功结束执行用例 ***************
[2021-09-16 17:36:46,152][assert_api.py 7][INFO]: *************** Bad credentials开始执行用例 ***************
[2021-09-16 17:36:46,153][assert_api.py 15][INFO]: *************** Bad credentials结束执行用例 ***************
[2021-09-16 17:36:46,323][assert_api.py 7][INFO]: *************** 场景为：前台会员登录开始执行用例 ***************
[2021-09-16 17:36:46,323][assert_api.py 15][INFO]: *************** 场景为：前台会员登录结束执行用例 ***************
[2021-09-16 17:36:46,380][assert_api.py 7][INFO]: *************** 场景为：前台获取验证码开始执行用例 ***************
[2021-09-16 17:36:46,380][assert_api.py 15][INFO]: *************** 场景为：前台获取验证码结束执行用例 ***************
[2021-09-16 17:36:46,477][assert_api.py 7][INFO]: *************** 场景为：前台注册开始执行用例 ***************
[2021-09-16 17:36:46,478][assert_api.py 15][INFO]: *************** 场景为：前台注册结束执行用例 ***************
[2021-09-16 17:36:46,618][assert_api.py 7][INFO]: *************** 场景为：前台添加收货地址开始执行用例 ***************
[2021-09-16 17:36:46,618][assert_api.py 15][INFO]: *************** 场景为：前台添加收货地址结束执行用例 ***************
[2021-09-16 17:38:54,423][assert_api.py 7][INFO]: *************** 操作成功开始执行用例 ***************
[2021-09-16 17:38:54,423][assert_api.py 15][INFO]: *************** 操作成功结束执行用例 ***************
[2021-09-16 17:38:54,547][assert_api.py 7][INFO]: *************** Bad credentials开始执行用例 ***************
[2021-09-16 17:38:54,548][assert_api.py 15][INFO]: *************** Bad credentials结束执行用例 ***************
[2021-09-16 17:38:54,832][assert_api.py 7][INFO]: *************** 场景为：前台会员登录开始执行用例 ***************
[2021-09-16 17:38:54,833][assert_api.py 15][INFO]: *************** 场景为：前台会员登录结束执行用例 ***************
[2021-09-16 17:38:54,863][assert_api.py 7][INFO]: *************** 场景为：前台获取验证码开始执行用例 ***************
[2021-09-16 17:38:54,863][assert_api.py 12][ERROR]: =====>场景为：前台获取验证码用例执行未通过
[2021-09-16 17:38:56,043][assert_api.py 7][INFO]: *************** 场景为：前台获取验证码开始执行用例 ***************
[2021-09-16 17:38:56,043][assert_api.py 12][ERROR]: =====>场景为：前台获取验证码用例执行未通过
[2021-09-16 17:38:57,106][assert_api.py 7][INFO]: *************** 场景为：前台获取验证码开始执行用例 ***************
[2021-09-16 17:38:57,106][assert_api.py 12][ERROR]: =====>场景为：前台获取验证码用例执行未通过
[2021-09-16 17:38:58,232][assert_api.py 7][INFO]: *************** 场景为：前台获取验证码开始执行用例 ***************
[2021-09-16 17:38:58,232][assert_api.py 12][ERROR]: =====>场景为：前台获取验证码用例执行未通过
[2021-09-16 17:39:01,242][assert_api.py 7][INFO]: *************** 场景为：前台获取验证码开始执行用例 ***************
[2021-09-16 17:39:01,242][assert_api.py 12][ERROR]: =====>场景为：前台获取验证码用例执行未通过
[2021-09-16 17:39:07,108][assert_api.py 7][INFO]: *************** 场景为：前台获取验证码开始执行用例 ***************
[2021-09-16 17:39:07,108][assert_api.py 12][ERROR]: =====>场景为：前台获取验证码用例执行未通过
[2021-09-16 17:39:17,645][assert_api.py 7][INFO]: *************** 场景为：前台添加收货地址开始执行用例 ***************
[2021-09-16 17:39:17,645][assert_api.py 15][INFO]: *************** 场景为：前台添加收货地址结束执行用例 ***************
[2021-09-16 17:39:56,487][assert_api.py 7][INFO]: *************** 操作成功开始执行用例 ***************
[2021-09-16 17:39:56,487][assert_api.py 15][INFO]: *************** 操作成功结束执行用例 ***************
[2021-09-16 17:39:56,570][assert_api.py 7][INFO]: *************** Bad credentials开始执行用例 ***************
[2021-09-16 17:39:56,570][assert_api.py 15][INFO]: *************** Bad credentials结束执行用例 ***************
[2021-09-16 17:39:56,930][assert_api.py 7][INFO]: *************** 场景为：前台会员登录开始执行用例 ***************
[2021-09-16 17:39:56,931][assert_api.py 15][INFO]: *************** 场景为：前台会员登录结束执行用例 ***************
[2021-09-16 17:39:57,098][assert_api.py 7][INFO]: *************** 场景为：前台获取验证码开始执行用例 ***************
[2021-09-16 17:39:57,098][assert_api.py 15][INFO]: *************** 场景为：前台获取验证码结束执行用例 ***************
[2021-09-16 17:39:57,382][assert_api.py 7][INFO]: *************** 场景为：前台注册开始执行用例 ***************
[2021-09-16 17:39:57,382][assert_api.py 15][INFO]: *************** 场景为：前台注册结束执行用例 ***************
[2021-09-16 17:42:21,127][assert_api.py 7][INFO]: *************** 操作成功开始执行用例 ***************
[2021-09-16 17:42:21,127][assert_api.py 15][INFO]: *************** 操作成功结束执行用例 ***************
[2021-09-16 17:42:21,213][assert_api.py 7][INFO]: *************** Bad credentials开始执行用例 ***************
[2021-09-16 17:42:21,213][assert_api.py 15][INFO]: *************** Bad credentials结束执行用例 ***************
[2021-09-16 17:42:21,473][assert_api.py 7][INFO]: *************** 场景为：前台会员登录开始执行用例 ***************
[2021-09-16 17:42:21,474][assert_api.py 15][INFO]: *************** 场景为：前台会员登录结束执行用例 ***************
[2021-09-16 17:42:21,670][assert_api.py 7][INFO]: *************** 场景为：前台获取验证码开始执行用例 ***************
[2021-09-16 17:42:21,670][assert_api.py 15][INFO]: *************** 场景为：前台获取验证码结束执行用例 ***************
[2021-09-16 17:42:21,784][assert_api.py 7][INFO]: *************** 场景为：前台注册开始执行用例 ***************
[2021-09-16 17:42:21,784][assert_api.py 15][INFO]: *************** 场景为：前台注册结束执行用例 ***************
[2021-09-16 17:43:58,699][assert_api.py 7][INFO]: *************** 操作成功开始执行用例 ***************
[2021-09-16 17:43:58,699][assert_api.py 15][INFO]: *************** 操作成功结束执行用例 ***************
[2021-09-16 17:43:58,771][assert_api.py 7][INFO]: *************** Bad credentials开始执行用例 ***************
[2021-09-16 17:43:58,771][assert_api.py 15][INFO]: *************** Bad credentials结束执行用例 ***************
[2021-09-16 17:43:58,980][assert_api.py 7][INFO]: *************** 场景为：前台会员登录开始执行用例 ***************
[2021-09-16 17:43:58,980][assert_api.py 15][INFO]: *************** 场景为：前台会员登录结束执行用例 ***************
[2021-09-16 17:43:59,022][assert_api.py 7][INFO]: *************** 场景为：前台获取验证码开始执行用例 ***************
[2021-09-16 17:43:59,022][assert_api.py 15][INFO]: *************** 场景为：前台获取验证码结束执行用例 ***************
[2021-09-16 17:43:59,115][assert_api.py 7][INFO]: *************** 场景为：前台注册开始执行用例 ***************
[2021-09-16 17:43:59,115][assert_api.py 15][INFO]: *************** 场景为：前台注册结束执行用例 ***************
[2021-09-16 17:48:30,379][assert_api.py 7][INFO]: *************** 操作成功开始执行用例 ***************
[2021-09-16 17:48:30,379][assert_api.py 15][INFO]: *************** 操作成功结束执行用例 ***************
[2021-09-16 17:48:30,603][assert_api.py 7][INFO]: *************** Bad credentials开始执行用例 ***************
[2021-09-16 17:48:30,603][assert_api.py 15][INFO]: *************** Bad credentials结束执行用例 ***************
[2021-09-16 17:48:30,671][assert_api.py 7][INFO]: *************** 场景为：前台会员登录开始执行用例 ***************
[2021-09-16 17:48:30,671][assert_api.py 15][INFO]: *************** 场景为：前台会员登录结束执行用例 ***************
[2021-09-16 17:48:30,722][assert_api.py 7][INFO]: *************** 场景为：前台获取验证码开始执行用例 ***************
[2021-09-16 17:48:30,723][assert_api.py 15][INFO]: *************** 场景为：前台获取验证码结束执行用例 ***************
[2021-09-16 17:48:30,819][assert_api.py 7][INFO]: *************** 场景为：前台注册开始执行用例 ***************
[2021-09-16 17:48:30,820][assert_api.py 15][INFO]: *************** 场景为：前台注册结束执行用例 ***************
[2021-09-16 17:50:30,472][assert_api.py 7][INFO]: *************** 操作成功开始执行用例 ***************
[2021-09-16 17:50:30,472][assert_api.py 15][INFO]: *************** 操作成功结束执行用例 ***************
[2021-09-16 17:50:30,554][assert_api.py 7][INFO]: *************** Bad credentials开始执行用例 ***************
[2021-09-16 17:50:30,554][assert_api.py 15][INFO]: *************** Bad credentials结束执行用例 ***************
[2021-09-16 17:50:30,782][assert_api.py 7][INFO]: *************** 场景为：前台会员登录开始执行用例 ***************
[2021-09-16 17:50:30,782][assert_api.py 15][INFO]: *************** 场景为：前台会员登录结束执行用例 ***************
[2021-09-16 17:50:30,824][assert_api.py 7][INFO]: *************** 场景为：前台获取验证码开始执行用例 ***************
[2021-09-16 17:50:30,824][assert_api.py 15][INFO]: *************** 场景为：前台获取验证码结束执行用例 ***************
[2021-09-16 17:50:30,950][assert_api.py 7][INFO]: *************** 场景为：前台注册开始执行用例 ***************
[2021-09-16 17:50:30,950][assert_api.py 15][INFO]: *************** 场景为：前台注册结束执行用例 ***************
