[2021-11-06 13:51:13,204][main.py 16][INFO]: 
                     _    _         _      _____         _
      __ _ _ __ (_)  / \  _   _| |_ __|_   _|__  ___| |_
     / _` | '_ \| | / _ \| | | | __/ _ \| |/ _ \/ __| __|
    | (_| | |_) | |/ ___ \ |_| | || (_) | |  __/\__ \ |_
     \__,_| .__/|_/_/   \_\__,_|\__\___/|_|\___||___/\__|
          |_|
          Starting     ...  道长伴你终身   ...  测试之道学院永相随   ...
        
[2021-11-06 13:51:16,532][logger.py 61][INFO]: ------开始执行test_get_auth_code用例------
[2021-11-06 13:51:16,564][logger.py 61][INFO]: ------开始执行assert_api用例------
[2021-11-06 13:51:16,564][logger.py 69][INFO]: ------assert_api执行成功------
[2021-11-06 13:51:16,564][logger.py 69][INFO]: ------test_get_auth_code执行成功------
[2021-11-06 13:51:16,568][logger.py 61][INFO]: ------开始执行test_admin_login用例------
[2021-11-06 13:51:16,603][logger.py 61][INFO]: ------开始执行assert_api用例------
[2021-11-06 13:51:16,603][logger.py 69][INFO]: ------assert_api执行成功------
[2021-11-06 13:51:16,603][logger.py 69][INFO]: ------test_admin_login执行成功------
[2021-11-06 13:51:16,665][logger.py 61][INFO]: ------开始执行assert_api用例------
[2021-11-06 13:51:16,666][logger.py 69][INFO]: ------assert_api执行成功------
[2021-11-06 13:51:16,670][logger.py 61][INFO]: ------开始执行test_admin_login用例------
[2021-11-06 13:51:16,714][logger.py 61][INFO]: ------开始执行assert_api用例------
[2021-11-06 13:51:16,714][logger.py 69][INFO]: ------assert_api执行成功------
[2021-11-06 13:51:16,714][logger.py 69][INFO]: ------test_admin_login执行成功------
[2021-11-06 13:51:51,136][main.py 16][INFO]: 
                     _    _         _      _____         _
      __ _ _ __ (_)  / \  _   _| |_ __|_   _|__  ___| |_
     / _` | '_ \| | / _ \| | | | __/ _ \| |/ _ \/ __| __|
    | (_| | |_) | |/ ___ \ |_| | || (_) | |  __/\__ \ |_
     \__,_| .__/|_/_/   \_\__,_|\__\___/|_|\___||___/\__|
          |_|
          Starting     ...  道长伴你终身   ...  测试之道学院永相随   ...
        
[2021-11-06 13:51:54,205][logger.py 61][INFO]: ------开始执行test_get_auth_code用例------
[2021-11-06 13:51:54,233][logger.py 61][INFO]: ------开始执行assert_api用例------
[2021-11-06 13:51:54,233][logger.py 69][INFO]: ------assert_api执行成功------
[2021-11-06 13:51:54,233][logger.py 69][INFO]: ------test_get_auth_code执行成功------
[2021-11-06 13:51:54,248][logger.py 61][INFO]: ------开始执行test_admin_login用例------
[2021-11-06 13:51:54,295][logger.py 61][INFO]: ------开始执行assert_api用例------
[2021-11-06 13:51:54,296][logger.py 69][INFO]: ------assert_api执行成功------
[2021-11-06 13:51:54,296][logger.py 69][INFO]: ------test_admin_login执行成功------
[2021-11-06 13:51:54,365][logger.py 61][INFO]: ------开始执行assert_api用例------
[2021-11-06 13:51:54,366][logger.py 69][INFO]: ------assert_api执行成功------
[2021-11-06 13:51:54,370][logger.py 61][INFO]: ------开始执行test_admin_login用例------
[2021-11-06 13:51:54,415][logger.py 61][INFO]: ------开始执行assert_api用例------
[2021-11-06 13:51:54,416][logger.py 69][INFO]: ------assert_api执行成功------
[2021-11-06 13:51:54,416][logger.py 69][INFO]: ------test_admin_login执行成功------
[2021-11-06 13:52:13,123][main.py 16][INFO]: 
                     _    _         _      _____         _
      __ _ _ __ (_)  / \  _   _| |_ __|_   _|__  ___| |_
     / _` | '_ \| | / _ \| | | | __/ _ \| |/ _ \/ __| __|
    | (_| | |_) | |/ ___ \ |_| | || (_) | |  __/\__ \ |_
     \__,_| .__/|_/_/   \_\__,_|\__\___/|_|\___||___/\__|
          |_|
          Starting     ...  道长伴你终身   ...  测试之道学院永相随   ...
        
[2021-11-06 13:52:16,121][logger.py 61][INFO]: ------开始执行test_get_auth_code用例------
[2021-11-06 13:52:16,159][logger.py 61][INFO]: ------开始执行assert_api用例------
[2021-11-06 13:52:16,159][logger.py 69][INFO]: ------assert_api执行成功------
[2021-11-06 13:52:16,159][logger.py 69][INFO]: ------test_get_auth_code执行成功------
[2021-11-06 13:52:16,163][logger.py 61][INFO]: ------开始执行test_admin_login用例------
[2021-11-06 13:52:16,208][logger.py 61][INFO]: ------开始执行assert_api用例------
[2021-11-06 13:52:16,208][logger.py 69][INFO]: ------assert_api执行成功------
[2021-11-06 13:52:16,208][logger.py 69][INFO]: ------test_admin_login执行成功------
[2021-11-06 13:52:16,284][logger.py 61][INFO]: ------开始执行assert_api用例------
[2021-11-06 13:52:16,284][logger.py 69][INFO]: ------assert_api执行成功------
[2021-11-06 13:52:16,289][logger.py 61][INFO]: ------开始执行test_admin_login用例------
[2021-11-06 13:52:16,324][logger.py 61][INFO]: ------开始执行assert_api用例------
[2021-11-06 13:52:16,324][logger.py 69][INFO]: ------assert_api执行成功------
[2021-11-06 13:52:16,324][logger.py 69][INFO]: ------test_admin_login执行成功------
