[2021-09-07 14:19:56,090][assert_api.py 7][INFO]: *************** 场景为：前台添加收货地址开始执行用例 ***************
[2021-09-07 14:19:56,090][assert_api.py 15][INFO]: *************** 场景为：前台添加收货地址结束执行用例 ***************
[2021-09-07 14:45:42,702][assert_api.py 7][INFO]: *************** 场景为：前台添加收货地址开始执行用例 ***************
[2021-09-07 14:45:42,702][assert_api.py 15][INFO]: *************** 场景为：前台添加收货地址结束执行用例 ***************
[2021-09-07 15:08:30,657][assert_api.py 7][INFO]: *************** 场景为：前台获取验证码开始执行用例 ***************
[2021-09-07 15:08:30,657][assert_api.py 15][INFO]: *************** 场景为：前台获取验证码结束执行用例 ***************
[2021-09-07 15:29:47,407][assert_api.py 7][INFO]: *************** 场景为：前台注册开始执行用例 ***************
[2021-09-07 15:29:47,407][assert_api.py 15][INFO]: *************** 场景为：前台注册结束执行用例 ***************
[2021-09-07 15:31:56,345][assert_api.py 7][INFO]: *************** 场景为：前台注册开始执行用例 ***************
[2021-09-07 15:31:56,345][assert_api.py 15][INFO]: *************** 场景为：前台注册结束执行用例 ***************
[2021-09-07 15:46:37,012][assert_api.py 7][INFO]: *************** 场景为：前台会员登录开始执行用例 ***************
[2021-09-07 15:46:37,013][assert_api.py 15][INFO]: *************** 场景为：前台会员登录结束执行用例 ***************
[2021-09-07 15:47:06,806][assert_api.py 7][INFO]: *************** 场景为：前台会员登录开始执行用例 ***************
[2021-09-07 15:47:06,806][assert_api.py 15][INFO]: *************** 场景为：前台会员登录结束执行用例 ***************
[2021-09-07 16:06:32,009][assert_api.py 7][INFO]: *************** 场景为：前台添加收货地址开始执行用例 ***************
[2021-09-07 16:06:32,009][assert_api.py 15][INFO]: *************** 场景为：前台添加收货地址结束执行用例 ***************
[2021-09-07 16:40:21,057][assert_api.py 7][INFO]: *************** 操作成功开始执行用例 ***************
[2021-09-07 16:40:21,057][assert_api.py 15][INFO]: *************** 操作成功结束执行用例 ***************
[2021-09-07 16:40:55,886][assert_api.py 7][INFO]: *************** 操作成功开始执行用例 ***************
[2021-09-07 16:40:55,886][assert_api.py 15][INFO]: *************** 操作成功结束执行用例 ***************
[2021-09-07 16:41:22,865][assert_api.py 7][INFO]: *************** 操作成功开始执行用例 ***************
[2021-09-07 16:41:22,865][assert_api.py 15][INFO]: *************** 操作成功结束执行用例 ***************
[2021-09-07 16:42:46,309][assert_api.py 7][INFO]: *************** 操作成功开始执行用例 ***************
[2021-09-07 16:42:46,309][assert_api.py 15][INFO]: *************** 操作成功结束执行用例 ***************
[2021-09-07 16:42:48,417][assert_api.py 7][INFO]: *************** Bad credentials开始执行用例 ***************
[2021-09-07 16:42:48,417][assert_api.py 15][INFO]: *************** Bad credentials结束执行用例 ***************
[2021-09-07 16:43:12,346][assert_api.py 7][INFO]: *************** 场景为：前台获取验证码开始执行用例 ***************
[2021-09-07 16:43:12,346][assert_api.py 15][INFO]: *************** 场景为：前台获取验证码结束执行用例 ***************
[2021-09-07 16:43:20,316][assert_api.py 7][INFO]: *************** 场景为：前台注册开始执行用例 ***************
[2021-09-07 16:43:20,316][assert_api.py 15][INFO]: *************** 场景为：前台注册结束执行用例 ***************
[2021-09-07 16:43:24,851][assert_api.py 7][INFO]: *************** 场景为：前台添加收货地址开始执行用例 ***************
[2021-09-07 16:43:24,851][assert_api.py 15][INFO]: *************** 场景为：前台添加收货地址结束执行用例 ***************
[2021-09-07 16:53:17,688][assert_api.py 7][INFO]: *************** 操作成功开始执行用例 ***************
[2021-09-07 16:53:17,688][assert_api.py 15][INFO]: *************** 操作成功结束执行用例 ***************
[2021-09-07 16:53:17,958][assert_api.py 7][INFO]: *************** Bad credentials开始执行用例 ***************
[2021-09-07 16:53:17,958][assert_api.py 15][INFO]: *************** Bad credentials结束执行用例 ***************
[2021-09-07 16:53:18,643][assert_api.py 7][INFO]: *************** 场景为：前台会员登录开始执行用例 ***************
[2021-09-07 16:53:18,643][assert_api.py 15][INFO]: *************** 场景为：前台会员登录结束执行用例 ***************
[2021-09-07 16:53:18,861][assert_api.py 7][INFO]: *************** 场景为：前台获取验证码开始执行用例 ***************
[2021-09-07 16:53:18,862][assert_api.py 15][INFO]: *************** 场景为：前台获取验证码结束执行用例 ***************
[2021-09-07 16:53:19,251][assert_api.py 7][INFO]: *************** 场景为：前台注册开始执行用例 ***************
[2021-09-07 16:53:19,251][assert_api.py 15][INFO]: *************** 场景为：前台注册结束执行用例 ***************
[2021-09-07 16:53:19,834][assert_api.py 7][INFO]: *************** 场景为：前台添加收货地址开始执行用例 ***************
[2021-09-07 16:53:19,834][assert_api.py 15][INFO]: *************** 场景为：前台添加收货地址结束执行用例 ***************
[2021-09-07 17:03:23,808][assert_api.py 7][INFO]: *************** 操作成功开始执行用例 ***************
[2021-09-07 17:03:23,808][assert_api.py 15][INFO]: *************** 操作成功结束执行用例 ***************
[2021-09-07 17:03:23,859][assert_api.py 7][INFO]: *************** Bad credentials开始执行用例 ***************
[2021-09-07 17:03:23,859][assert_api.py 15][INFO]: *************** Bad credentials结束执行用例 ***************
[2021-09-07 17:03:24,037][assert_api.py 7][INFO]: *************** 场景为：前台获取验证码开始执行用例 ***************
[2021-09-07 17:03:24,037][assert_api.py 15][INFO]: *************** 场景为：前台获取验证码结束执行用例 ***************
[2021-09-07 17:03:24,113][assert_api.py 7][INFO]: *************** 场景为：前台注册开始执行用例 ***************
[2021-09-07 17:03:24,114][assert_api.py 15][INFO]: *************** 场景为：前台注册结束执行用例 ***************
[2021-09-07 17:03:24,240][assert_api.py 7][INFO]: *************** 场景为：前台添加收货地址开始执行用例 ***************
[2021-09-07 17:03:24,240][assert_api.py 15][INFO]: *************** 场景为：前台添加收货地址结束执行用例 ***************
[2021-09-07 17:04:21,489][assert_api.py 7][INFO]: *************** 操作成功开始执行用例 ***************
[2021-09-07 17:04:21,489][assert_api.py 15][INFO]: *************** 操作成功结束执行用例 ***************
[2021-09-07 17:04:21,554][assert_api.py 7][INFO]: *************** Bad credentials开始执行用例 ***************
[2021-09-07 17:04:21,554][assert_api.py 15][INFO]: *************** Bad credentials结束执行用例 ***************
[2021-09-07 17:04:21,730][assert_api.py 7][INFO]: *************** 场景为：前台获取验证码开始执行用例 ***************
[2021-09-07 17:04:21,730][assert_api.py 15][INFO]: *************** 场景为：前台获取验证码结束执行用例 ***************
[2021-09-07 17:04:21,817][assert_api.py 7][INFO]: *************** 场景为：前台注册开始执行用例 ***************
[2021-09-07 17:04:21,818][assert_api.py 15][INFO]: *************** 场景为：前台注册结束执行用例 ***************
[2021-09-07 17:04:21,949][assert_api.py 7][INFO]: *************** 场景为：前台添加收货地址开始执行用例 ***************
[2021-09-07 17:04:21,949][assert_api.py 15][INFO]: *************** 场景为：前台添加收货地址结束执行用例 ***************
[2021-09-07 17:05:16,118][assert_api.py 7][INFO]: *************** 场景为：前台会员登录开始执行用例 ***************
[2021-09-07 17:05:16,118][assert_api.py 15][INFO]: *************** 场景为：前台会员登录结束执行用例 ***************
[2021-09-07 17:05:49,213][assert_api.py 7][INFO]: *************** 场景为：前台会员登录开始执行用例 ***************
[2021-09-07 17:05:49,213][assert_api.py 15][INFO]: *************** 场景为：前台会员登录结束执行用例 ***************
[2021-09-07 17:05:58,816][assert_api.py 7][INFO]: *************** 操作成功开始执行用例 ***************
[2021-09-07 17:05:58,816][assert_api.py 15][INFO]: *************** 操作成功结束执行用例 ***************
[2021-09-07 17:05:58,861][assert_api.py 7][INFO]: *************** Bad credentials开始执行用例 ***************
[2021-09-07 17:05:58,861][assert_api.py 15][INFO]: *************** Bad credentials结束执行用例 ***************
[2021-09-07 17:05:59,042][assert_api.py 7][INFO]: *************** 场景为：前台会员登录开始执行用例 ***************
[2021-09-07 17:05:59,042][assert_api.py 15][INFO]: *************** 场景为：前台会员登录结束执行用例 ***************
[2021-09-07 17:05:59,086][assert_api.py 7][INFO]: *************** 场景为：前台获取验证码开始执行用例 ***************
[2021-09-07 17:05:59,086][assert_api.py 15][INFO]: *************** 场景为：前台获取验证码结束执行用例 ***************
[2021-09-07 17:05:59,246][assert_api.py 7][INFO]: *************** 场景为：前台注册开始执行用例 ***************
[2021-09-07 17:05:59,247][assert_api.py 15][INFO]: *************** 场景为：前台注册结束执行用例 ***************
[2021-09-07 17:05:59,374][assert_api.py 7][INFO]: *************** 场景为：前台添加收货地址开始执行用例 ***************
[2021-09-07 17:05:59,374][assert_api.py 15][INFO]: *************** 场景为：前台添加收货地址结束执行用例 ***************
[2021-09-07 17:08:14,494][assert_api.py 7][INFO]: *************** 操作成功开始执行用例 ***************
[2021-09-07 17:08:14,494][assert_api.py 15][INFO]: *************** 操作成功结束执行用例 ***************
[2021-09-07 17:08:14,548][assert_api.py 7][INFO]: *************** Bad credentials开始执行用例 ***************
[2021-09-07 17:08:14,548][assert_api.py 15][INFO]: *************** Bad credentials结束执行用例 ***************
[2021-09-07 17:08:14,716][assert_api.py 7][INFO]: *************** 场景为：前台会员登录开始执行用例 ***************
[2021-09-07 17:08:14,716][assert_api.py 15][INFO]: *************** 场景为：前台会员登录结束执行用例 ***************
[2021-09-07 17:08:14,749][assert_api.py 7][INFO]: *************** 场景为：前台获取验证码开始执行用例 ***************
[2021-09-07 17:08:14,749][assert_api.py 15][INFO]: *************** 场景为：前台获取验证码结束执行用例 ***************
[2021-09-07 17:08:14,831][assert_api.py 7][INFO]: *************** 场景为：前台注册开始执行用例 ***************
[2021-09-07 17:08:14,832][assert_api.py 15][INFO]: *************** 场景为：前台注册结束执行用例 ***************
[2021-09-07 17:08:14,953][assert_api.py 7][INFO]: *************** 场景为：前台添加收货地址开始执行用例 ***************
[2021-09-07 17:08:14,953][assert_api.py 15][INFO]: *************** 场景为：前台添加收货地址结束执行用例 ***************
