[2021-05-21 14:26:05,761][test02_add_kecheng.py 20][INFO]: *************** 新增课件开始执行用例 ***************
[2021-05-21 14:26:06,586][test02_add_kecheng.py 28][ERROR]: =====>新增课件用例执行未通过，失败信息{'status_code': 200, 'data': {'code': 200, 'message': '操作成功！'}}
[2021-05-21 15:31:16,995][test02_add_kecheng.py 20][INFO]: *************** 新增课件开始执行用例 ***************
[2021-05-21 15:31:17,463][test02_add_kecheng.py 28][ERROR]: =====>新增课件用例执行未通过，失败信息{'status_code': 200, 'data': {'code': 200, 'message': '操作成功！'}}
[2021-05-21 15:31:18,267][test02_add_kecheng.py 37][INFO]: *************** 开始执行用例 ***************
[2021-05-21 15:31:19,651][test02_add_kecheng.py 52][INFO]: *************** 下架课程结束执行用例 ***************
[2021-05-21 15:32:10,889][test02_add_kecheng.py 20][INFO]: *************** 新增课件开始执行用例 ***************
[2021-05-21 15:32:15,406][test02_add_kecheng.py 31][INFO]: *************** 新增课件结束执行用例 ***************
[2021-05-21 15:32:19,002][test02_add_kecheng.py 37][INFO]: *************** 开始执行用例 ***************
[2021-05-21 15:32:20,740][test02_add_kecheng.py 52][INFO]: *************** 下架课程结束执行用例 ***************
[2021-05-21 15:40:20,547][test02_add_kecheng.py 20][INFO]: *************** 新增课件开始执行用例 ***************
[2021-05-21 15:40:23,121][test02_add_kecheng.py 31][INFO]: *************** 新增课件结束执行用例 ***************
[2021-05-21 15:40:24,277][test02_add_kecheng.py 37][INFO]: *************** 开始执行用例 ***************
[2021-05-21 15:40:25,776][test02_add_kecheng.py 52][INFO]: *************** 下架课程结束执行用例 ***************
[2021-05-21 15:40:55,588][test02_add_kecheng.py 20][INFO]: *************** 新增课件开始执行用例 ***************
[2021-05-21 15:40:55,857][test02_add_kecheng.py 31][INFO]: *************** 新增课件结束执行用例 ***************
[2021-05-21 15:40:57,872][test02_add_kecheng.py 37][INFO]: *************** 开始执行用例 ***************
[2021-05-21 15:40:59,287][test02_add_kecheng.py 52][INFO]: *************** 下架课程结束执行用例 ***************
[2021-05-21 16:17:59,657][test02_add_kecheng.py 20][INFO]: *************** 新增课件开始执行用例 ***************
[2021-05-21 16:18:00,252][test02_add_kecheng.py 31][INFO]: *************** 新增课件结束执行用例 ***************
[2021-05-21 16:18:01,765][test02_add_kecheng.py 37][INFO]: *************** 开始执行用例 ***************
[2021-05-21 16:18:03,923][test02_add_kecheng.py 52][INFO]: *************** 下架课程结束执行用例 ***************
[2021-05-21 16:21:01,069][test02_add_kecheng.py 20][INFO]: *************** 新增课件开始执行用例 ***************
[2021-05-21 16:21:01,787][test02_add_kecheng.py 31][INFO]: *************** 新增课件结束执行用例 ***************
[2021-05-21 16:21:04,488][test02_add_kecheng.py 37][INFO]: *************** 开始执行用例 ***************
[2021-05-21 16:21:06,455][test02_add_kecheng.py 52][INFO]: *************** 下架课程结束执行用例 ***************
[2021-05-21 16:23:31,889][test02_add_kecheng.py 20][INFO]: *************** 新增课件开始执行用例 ***************
[2021-05-21 16:23:33,527][test02_add_kecheng.py 31][INFO]: *************** 新增课件结束执行用例 ***************
[2021-05-21 16:23:35,652][test02_add_kecheng.py 37][INFO]: *************** 开始执行用例 ***************
[2021-05-21 16:23:39,332][test02_add_kecheng.py 52][INFO]: *************** 下架课程结束执行用例 ***************
[2021-05-21 16:24:55,823][test02_add_kecheng.py 21][INFO]: *************** 新增课件开始执行用例 ***************
[2021-05-21 16:24:57,942][test02_add_kecheng.py 32][INFO]: *************** 新增课件结束执行用例 ***************
[2021-05-21 16:24:59,748][test02_add_kecheng.py 38][INFO]: *************** 开始执行用例 ***************
[2021-05-21 16:25:03,465][test02_add_kecheng.py 53][INFO]: *************** 下架课程结束执行用例 ***************
[2021-05-21 16:35:20,385][test02_add_kecheng.py 21][INFO]: *************** 新增课件开始执行用例 ***************
[2021-05-21 16:35:22,404][test02_add_kecheng.py 32][INFO]: *************** 新增课件结束执行用例 ***************
[2021-05-21 16:35:27,890][test02_add_kecheng.py 38][INFO]: *************** 开始执行用例 ***************
[2021-05-21 17:10:01,193][test02_add_kecheng.py 21][INFO]: *************** 新增课件开始执行用例 ***************
[2021-05-21 17:10:01,411][test02_add_kecheng.py 32][INFO]: *************** 新增课件结束执行用例 ***************
[2021-05-21 17:10:02,034][test02_add_kecheng.py 53][INFO]: *************** 下架课程结束执行用例 ***************
