[2021-10-03 20:34:56,443][main.py 16][INFO]: 
                     _    _         _      _____         _
      __ _ _ __ (_)  / \  _   _| |_ __|_   _|__  ___| |_
     / _` | '_ \| | / _ \| | | | __/ _ \| |/ _ \/ __| __|
    | (_| | |_) | |/ ___ \ |_| | || (_) | |  __/\__ \ |_
     \__,_| .__/|_/_/   \_\__,_|\__\___/|_|\___||___/\__|
          |_|
          Starting     ...  道长伴你终身   ...  测试之道学院永相随   ...
        
[2021-10-03 20:35:43,067][logger.py 61][INFO]: ------开始执行test_admin_login------
[2021-10-03 20:35:43,123][logger.py 69][INFO]: ------test_admin_login执行成功------
[2021-10-03 20:35:48,669][logger.py 61][INFO]: ------开始执行test_admin_login------
[2021-10-03 20:35:48,810][logger.py 69][INFO]: ------test_admin_login执行成功------
[2021-10-03 20:36:19,023][logger.py 61][INFO]: ------开始执行test_get_auth_code------
[2021-10-03 20:36:19,062][logger.py 69][INFO]: ------test_get_auth_code执行成功------
[2021-10-03 20:39:52,804][logger.py 61][INFO]: ------开始执行test_get_auth_code------
[2021-10-03 20:39:52,838][logger.py 69][INFO]: ------test_get_auth_code执行成功------
[2021-10-03 20:40:05,914][logger.py 61][INFO]: ------开始执行test_admin_login------
[2021-10-03 20:40:05,977][logger.py 69][INFO]: ------test_admin_login执行成功------
[2021-10-03 21:21:26,980][logger.py 61][INFO]: ------开始执行test_admin_login------
[2021-10-03 21:21:27,032][logger.py 69][INFO]: ------test_admin_login执行成功------
[2021-10-03 21:23:02,937][logger.py 61][INFO]: ------开始执行test_admin_login------
[2021-10-03 21:23:02,993][logger.py 69][INFO]: ------test_admin_login执行成功------
[2021-10-03 21:23:13,800][main.py 16][INFO]: 
                     _    _         _      _____         _
      __ _ _ __ (_)  / \  _   _| |_ __|_   _|__  ___| |_
     / _` | '_ \| | / _ \| | | | __/ _ \| |/ _ \/ __| __|
    | (_| | |_) | |/ ___ \ |_| | || (_) | |  __/\__ \ |_
     \__,_| .__/|_/_/   \_\__,_|\__\___/|_|\___||___/\__|
          |_|
          Starting     ...  道长伴你终身   ...  测试之道学院永相随   ...
        
[2021-10-03 21:23:17,421][logger.py 61][INFO]: ------开始执行test_get_auth_code------
[2021-10-03 21:23:17,469][logger.py 69][INFO]: ------test_get_auth_code执行成功------
[2021-10-03 21:23:17,572][logger.py 61][INFO]: ------开始执行test_admin_login------
[2021-10-03 21:23:17,623][logger.py 69][INFO]: ------test_admin_login执行成功------
[2021-10-03 21:23:29,301][logger.py 61][INFO]: ------开始执行test_admin_login------
[2021-10-03 21:23:29,343][logger.py 69][INFO]: ------test_admin_login执行成功------
[2021-10-03 21:24:14,748][logger.py 61][INFO]: ------开始执行test_admin_login------
[2021-10-03 21:24:14,798][logger.py 69][INFO]: ------test_admin_login执行成功------
[2021-10-03 21:24:39,135][logger.py 61][INFO]: ------开始执行test_admin_login------
[2021-10-03 21:24:39,179][logger.py 69][INFO]: ------test_admin_login执行成功------
