[2021-09-22 18:13:44,092][assert_api.py 5][INFO]: *************** 正确的登录开始执行用例 ***************
[2021-09-22 18:13:44,092][assert_api.py 13][INFO]: *************** 正确的登录--用例通过 ***************
[2021-09-22 18:13:51,982][assert_api.py 5][INFO]: *************** 正确的登录开始执行用例 ***************
[2021-09-22 18:13:51,982][assert_api.py 13][INFO]: *************** 正确的登录--用例通过 ***************
[2021-09-22 18:13:52,069][assert_api.py 5][INFO]: *************** 用户名错误的登录开始执行用例 ***************
[2021-09-22 18:13:52,069][assert_api.py 13][INFO]: *************** 用户名错误的登录--用例通过 ***************
[2021-09-22 18:46:51,092][main.py 16][INFO]: 
                     _    _         _      _____         _
      __ _ _ __ (_)  / \  _   _| |_ __|_   _|__  ___| |_
     / _` | '_ \| | / _ \| | | | __/ _ \| |/ _ \/ __| __|
    | (_| | |_) | |/ ___ \ |_| | || (_) | |  __/\__ \ |_
     \__,_| .__/|_/_/   \_\__,_|\__\___/|_|\___||___/\__|
          |_|
          Starting     ...  道长伴你终身   ...  测试之道学院永相随   ...
        
[2021-09-22 18:46:54,195][assert_api.py 5][INFO]: *************** 正确的登录开始执行用例 ***************
[2021-09-22 18:46:54,195][assert_api.py 13][INFO]: *************** 正确的登录--用例通过 ***************
[2021-09-22 18:46:54,279][assert_api.py 5][INFO]: *************** 用户名错误的登录开始执行用例 ***************
[2021-09-22 18:46:54,279][assert_api.py 13][INFO]: *************** 用户名错误的登录--用例通过 ***************
[2021-09-22 18:46:54,327][assert_api.py 5][INFO]: *************** 正确的登录开始执行用例 ***************
[2021-09-22 18:46:54,327][assert_api.py 13][INFO]: *************** 正确的登录--用例通过 ***************
[2021-09-22 18:46:54,389][assert_api.py 5][INFO]: *************** 正确的登录开始执行用例 ***************
[2021-09-22 18:46:54,389][assert_api.py 13][INFO]: *************** 正确的登录--用例通过 ***************
[2021-09-22 18:46:54,436][assert_api.py 5][INFO]: *************** 用户名错误的登录开始执行用例 ***************
[2021-09-22 18:46:54,436][assert_api.py 13][INFO]: *************** 用户名错误的登录--用例通过 ***************
[2021-09-22 18:46:54,526][assert_api.py 5][INFO]: *************** 正确的登录开始执行用例 ***************
[2021-09-22 18:46:54,526][assert_api.py 13][INFO]: *************** 正确的登录--用例通过 ***************
[2021-09-22 18:46:54,566][assert_api.py 5][INFO]: *************** 场景为：前台添加收货地址开始执行用例 ***************
[2021-09-22 18:46:54,567][assert_api.py 10][ERROR]: =====>场景为：前台添加收货地址用例执行未通过
[2021-09-22 18:54:06,956][main.py 16][INFO]: 
                     _    _         _      _____         _
      __ _ _ __ (_)  / \  _   _| |_ __|_   _|__  ___| |_
     / _` | '_ \| | / _ \| | | | __/ _ \| |/ _ \/ __| __|
    | (_| | |_) | |/ ___ \ |_| | || (_) | |  __/\__ \ |_
     \__,_| .__/|_/_/   \_\__,_|\__\___/|_|\___||___/\__|
          |_|
          Starting     ...  道长伴你终身   ...  测试之道学院永相随   ...
        
[2021-09-22 18:54:09,819][assert_api.py 5][INFO]: *************** 正确的登录开始执行用例 ***************
[2021-09-22 18:54:09,819][assert_api.py 13][INFO]: *************** 正确的登录--用例通过 ***************
[2021-09-22 18:54:09,880][assert_api.py 5][INFO]: *************** 正确的登录开始执行用例 ***************
[2021-09-22 18:54:09,880][assert_api.py 13][INFO]: *************** 正确的登录--用例通过 ***************
[2021-09-22 18:54:09,922][assert_api.py 5][INFO]: *************** 用户名错误的登录开始执行用例 ***************
[2021-09-22 18:54:09,923][assert_api.py 13][INFO]: *************** 用户名错误的登录--用例通过 ***************
[2021-09-22 18:54:09,994][assert_api.py 5][INFO]: *************** 正确的登录开始执行用例 ***************
[2021-09-22 18:54:09,994][assert_api.py 13][INFO]: *************** 正确的登录--用例通过 ***************
[2021-09-22 18:54:10,073][assert_api.py 5][INFO]: *************** 场景为：前台添加收货地址开始执行用例 ***************
[2021-09-22 18:54:10,074][assert_api.py 13][INFO]: *************** 场景为：前台添加收货地址--用例通过 ***************
[2021-09-22 18:55:12,405][main.py 16][INFO]: 
                     _    _         _      _____         _
      __ _ _ __ (_)  / \  _   _| |_ __|_   _|__  ___| |_
     / _` | '_ \| | / _ \| | | | __/ _ \| |/ _ \/ __| __|
    | (_| | |_) | |/ ___ \ |_| | || (_) | |  __/\__ \ |_
     \__,_| .__/|_/_/   \_\__,_|\__\___/|_|\___||___/\__|
          |_|
          Starting     ...  道长伴你终身   ...  测试之道学院永相随   ...
        
[2021-09-22 18:55:15,289][assert_api.py 5][INFO]: *************** 正确的登录开始执行用例 ***************
[2021-09-22 18:55:15,289][assert_api.py 13][INFO]: *************** 正确的登录--用例通过 ***************
[2021-09-22 18:55:15,345][assert_api.py 5][INFO]: *************** 正确的登录开始执行用例 ***************
[2021-09-22 18:55:15,345][assert_api.py 13][INFO]: *************** 正确的登录--用例通过 ***************
[2021-09-22 18:55:15,409][assert_api.py 5][INFO]: *************** 用户名错误的登录开始执行用例 ***************
[2021-09-22 18:55:15,410][assert_api.py 13][INFO]: *************** 用户名错误的登录--用例通过 ***************
[2021-09-22 18:55:15,495][assert_api.py 5][INFO]: *************** 正确的获取验证码开始执行用例 ***************
[2021-09-22 18:55:15,495][assert_api.py 13][INFO]: *************** 正确的获取验证码--用例通过 ***************
[2021-09-22 18:55:15,534][assert_api.py 5][INFO]: *************** 场景为：前台添加收货地址开始执行用例 ***************
[2021-09-22 18:55:15,535][assert_api.py 13][INFO]: *************** 场景为：前台添加收货地址--用例通过 ***************
[2021-09-22 18:56:23,792][main.py 16][INFO]: 
                     _    _         _      _____         _
      __ _ _ __ (_)  / \  _   _| |_ __|_   _|__  ___| |_
     / _` | '_ \| | / _ \| | | | __/ _ \| |/ _ \/ __| __|
    | (_| | |_) | |/ ___ \ |_| | || (_) | |  __/\__ \ |_
     \__,_| .__/|_/_/   \_\__,_|\__\___/|_|\___||___/\__|
          |_|
          Starting     ...  道长伴你终身   ...  测试之道学院永相随   ...
        
[2021-09-22 18:56:26,689][assert_api.py 5][INFO]: *************** 正确的登录开始执行用例 ***************
[2021-09-22 18:56:26,690][assert_api.py 13][INFO]: *************** 正确的登录--用例通过 ***************
[2021-09-22 18:56:26,750][assert_api.py 5][INFO]: *************** 正确的登录开始执行用例 ***************
[2021-09-22 18:56:26,751][assert_api.py 13][INFO]: *************** 正确的登录--用例通过 ***************
[2021-09-22 18:56:26,816][assert_api.py 5][INFO]: *************** 用户名错误的登录开始执行用例 ***************
[2021-09-22 18:56:26,816][assert_api.py 13][INFO]: *************** 用户名错误的登录--用例通过 ***************
[2021-09-22 18:56:26,894][assert_api.py 5][INFO]: *************** 正确的获取验证码开始执行用例 ***************
[2021-09-22 18:56:26,894][assert_api.py 13][INFO]: *************** 正确的获取验证码--用例通过 ***************
[2021-09-22 18:56:26,941][assert_api.py 5][INFO]: *************** 场景为：前台添加收货地址开始执行用例 ***************
[2021-09-22 18:56:26,941][assert_api.py 13][INFO]: *************** 场景为：前台添加收货地址--用例通过 ***************
[2021-09-22 18:57:00,399][main.py 16][INFO]: 
                     _    _         _      _____         _
      __ _ _ __ (_)  / \  _   _| |_ __|_   _|__  ___| |_
     / _` | '_ \| | / _ \| | | | __/ _ \| |/ _ \/ __| __|
    | (_| | |_) | |/ ___ \ |_| | || (_) | |  __/\__ \ |_
     \__,_| .__/|_/_/   \_\__,_|\__\___/|_|\___||___/\__|
          |_|
          Starting     ...  道长伴你终身   ...  测试之道学院永相随   ...
        
[2021-09-22 18:57:03,326][assert_api.py 5][INFO]: *************** 正确的登录开始执行用例 ***************
[2021-09-22 18:57:03,326][assert_api.py 13][INFO]: *************** 正确的登录--用例通过 ***************
[2021-09-22 18:57:03,386][assert_api.py 5][INFO]: *************** 正确的登录开始执行用例 ***************
[2021-09-22 18:57:03,386][assert_api.py 13][INFO]: *************** 正确的登录--用例通过 ***************
[2021-09-22 18:57:03,437][assert_api.py 5][INFO]: *************** 用户名错误的登录开始执行用例 ***************
[2021-09-22 18:57:03,438][assert_api.py 13][INFO]: *************** 用户名错误的登录--用例通过 ***************
[2021-09-22 18:57:03,525][assert_api.py 5][INFO]: *************** 正确的获取验证码开始执行用例 ***************
[2021-09-22 18:57:03,525][assert_api.py 13][INFO]: *************** 正确的获取验证码--用例通过 ***************
[2021-09-22 18:57:03,573][assert_api.py 5][INFO]: *************** 场景为：前台添加收货地址开始执行用例 ***************
[2021-09-22 18:57:03,573][assert_api.py 13][INFO]: *************** 场景为：前台添加收货地址--用例通过 ***************
[2021-09-22 18:59:33,341][main.py 16][INFO]: 
                     _    _         _      _____         _
      __ _ _ __ (_)  / \  _   _| |_ __|_   _|__  ___| |_
     / _` | '_ \| | / _ \| | | | __/ _ \| |/ _ \/ __| __|
    | (_| | |_) | |/ ___ \ |_| | || (_) | |  __/\__ \ |_
     \__,_| .__/|_/_/   \_\__,_|\__\___/|_|\___||___/\__|
          |_|
          Starting     ...  道长伴你终身   ...  测试之道学院永相随   ...
        
[2021-09-22 18:59:36,288][assert_api.py 5][INFO]: *************** 正确的登录开始执行用例 ***************
[2021-09-22 18:59:36,288][assert_api.py 13][INFO]: *************** 正确的登录--用例通过 ***************
[2021-09-22 18:59:36,353][assert_api.py 5][INFO]: *************** 正确的登录开始执行用例 ***************
[2021-09-22 18:59:36,353][assert_api.py 13][INFO]: *************** 正确的登录--用例通过 ***************
[2021-09-22 18:59:36,408][assert_api.py 5][INFO]: *************** 用户名错误的登录开始执行用例 ***************
[2021-09-22 18:59:36,409][assert_api.py 13][INFO]: *************** 用户名错误的登录--用例通过 ***************
[2021-09-22 18:59:36,488][assert_api.py 5][INFO]: *************** 正确的获取验证码开始执行用例 ***************
[2021-09-22 18:59:36,488][assert_api.py 13][INFO]: *************** 正确的获取验证码--用例通过 ***************
[2021-09-22 18:59:36,541][assert_api.py 5][INFO]: *************** 场景为：前台添加收货地址开始执行用例 ***************
[2021-09-22 18:59:36,541][assert_api.py 13][INFO]: *************** 场景为：前台添加收货地址--用例通过 ***************
[2021-09-22 19:02:17,173][main.py 16][INFO]: 
                     _    _         _      _____         _
      __ _ _ __ (_)  / \  _   _| |_ __|_   _|__  ___| |_
     / _` | '_ \| | / _ \| | | | __/ _ \| |/ _ \/ __| __|
    | (_| | |_) | |/ ___ \ |_| | || (_) | |  __/\__ \ |_
     \__,_| .__/|_/_/   \_\__,_|\__\___/|_|\___||___/\__|
          |_|
          Starting     ...  道长伴你终身   ...  测试之道学院永相随   ...
        
[2021-09-22 19:02:20,057][assert_api.py 5][INFO]: *************** 正确的登录开始执行用例 ***************
[2021-09-22 19:02:20,057][assert_api.py 13][INFO]: *************** 正确的登录--用例通过 ***************
[2021-09-22 19:02:20,114][assert_api.py 5][INFO]: *************** 正确的登录开始执行用例 ***************
[2021-09-22 19:02:20,114][assert_api.py 13][INFO]: *************** 正确的登录--用例通过 ***************
[2021-09-22 19:02:20,206][assert_api.py 5][INFO]: *************** 用户名错误的登录开始执行用例 ***************
[2021-09-22 19:02:20,206][assert_api.py 13][INFO]: *************** 用户名错误的登录--用例通过 ***************
[2021-09-22 19:02:20,303][assert_api.py 5][INFO]: *************** 正确的获取验证码开始执行用例 ***************
[2021-09-22 19:02:20,303][assert_api.py 13][INFO]: *************** 正确的获取验证码--用例通过 ***************
[2021-09-22 19:02:20,362][assert_api.py 5][INFO]: *************** 场景为：前台添加收货地址开始执行用例 ***************
[2021-09-22 19:02:20,362][assert_api.py 13][INFO]: *************** 场景为：前台添加收货地址--用例通过 ***************
[2021-09-22 19:04:08,465][main.py 16][INFO]: 
                     _    _         _      _____         _
      __ _ _ __ (_)  / \  _   _| |_ __|_   _|__  ___| |_
     / _` | '_ \| | / _ \| | | | __/ _ \| |/ _ \/ __| __|
    | (_| | |_) | |/ ___ \ |_| | || (_) | |  __/\__ \ |_
     \__,_| .__/|_/_/   \_\__,_|\__\___/|_|\___||___/\__|
          |_|
          Starting     ...  道长伴你终身   ...  测试之道学院永相随   ...
        
[2021-09-22 19:04:11,326][assert_api.py 5][INFO]: *************** 正确的登录开始执行用例 ***************
[2021-09-22 19:04:11,326][assert_api.py 13][INFO]: *************** 正确的登录--用例通过 ***************
[2021-09-22 19:04:11,379][assert_api.py 5][INFO]: *************** 正确的登录开始执行用例 ***************
[2021-09-22 19:04:11,379][assert_api.py 13][INFO]: *************** 正确的登录--用例通过 ***************
[2021-09-22 19:04:11,423][assert_api.py 5][INFO]: *************** 用户名错误的登录开始执行用例 ***************
[2021-09-22 19:04:11,423][assert_api.py 13][INFO]: *************** 用户名错误的登录--用例通过 ***************
[2021-09-22 19:04:11,496][assert_api.py 5][INFO]: *************** 正确的获取验证码开始执行用例 ***************
[2021-09-22 19:04:11,496][assert_api.py 13][INFO]: *************** 正确的获取验证码--用例通过 ***************
[2021-09-22 19:04:11,554][assert_api.py 5][INFO]: *************** 场景为：前台添加收货地址开始执行用例 ***************
[2021-09-22 19:04:11,554][assert_api.py 13][INFO]: *************** 场景为：前台添加收货地址--用例通过 ***************
[2021-09-22 19:05:40,723][main.py 16][INFO]: 
                     _    _         _      _____         _
      __ _ _ __ (_)  / \  _   _| |_ __|_   _|__  ___| |_
     / _` | '_ \| | / _ \| | | | __/ _ \| |/ _ \/ __| __|
    | (_| | |_) | |/ ___ \ |_| | || (_) | |  __/\__ \ |_
     \__,_| .__/|_/_/   \_\__,_|\__\___/|_|\___||___/\__|
          |_|
          Starting     ...  道长伴你终身   ...  测试之道学院永相随   ...
        
[2021-09-22 19:05:43,583][assert_api.py 5][INFO]: *************** 正确的登录开始执行用例 ***************
[2021-09-22 19:05:43,583][assert_api.py 13][INFO]: *************** 正确的登录--用例通过 ***************
[2021-09-22 19:05:43,642][assert_api.py 5][INFO]: *************** 正确的登录开始执行用例 ***************
[2021-09-22 19:05:43,642][assert_api.py 13][INFO]: *************** 正确的登录--用例通过 ***************
[2021-09-22 19:05:43,698][assert_api.py 5][INFO]: *************** 用户名错误的登录开始执行用例 ***************
[2021-09-22 19:05:43,699][assert_api.py 13][INFO]: *************** 用户名错误的登录--用例通过 ***************
[2021-09-22 19:05:43,795][assert_api.py 5][INFO]: *************** 正确的获取验证码开始执行用例 ***************
[2021-09-22 19:05:43,795][assert_api.py 13][INFO]: *************** 正确的获取验证码--用例通过 ***************
[2021-09-22 19:05:43,850][assert_api.py 5][INFO]: *************** 场景为：前台添加收货地址开始执行用例 ***************
[2021-09-22 19:05:43,850][assert_api.py 13][INFO]: *************** 场景为：前台添加收货地址--用例通过 ***************
[2021-09-22 19:05:56,052][main.py 16][INFO]: 
                     _    _         _      _____         _
      __ _ _ __ (_)  / \  _   _| |_ __|_   _|__  ___| |_
     / _` | '_ \| | / _ \| | | | __/ _ \| |/ _ \/ __| __|
    | (_| | |_) | |/ ___ \ |_| | || (_) | |  __/\__ \ |_
     \__,_| .__/|_/_/   \_\__,_|\__\___/|_|\___||___/\__|
          |_|
          Starting     ...  道长伴你终身   ...  测试之道学院永相随   ...
        
[2021-09-22 19:05:58,973][assert_api.py 5][INFO]: *************** 正确的登录开始执行用例 ***************
[2021-09-22 19:05:58,973][assert_api.py 13][INFO]: *************** 正确的登录--用例通过 ***************
[2021-09-22 19:05:59,031][assert_api.py 5][INFO]: *************** 正确的登录开始执行用例 ***************
[2021-09-22 19:05:59,031][assert_api.py 13][INFO]: *************** 正确的登录--用例通过 ***************
[2021-09-22 19:05:59,079][assert_api.py 5][INFO]: *************** 用户名错误的登录开始执行用例 ***************
[2021-09-22 19:05:59,079][assert_api.py 13][INFO]: *************** 用户名错误的登录--用例通过 ***************
[2021-09-22 19:05:59,165][assert_api.py 5][INFO]: *************** 正确的获取验证码开始执行用例 ***************
[2021-09-22 19:05:59,165][assert_api.py 13][INFO]: *************** 正确的获取验证码--用例通过 ***************
[2021-09-22 19:05:59,244][assert_api.py 5][INFO]: *************** 场景为：前台添加收货地址开始执行用例 ***************
[2021-09-22 19:05:59,245][assert_api.py 13][INFO]: *************** 场景为：前台添加收货地址--用例通过 ***************
[2021-09-22 19:07:22,652][main.py 16][INFO]: 
                     _    _         _      _____         _
      __ _ _ __ (_)  / \  _   _| |_ __|_   _|__  ___| |_
     / _` | '_ \| | / _ \| | | | __/ _ \| |/ _ \/ __| __|
    | (_| | |_) | |/ ___ \ |_| | || (_) | |  __/\__ \ |_
     \__,_| .__/|_/_/   \_\__,_|\__\___/|_|\___||___/\__|
          |_|
          Starting     ...  道长伴你终身   ...  测试之道学院永相随   ...
        
[2021-09-22 19:07:25,480][assert_api.py 5][INFO]: *************** 正确的登录开始执行用例 ***************
[2021-09-22 19:07:25,480][assert_api.py 13][INFO]: *************** 正确的登录--用例通过 ***************
[2021-09-22 19:07:25,541][assert_api.py 5][INFO]: *************** 正确的登录开始执行用例 ***************
[2021-09-22 19:07:25,541][assert_api.py 13][INFO]: *************** 正确的登录--用例通过 ***************
[2021-09-22 19:07:25,594][assert_api.py 5][INFO]: *************** 用户名错误的登录开始执行用例 ***************
[2021-09-22 19:07:25,594][assert_api.py 13][INFO]: *************** 用户名错误的登录--用例通过 ***************
[2021-09-22 19:07:25,669][assert_api.py 5][INFO]: *************** 正确的获取验证码开始执行用例 ***************
[2021-09-22 19:07:25,669][assert_api.py 13][INFO]: *************** 正确的获取验证码--用例通过 ***************
[2021-09-22 19:07:25,718][assert_api.py 5][INFO]: *************** 场景为：前台添加收货地址开始执行用例 ***************
[2021-09-22 19:07:25,718][assert_api.py 13][INFO]: *************** 场景为：前台添加收货地址--用例通过 ***************
[2021-09-22 19:09:19,923][main.py 16][INFO]: 
                     _    _         _      _____         _
      __ _ _ __ (_)  / \  _   _| |_ __|_   _|__  ___| |_
     / _` | '_ \| | / _ \| | | | __/ _ \| |/ _ \/ __| __|
    | (_| | |_) | |/ ___ \ |_| | || (_) | |  __/\__ \ |_
     \__,_| .__/|_/_/   \_\__,_|\__\___/|_|\___||___/\__|
          |_|
          Starting     ...  道长伴你终身   ...  测试之道学院永相随   ...
        
[2021-09-22 19:09:22,787][assert_api.py 5][INFO]: *************** 正确的登录开始执行用例 ***************
[2021-09-22 19:09:22,787][assert_api.py 13][INFO]: *************** 正确的登录--用例通过 ***************
[2021-09-22 19:09:22,845][assert_api.py 5][INFO]: *************** 正确的登录开始执行用例 ***************
[2021-09-22 19:09:22,845][assert_api.py 13][INFO]: *************** 正确的登录--用例通过 ***************
[2021-09-22 19:09:22,888][assert_api.py 5][INFO]: *************** 用户名错误的登录开始执行用例 ***************
[2021-09-22 19:09:22,888][assert_api.py 13][INFO]: *************** 用户名错误的登录--用例通过 ***************
[2021-09-22 19:09:22,975][assert_api.py 5][INFO]: *************** 正确的获取验证码开始执行用例 ***************
[2021-09-22 19:09:22,975][assert_api.py 13][INFO]: *************** 正确的获取验证码--用例通过 ***************
[2021-09-22 19:09:23,031][assert_api.py 5][INFO]: *************** 场景为：前台添加收货地址开始执行用例 ***************
[2021-09-22 19:09:23,031][assert_api.py 13][INFO]: *************** 场景为：前台添加收货地址--用例通过 ***************
[2021-09-22 19:12:49,181][main.py 16][INFO]: 
                     _    _         _      _____         _
      __ _ _ __ (_)  / \  _   _| |_ __|_   _|__  ___| |_
     / _` | '_ \| | / _ \| | | | __/ _ \| |/ _ \/ __| __|
    | (_| | |_) | |/ ___ \ |_| | || (_) | |  __/\__ \ |_
     \__,_| .__/|_/_/   \_\__,_|\__\___/|_|\___||___/\__|
          |_|
          Starting     ...  道长伴你终身   ...  测试之道学院永相随   ...
        
[2021-09-22 19:12:52,050][assert_api.py 5][INFO]: *************** 正确的登录开始执行用例 ***************
[2021-09-22 19:12:52,051][assert_api.py 13][INFO]: *************** 正确的登录--用例通过 ***************
[2021-09-22 19:12:52,106][assert_api.py 5][INFO]: *************** 正确的登录开始执行用例 ***************
[2021-09-22 19:12:52,106][assert_api.py 13][INFO]: *************** 正确的登录--用例通过 ***************
[2021-09-22 19:12:52,181][assert_api.py 5][INFO]: *************** 用户名错误的登录开始执行用例 ***************
[2021-09-22 19:12:52,181][assert_api.py 13][INFO]: *************** 用户名错误的登录--用例通过 ***************
[2021-09-22 19:12:52,268][assert_api.py 5][INFO]: *************** 正确的获取验证码开始执行用例 ***************
[2021-09-22 19:12:52,269][assert_api.py 13][INFO]: *************** 正确的获取验证码--用例通过 ***************
[2021-09-22 19:12:52,331][assert_api.py 5][INFO]: *************** 场景为：前台添加收货地址开始执行用例 ***************
[2021-09-22 19:12:52,331][assert_api.py 13][INFO]: *************** 场景为：前台添加收货地址--用例通过 ***************
[2021-09-22 19:15:45,197][main.py 16][INFO]: 
                     _    _         _      _____         _
      __ _ _ __ (_)  / \  _   _| |_ __|_   _|__  ___| |_
     / _` | '_ \| | / _ \| | | | __/ _ \| |/ _ \/ __| __|
    | (_| | |_) | |/ ___ \ |_| | || (_) | |  __/\__ \ |_
     \__,_| .__/|_/_/   \_\__,_|\__\___/|_|\___||___/\__|
          |_|
          Starting     ...  道长伴你终身   ...  测试之道学院永相随   ...
        
[2021-09-22 19:15:48,110][assert_api.py 5][INFO]: *************** 正确的登录开始执行用例 ***************
[2021-09-22 19:15:48,110][assert_api.py 13][INFO]: *************** 正确的登录--用例通过 ***************
[2021-09-22 19:15:48,177][assert_api.py 5][INFO]: *************** 正确的登录开始执行用例 ***************
[2021-09-22 19:15:48,177][assert_api.py 13][INFO]: *************** 正确的登录--用例通过 ***************
[2021-09-22 19:15:48,223][assert_api.py 5][INFO]: *************** 用户名错误的登录开始执行用例 ***************
[2021-09-22 19:15:48,223][assert_api.py 13][INFO]: *************** 用户名错误的登录--用例通过 ***************
[2021-09-22 19:15:48,323][assert_api.py 5][INFO]: *************** 正确的获取验证码开始执行用例 ***************
[2021-09-22 19:15:48,323][assert_api.py 13][INFO]: *************** 正确的获取验证码--用例通过 ***************
[2021-09-22 19:15:48,374][assert_api.py 5][INFO]: *************** 场景为：前台添加收货地址开始执行用例 ***************
[2021-09-22 19:15:48,374][assert_api.py 13][INFO]: *************** 场景为：前台添加收货地址--用例通过 ***************
[2021-09-22 19:16:49,690][main.py 16][INFO]: 
                     _    _         _      _____         _
      __ _ _ __ (_)  / \  _   _| |_ __|_   _|__  ___| |_
     / _` | '_ \| | / _ \| | | | __/ _ \| |/ _ \/ __| __|
    | (_| | |_) | |/ ___ \ |_| | || (_) | |  __/\__ \ |_
     \__,_| .__/|_/_/   \_\__,_|\__\___/|_|\___||___/\__|
          |_|
          Starting     ...  道长伴你终身   ...  测试之道学院永相随   ...
        
[2021-09-22 19:16:52,565][assert_api.py 5][INFO]: *************** 正确的登录开始执行用例 ***************
[2021-09-22 19:16:52,566][assert_api.py 13][INFO]: *************** 正确的登录--用例通过 ***************
[2021-09-22 19:16:52,626][assert_api.py 5][INFO]: *************** 正确的登录开始执行用例 ***************
[2021-09-22 19:16:52,626][assert_api.py 13][INFO]: *************** 正确的登录--用例通过 ***************
[2021-09-22 19:16:52,677][assert_api.py 5][INFO]: *************** 用户名错误的登录开始执行用例 ***************
[2021-09-22 19:16:52,677][assert_api.py 13][INFO]: *************** 用户名错误的登录--用例通过 ***************
[2021-09-22 19:16:52,776][assert_api.py 5][INFO]: *************** 正确的获取验证码开始执行用例 ***************
[2021-09-22 19:16:52,776][assert_api.py 13][INFO]: *************** 正确的获取验证码--用例通过 ***************
[2021-09-22 19:16:52,824][assert_api.py 5][INFO]: *************** 场景为：前台添加收货地址开始执行用例 ***************
[2021-09-22 19:16:52,824][assert_api.py 13][INFO]: *************** 场景为：前台添加收货地址--用例通过 ***************
[2021-09-22 19:17:25,564][main.py 16][INFO]: 
                     _    _         _      _____         _
      __ _ _ __ (_)  / \  _   _| |_ __|_   _|__  ___| |_
     / _` | '_ \| | / _ \| | | | __/ _ \| |/ _ \/ __| __|
    | (_| | |_) | |/ ___ \ |_| | || (_) | |  __/\__ \ |_
     \__,_| .__/|_/_/   \_\__,_|\__\___/|_|\___||___/\__|
          |_|
          Starting     ...  道长伴你终身   ...  测试之道学院永相随   ...
        
[2021-09-22 19:17:28,490][assert_api.py 5][INFO]: *************** 正确的登录开始执行用例 ***************
[2021-09-22 19:17:28,490][assert_api.py 13][INFO]: *************** 正确的登录--用例通过 ***************
[2021-09-22 19:17:28,544][assert_api.py 5][INFO]: *************** 正确的登录开始执行用例 ***************
[2021-09-22 19:17:28,544][assert_api.py 13][INFO]: *************** 正确的登录--用例通过 ***************
[2021-09-22 19:17:28,589][assert_api.py 5][INFO]: *************** 用户名错误的登录开始执行用例 ***************
[2021-09-22 19:17:28,590][assert_api.py 13][INFO]: *************** 用户名错误的登录--用例通过 ***************
[2021-09-22 19:17:28,663][assert_api.py 5][INFO]: *************** 正确的获取验证码开始执行用例 ***************
[2021-09-22 19:17:28,663][assert_api.py 13][INFO]: *************** 正确的获取验证码--用例通过 ***************
[2021-09-22 19:17:28,715][assert_api.py 5][INFO]: *************** 场景为：前台添加收货地址开始执行用例 ***************
[2021-09-22 19:17:28,715][assert_api.py 13][INFO]: *************** 场景为：前台添加收货地址--用例通过 ***************
[2021-09-22 19:19:07,130][main.py 16][INFO]: 
                     _    _         _      _____         _
      __ _ _ __ (_)  / \  _   _| |_ __|_   _|__  ___| |_
     / _` | '_ \| | / _ \| | | | __/ _ \| |/ _ \/ __| __|
    | (_| | |_) | |/ ___ \ |_| | || (_) | |  __/\__ \ |_
     \__,_| .__/|_/_/   \_\__,_|\__\___/|_|\___||___/\__|
          |_|
          Starting     ...  道长伴你终身   ...  测试之道学院永相随   ...
        
[2021-09-22 19:19:09,987][assert_api.py 5][INFO]: *************** 正确的登录开始执行用例 ***************
[2021-09-22 19:19:09,988][assert_api.py 13][INFO]: *************** 正确的登录--用例通过 ***************
[2021-09-22 19:19:10,058][assert_api.py 5][INFO]: *************** 正确的登录开始执行用例 ***************
[2021-09-22 19:19:10,058][assert_api.py 13][INFO]: *************** 正确的登录--用例通过 ***************
[2021-09-22 19:19:10,114][assert_api.py 5][INFO]: *************** 用户名错误的登录开始执行用例 ***************
[2021-09-22 19:19:10,114][assert_api.py 13][INFO]: *************** 用户名错误的登录--用例通过 ***************
[2021-09-22 19:19:10,202][assert_api.py 5][INFO]: *************** 正确的获取验证码开始执行用例 ***************
[2021-09-22 19:19:10,203][assert_api.py 13][INFO]: *************** 正确的获取验证码--用例通过 ***************
[2021-09-22 19:19:10,258][assert_api.py 5][INFO]: *************** 场景为：前台添加收货地址开始执行用例 ***************
[2021-09-22 19:19:10,258][assert_api.py 13][INFO]: *************** 场景为：前台添加收货地址--用例通过 ***************
[2021-09-22 19:20:08,041][main.py 16][INFO]: 
                     _    _         _      _____         _
      __ _ _ __ (_)  / \  _   _| |_ __|_   _|__  ___| |_
     / _` | '_ \| | / _ \| | | | __/ _ \| |/ _ \/ __| __|
    | (_| | |_) | |/ ___ \ |_| | || (_) | |  __/\__ \ |_
     \__,_| .__/|_/_/   \_\__,_|\__\___/|_|\___||___/\__|
          |_|
          Starting     ...  道长伴你终身   ...  测试之道学院永相随   ...
        
[2021-09-22 19:20:10,924][assert_api.py 5][INFO]: *************** 正确的登录开始执行用例 ***************
[2021-09-22 19:20:10,924][assert_api.py 13][INFO]: *************** 正确的登录--用例通过 ***************
[2021-09-22 19:20:10,995][assert_api.py 5][INFO]: *************** 正确的登录开始执行用例 ***************
[2021-09-22 19:20:10,995][assert_api.py 13][INFO]: *************** 正确的登录--用例通过 ***************
[2021-09-22 19:20:11,054][assert_api.py 5][INFO]: *************** 用户名错误的登录开始执行用例 ***************
[2021-09-22 19:20:11,055][assert_api.py 13][INFO]: *************** 用户名错误的登录--用例通过 ***************
[2021-09-22 19:20:11,127][assert_api.py 5][INFO]: *************** 正确的获取验证码开始执行用例 ***************
[2021-09-22 19:20:11,127][assert_api.py 13][INFO]: *************** 正确的获取验证码--用例通过 ***************
[2021-09-22 19:20:11,172][assert_api.py 5][INFO]: *************** 场景为：前台添加收货地址开始执行用例 ***************
[2021-09-22 19:20:11,172][assert_api.py 13][INFO]: *************** 场景为：前台添加收货地址--用例通过 ***************
[2021-09-22 19:21:18,248][main.py 16][INFO]: 
                     _    _         _      _____         _
      __ _ _ __ (_)  / \  _   _| |_ __|_   _|__  ___| |_
     / _` | '_ \| | / _ \| | | | __/ _ \| |/ _ \/ __| __|
    | (_| | |_) | |/ ___ \ |_| | || (_) | |  __/\__ \ |_
     \__,_| .__/|_/_/   \_\__,_|\__\___/|_|\___||___/\__|
          |_|
          Starting     ...  道长伴你终身   ...  测试之道学院永相随   ...
        
[2021-09-22 19:21:21,139][assert_api.py 5][INFO]: *************** 正确的登录开始执行用例 ***************
[2021-09-22 19:21:21,140][assert_api.py 13][INFO]: *************** 正确的登录--用例通过 ***************
[2021-09-22 19:21:21,193][assert_api.py 5][INFO]: *************** 正确的登录开始执行用例 ***************
[2021-09-22 19:21:21,193][assert_api.py 13][INFO]: *************** 正确的登录--用例通过 ***************
[2021-09-22 19:21:21,241][assert_api.py 5][INFO]: *************** 用户名错误的登录开始执行用例 ***************
[2021-09-22 19:21:21,241][assert_api.py 13][INFO]: *************** 用户名错误的登录--用例通过 ***************
[2021-09-22 19:21:21,347][assert_api.py 5][INFO]: *************** 正确的获取验证码开始执行用例 ***************
[2021-09-22 19:21:21,347][assert_api.py 13][INFO]: *************** 正确的获取验证码--用例通过 ***************
[2021-09-22 19:21:21,389][assert_api.py 5][INFO]: *************** 场景为：前台添加收货地址开始执行用例 ***************
[2021-09-22 19:21:21,389][assert_api.py 13][INFO]: *************** 场景为：前台添加收货地址--用例通过 ***************
[2021-09-22 19:30:50,539][main.py 16][INFO]: 
                     _    _         _      _____         _
      __ _ _ __ (_)  / \  _   _| |_ __|_   _|__  ___| |_
     / _` | '_ \| | / _ \| | | | __/ _ \| |/ _ \/ __| __|
    | (_| | |_) | |/ ___ \ |_| | || (_) | |  __/\__ \ |_
     \__,_| .__/|_/_/   \_\__,_|\__\___/|_|\___||___/\__|
          |_|
          Starting     ...  道长伴你终身   ...  测试之道学院永相随   ...
        
[2021-09-22 19:30:53,448][assert_api.py 5][INFO]: *************** 正确的登录开始执行用例 ***************
[2021-09-22 19:30:53,449][assert_api.py 13][INFO]: *************** 正确的登录--用例通过 ***************
[2021-09-22 19:30:53,515][assert_api.py 5][INFO]: *************** 正确的登录开始执行用例 ***************
[2021-09-22 19:30:53,516][assert_api.py 13][INFO]: *************** 正确的登录--用例通过 ***************
[2021-09-22 19:30:53,563][assert_api.py 5][INFO]: *************** 用户名错误的登录开始执行用例 ***************
[2021-09-22 19:30:53,563][assert_api.py 13][INFO]: *************** 用户名错误的登录--用例通过 ***************
[2021-09-22 19:30:53,615][assert_api.py 5][INFO]: *************** 正确的登录开始执行用例 ***************
[2021-09-22 19:30:53,616][assert_api.py 13][INFO]: *************** 正确的登录--用例通过 ***************
[2021-09-22 19:30:53,663][assert_api.py 5][INFO]: *************** 用户名错误的登录开始执行用例 ***************
[2021-09-22 19:30:53,664][assert_api.py 13][INFO]: *************** 用户名错误的登录--用例通过 ***************
[2021-09-22 19:30:53,754][assert_api.py 5][INFO]: *************** 正确的获取验证码开始执行用例 ***************
[2021-09-22 19:30:53,754][assert_api.py 13][INFO]: *************** 正确的获取验证码--用例通过 ***************
[2021-09-22 19:30:53,801][assert_api.py 5][INFO]: *************** 场景为：前台添加收货地址开始执行用例 ***************
[2021-09-22 19:30:53,801][assert_api.py 13][INFO]: *************** 场景为：前台添加收货地址--用例通过 ***************
[2021-09-22 19:31:25,438][main.py 16][INFO]: 
                     _    _         _      _____         _
      __ _ _ __ (_)  / \  _   _| |_ __|_   _|__  ___| |_
     / _` | '_ \| | / _ \| | | | __/ _ \| |/ _ \/ __| __|
    | (_| | |_) | |/ ___ \ |_| | || (_) | |  __/\__ \ |_
     \__,_| .__/|_/_/   \_\__,_|\__\___/|_|\___||___/\__|
          |_|
          Starting     ...  道长伴你终身   ...  测试之道学院永相随   ...
        
[2021-09-22 19:31:28,342][assert_api.py 5][INFO]: *************** 正确的登录开始执行用例 ***************
[2021-09-22 19:31:28,342][assert_api.py 13][INFO]: *************** 正确的登录--用例通过 ***************
[2021-09-22 19:31:28,394][assert_api.py 5][INFO]: *************** 正确的登录开始执行用例 ***************
[2021-09-22 19:31:28,394][assert_api.py 13][INFO]: *************** 正确的登录--用例通过 ***************
[2021-09-22 19:31:28,442][assert_api.py 5][INFO]: *************** 用户名错误的登录开始执行用例 ***************
[2021-09-22 19:31:28,442][assert_api.py 13][INFO]: *************** 用户名错误的登录--用例通过 ***************
[2021-09-22 19:31:28,531][assert_api.py 5][INFO]: *************** 正确的获取验证码开始执行用例 ***************
[2021-09-22 19:31:28,532][assert_api.py 13][INFO]: *************** 正确的获取验证码--用例通过 ***************
[2021-09-22 19:31:28,577][assert_api.py 5][INFO]: *************** 场景为：前台添加收货地址开始执行用例 ***************
[2021-09-22 19:31:28,578][assert_api.py 13][INFO]: *************** 场景为：前台添加收货地址--用例通过 ***************
[2021-09-22 19:32:28,462][main.py 16][INFO]: 
                     _    _         _      _____         _
      __ _ _ __ (_)  / \  _   _| |_ __|_   _|__  ___| |_
     / _` | '_ \| | / _ \| | | | __/ _ \| |/ _ \/ __| __|
    | (_| | |_) | |/ ___ \ |_| | || (_) | |  __/\__ \ |_
     \__,_| .__/|_/_/   \_\__,_|\__\___/|_|\___||___/\__|
          |_|
          Starting     ...  道长伴你终身   ...  测试之道学院永相随   ...
        
[2021-09-22 19:32:31,404][assert_api.py 5][INFO]: *************** 正确的登录开始执行用例 ***************
[2021-09-22 19:32:31,404][assert_api.py 13][INFO]: *************** 正确的登录--用例通过 ***************
[2021-09-22 19:32:31,465][assert_api.py 5][INFO]: *************** 正确的登录开始执行用例 ***************
[2021-09-22 19:32:31,465][assert_api.py 13][INFO]: *************** 正确的登录--用例通过 ***************
[2021-09-22 19:32:31,526][assert_api.py 5][INFO]: *************** 用户名错误的登录开始执行用例 ***************
[2021-09-22 19:32:31,526][assert_api.py 13][INFO]: *************** 用户名错误的登录--用例通过 ***************
[2021-09-22 19:32:31,609][assert_api.py 5][INFO]: *************** 正确的获取验证码开始执行用例 ***************
[2021-09-22 19:32:31,610][assert_api.py 13][INFO]: *************** 正确的获取验证码--用例通过 ***************
[2021-09-22 19:32:31,682][assert_api.py 5][INFO]: *************** 场景为：前台添加收货地址开始执行用例 ***************
[2021-09-22 19:32:31,683][assert_api.py 13][INFO]: *************** 场景为：前台添加收货地址--用例通过 ***************
[2021-09-22 19:32:49,435][main.py 16][INFO]: 
                     _    _         _      _____         _
      __ _ _ __ (_)  / \  _   _| |_ __|_   _|__  ___| |_
     / _` | '_ \| | / _ \| | | | __/ _ \| |/ _ \/ __| __|
    | (_| | |_) | |/ ___ \ |_| | || (_) | |  __/\__ \ |_
     \__,_| .__/|_/_/   \_\__,_|\__\___/|_|\___||___/\__|
          |_|
          Starting     ...  道长伴你终身   ...  测试之道学院永相随   ...
        
[2021-09-22 19:32:52,492][assert_api.py 5][INFO]: *************** 正确的登录开始执行用例 ***************
[2021-09-22 19:32:52,492][assert_api.py 13][INFO]: *************** 正确的登录--用例通过 ***************
[2021-09-22 19:32:52,540][assert_api.py 5][INFO]: *************** 正确的登录开始执行用例 ***************
[2021-09-22 19:32:52,540][assert_api.py 13][INFO]: *************** 正确的登录--用例通过 ***************
[2021-09-22 19:32:52,586][assert_api.py 5][INFO]: *************** 用户名错误的登录开始执行用例 ***************
[2021-09-22 19:32:52,586][assert_api.py 13][INFO]: *************** 用户名错误的登录--用例通过 ***************
[2021-09-22 19:32:52,674][assert_api.py 5][INFO]: *************** 正确的获取验证码开始执行用例 ***************
[2021-09-22 19:32:52,674][assert_api.py 13][INFO]: *************** 正确的获取验证码--用例通过 ***************
[2021-09-22 19:32:52,728][assert_api.py 5][INFO]: *************** 场景为：前台添加收货地址开始执行用例 ***************
[2021-09-22 19:32:52,729][assert_api.py 13][INFO]: *************** 场景为：前台添加收货地址--用例通过 ***************
[2021-09-22 19:34:04,156][main.py 16][INFO]: 
                     _    _         _      _____         _
      __ _ _ __ (_)  / \  _   _| |_ __|_   _|__  ___| |_
     / _` | '_ \| | / _ \| | | | __/ _ \| |/ _ \/ __| __|
    | (_| | |_) | |/ ___ \ |_| | || (_) | |  __/\__ \ |_
     \__,_| .__/|_/_/   \_\__,_|\__\___/|_|\___||___/\__|
          |_|
          Starting     ...  道长伴你终身   ...  测试之道学院永相随   ...
        
[2021-09-22 19:34:07,161][assert_api.py 5][INFO]: *************** 正确的登录开始执行用例 ***************
[2021-09-22 19:34:07,162][assert_api.py 13][INFO]: *************** 正确的登录--用例通过 ***************
[2021-09-22 19:34:07,211][assert_api.py 5][INFO]: *************** 正确的登录开始执行用例 ***************
[2021-09-22 19:34:07,211][assert_api.py 13][INFO]: *************** 正确的登录--用例通过 ***************
[2021-09-22 19:34:07,257][assert_api.py 5][INFO]: *************** 用户名错误的登录开始执行用例 ***************
[2021-09-22 19:34:07,257][assert_api.py 13][INFO]: *************** 用户名错误的登录--用例通过 ***************
[2021-09-22 19:34:07,352][assert_api.py 5][INFO]: *************** 正确的获取验证码开始执行用例 ***************
[2021-09-22 19:34:07,353][assert_api.py 13][INFO]: *************** 正确的获取验证码--用例通过 ***************
[2021-09-22 19:34:07,397][assert_api.py 5][INFO]: *************** 场景为：前台添加收货地址开始执行用例 ***************
[2021-09-22 19:34:07,397][assert_api.py 13][INFO]: *************** 场景为：前台添加收货地址--用例通过 ***************
[2021-09-22 19:34:32,890][main.py 16][INFO]: 
                     _    _         _      _____         _
      __ _ _ __ (_)  / \  _   _| |_ __|_   _|__  ___| |_
     / _` | '_ \| | / _ \| | | | __/ _ \| |/ _ \/ __| __|
    | (_| | |_) | |/ ___ \ |_| | || (_) | |  __/\__ \ |_
     \__,_| .__/|_/_/   \_\__,_|\__\___/|_|\___||___/\__|
          |_|
          Starting     ...  道长伴你终身   ...  测试之道学院永相随   ...
        
[2021-09-22 19:34:35,773][assert_api.py 5][INFO]: *************** 正确的登录开始执行用例 ***************
[2021-09-22 19:34:35,773][assert_api.py 13][INFO]: *************** 正确的登录--用例通过 ***************
[2021-09-22 19:34:35,836][assert_api.py 5][INFO]: *************** 正确的登录开始执行用例 ***************
[2021-09-22 19:34:35,836][assert_api.py 13][INFO]: *************** 正确的登录--用例通过 ***************
[2021-09-22 19:34:35,875][assert_api.py 5][INFO]: *************** 用户名错误的登录开始执行用例 ***************
[2021-09-22 19:34:35,875][assert_api.py 13][INFO]: *************** 用户名错误的登录--用例通过 ***************
[2021-09-22 19:34:35,954][assert_api.py 5][INFO]: *************** 正确的获取验证码开始执行用例 ***************
[2021-09-22 19:34:35,954][assert_api.py 13][INFO]: *************** 正确的获取验证码--用例通过 ***************
[2021-09-22 19:34:36,000][assert_api.py 5][INFO]: *************** 场景为：前台添加收货地址开始执行用例 ***************
[2021-09-22 19:34:36,000][assert_api.py 13][INFO]: *************** 场景为：前台添加收货地址--用例通过 ***************
[2021-09-22 20:54:19,282][assert_api.py 5][INFO]: *************** 正确的登录开始执行用例 ***************
[2021-09-22 20:54:19,282][assert_api.py 13][INFO]: *************** 正确的登录--用例通过 ***************
[2021-09-22 20:54:19,346][assert_api.py 5][INFO]: *************** 用户名错误的登录开始执行用例 ***************
[2021-09-22 20:54:19,346][assert_api.py 13][INFO]: *************** 用户名错误的登录--用例通过 ***************
[2021-09-22 20:55:16,393][assert_api.py 5][INFO]: *************** 正确的登录开始执行用例 ***************
[2021-09-22 20:55:16,393][assert_api.py 13][INFO]: *************** 正确的登录--用例通过 ***************
[2021-09-22 20:55:16,457][assert_api.py 5][INFO]: *************** 用户名错误的登录开始执行用例 ***************
[2021-09-22 20:55:16,457][assert_api.py 13][INFO]: *************** 用户名错误的登录--用例通过 ***************
[2021-09-22 20:55:16,510][assert_api.py 5][INFO]: *************** 用户名密码错误的登录开始执行用例 ***************
[2021-09-22 20:55:16,510][assert_api.py 13][INFO]: *************** 用户名密码错误的登录--用例通过 ***************
[2021-09-22 20:57:01,902][assert_api.py 5][INFO]: *************** 正确的登录开始执行用例 ***************
[2021-09-22 20:57:01,903][assert_api.py 13][INFO]: *************** 正确的登录--用例通过 ***************
[2021-09-22 20:57:19,099][assert_api.py 5][INFO]: *************** 用户名错误的登录开始执行用例 ***************
[2021-09-22 20:57:19,099][assert_api.py 13][INFO]: *************** 用户名错误的登录--用例通过 ***************
[2021-09-22 21:07:49,015][assert_api.py 5][INFO]: *************** 正确的登录开始执行用例 ***************
[2021-09-22 21:07:49,016][assert_api.py 13][INFO]: *************** 正确的登录--用例通过 ***************
[2021-09-22 21:11:20,376][assert_api.py 5][INFO]: *************** 正确的登录开始执行用例 ***************
[2021-09-22 21:11:20,377][assert_api.py 10][ERROR]: =====>正确的登录用例执行未通过
[2021-09-22 21:11:21,570][assert_api.py 5][INFO]: *************** 正确的登录开始执行用例 ***************
[2021-09-22 21:11:21,571][assert_api.py 10][ERROR]: =====>正确的登录用例执行未通过
[2021-09-22 21:11:22,677][assert_api.py 5][INFO]: *************** 正确的登录开始执行用例 ***************
[2021-09-22 21:11:22,677][assert_api.py 10][ERROR]: =====>正确的登录用例执行未通过
[2021-09-22 21:11:23,801][assert_api.py 5][INFO]: *************** 正确的登录开始执行用例 ***************
[2021-09-22 21:11:23,801][assert_api.py 10][ERROR]: =====>正确的登录用例执行未通过
[2021-09-22 21:29:05,241][main.py 16][INFO]: 
                     _    _         _      _____         _
      __ _ _ __ (_)  / \  _   _| |_ __|_   _|__  ___| |_
     / _` | '_ \| | / _ \| | | | __/ _ \| |/ _ \/ __| __|
    | (_| | |_) | |/ ___ \ |_| | || (_) | |  __/\__ \ |_
     \__,_| .__/|_/_/   \_\__,_|\__\___/|_|\___||___/\__|
          |_|
          Starting     ...  道长伴你终身   ...  测试之道学院永相随   ...
        
[2021-09-22 21:29:08,764][assert_api.py 5][INFO]: *************** 正确的登录开始执行用例 ***************
[2021-09-22 21:29:08,765][assert_api.py 13][INFO]: *************** 正确的登录--用例通过 ***************
[2021-09-22 21:29:08,832][assert_api.py 5][INFO]: *************** 正确的登录开始执行用例 ***************
[2021-09-22 21:29:08,832][assert_api.py 10][ERROR]: =====>正确的登录用例执行未通过
[2021-09-22 21:29:09,963][assert_api.py 5][INFO]: *************** 正确的登录开始执行用例 ***************
[2021-09-22 21:29:09,963][assert_api.py 10][ERROR]: =====>正确的登录用例执行未通过
[2021-09-22 21:29:11,043][assert_api.py 5][INFO]: *************** 正确的登录开始执行用例 ***************
[2021-09-22 21:29:11,043][assert_api.py 10][ERROR]: =====>正确的登录用例执行未通过
[2021-09-22 21:29:12,107][assert_api.py 5][INFO]: *************** 正确的登录开始执行用例 ***************
[2021-09-22 21:29:12,107][assert_api.py 10][ERROR]: =====>正确的登录用例执行未通过
[2021-09-22 21:29:12,237][assert_api.py 5][INFO]: *************** 正确的获取验证码开始执行用例 ***************
[2021-09-22 21:29:12,238][assert_api.py 13][INFO]: *************** 正确的获取验证码--用例通过 ***************
[2021-09-22 21:29:12,308][assert_api.py 5][INFO]: *************** 场景为：前台添加收货地址开始执行用例 ***************
[2021-09-22 21:29:12,308][assert_api.py 13][INFO]: *************** 场景为：前台添加收货地址--用例通过 ***************
