[2021-11-05 09:41:33,114][logger.py 61][INFO]: ------开始执行test_admin_login用例------
[2021-11-05 09:41:33,159][logger.py 61][INFO]: ------开始执行assert_api用例------
[2021-11-05 09:41:33,159][logger.py 69][INFO]: ------assert_api执行成功------
[2021-11-05 09:41:33,159][logger.py 69][INFO]: ------test_admin_login执行成功------
[2021-11-05 09:41:33,174][logger.py 61][INFO]: ------开始执行test_admin_login用例------
[2021-11-05 09:41:33,217][logger.py 61][INFO]: ------开始执行assert_api用例------
[2021-11-05 09:41:33,217][logger.py 69][INFO]: ------assert_api执行成功------
[2021-11-05 09:41:33,217][logger.py 69][INFO]: ------test_admin_login执行成功------
[2021-11-05 09:41:33,222][logger.py 61][INFO]: ------开始执行test_admin_login用例------
[2021-11-05 09:41:33,263][logger.py 61][INFO]: ------开始执行assert_api用例------
[2021-11-05 09:41:33,264][logger.py 69][INFO]: ------assert_api执行成功------
[2021-11-05 09:41:33,264][logger.py 69][INFO]: ------test_admin_login执行成功------
[2021-11-05 10:29:22,218][logger.py 61][INFO]: ------开始执行test_admin_login用例------
[2021-11-05 10:29:22,267][logger.py 61][INFO]: ------开始执行assert_api用例------
[2021-11-05 10:29:22,267][logger.py 69][INFO]: ------assert_api执行成功------
[2021-11-05 10:29:22,267][logger.py 69][INFO]: ------test_admin_login执行成功------
[2021-11-05 10:29:22,271][logger.py 61][INFO]: ------开始执行test_admin_login用例------
[2021-11-05 10:29:22,314][logger.py 61][INFO]: ------开始执行assert_api用例------
[2021-11-05 10:29:22,314][logger.py 69][INFO]: ------assert_api执行成功------
[2021-11-05 10:29:22,314][logger.py 69][INFO]: ------test_admin_login执行成功------
[2021-11-05 10:29:22,330][logger.py 61][INFO]: ------开始执行test_admin_login用例------
[2021-11-05 10:29:22,373][logger.py 61][INFO]: ------开始执行assert_api用例------
[2021-11-05 10:29:22,373][logger.py 69][INFO]: ------assert_api执行成功------
[2021-11-05 10:29:22,373][logger.py 69][INFO]: ------test_admin_login执行成功------
[2021-11-05 10:31:45,475][logger.py 61][INFO]: ------开始执行test_admin_login用例------
[2021-11-05 10:31:45,528][logger.py 61][INFO]: ------开始执行assert_api用例------
[2021-11-05 10:31:45,528][logger.py 69][INFO]: ------assert_api执行成功------
[2021-11-05 10:31:45,528][logger.py 69][INFO]: ------test_admin_login执行成功------
[2021-11-05 10:31:45,543][logger.py 61][INFO]: ------开始执行test_admin_login用例------
[2021-11-05 10:31:45,602][logger.py 61][INFO]: ------开始执行assert_api用例------
[2021-11-05 10:31:45,602][logger.py 69][INFO]: ------assert_api执行成功------
[2021-11-05 10:31:45,602][logger.py 69][INFO]: ------test_admin_login执行成功------
[2021-11-05 10:31:45,606][logger.py 61][INFO]: ------开始执行test_admin_login用例------
[2021-11-05 10:31:45,651][logger.py 61][INFO]: ------开始执行assert_api用例------
[2021-11-05 10:31:45,651][logger.py 69][INFO]: ------assert_api执行成功------
[2021-11-05 10:31:45,651][logger.py 69][INFO]: ------test_admin_login执行成功------
[2021-11-05 10:31:56,424][logger.py 61][INFO]: ------开始执行test_admin_login用例------
[2021-11-05 10:31:56,479][logger.py 61][INFO]: ------开始执行assert_api用例------
[2021-11-05 10:31:56,479][logger.py 69][INFO]: ------assert_api执行成功------
[2021-11-05 10:31:56,479][logger.py 69][INFO]: ------test_admin_login执行成功------
[2021-11-05 10:31:56,484][logger.py 61][INFO]: ------开始执行test_admin_login用例------
[2021-11-05 10:31:56,525][logger.py 61][INFO]: ------开始执行assert_api用例------
[2021-11-05 10:31:56,525][logger.py 69][INFO]: ------assert_api执行成功------
[2021-11-05 10:31:56,525][logger.py 69][INFO]: ------test_admin_login执行成功------
[2021-11-05 10:31:56,530][logger.py 61][INFO]: ------开始执行test_admin_login用例------
[2021-11-05 10:31:56,564][logger.py 61][INFO]: ------开始执行assert_api用例------
[2021-11-05 10:31:56,564][logger.py 69][INFO]: ------assert_api执行成功------
[2021-11-05 10:31:56,564][logger.py 69][INFO]: ------test_admin_login执行成功------
[2021-11-05 10:32:56,564][logger.py 61][INFO]: ------开始执行test_admin_login用例------
[2021-11-05 10:32:56,609][logger.py 65][ERROR]: ------test_admin_login用例执行失败，失败原因：------
[2021-11-05 10:32:56,623][logger.py 66][ERROR]: test_admin_login 用例 is error,here are details:Traceback (most recent call last):
  File "D:\daima\xin-daima\two-pytest-api-automation\common\logger.py", line 63, in log
    func(*args, **kwargs)
  File "D:\daima\xin-daima\two-pytest-api-automation\case\test_receiving\test_add_address.py", line 36, in test_admin_login
    ,region=case_body['region'])
  File "D:\daima\xin-daima\two-pytest-api-automation\api\admin\receiving_api.py", line 54, in add_shipping_address
    return self.send(url,body,method=method,x_token=self.token)
  File "D:\daima\xin-daima\two-pytest-api-automation\api\client.py", line 39, in send
    assert result.status_code == 200
AssertionError

[2021-11-05 10:33:13,129][logger.py 61][INFO]: ------开始执行test_admin_login用例------
[2021-11-05 10:33:13,171][logger.py 61][INFO]: ------开始执行assert_api用例------
[2021-11-05 10:33:13,171][logger.py 69][INFO]: ------assert_api执行成功------
[2021-11-05 10:33:13,171][logger.py 69][INFO]: ------test_admin_login执行成功------
[2021-11-05 10:38:56,327][logger.py 61][INFO]: ------开始执行test_admin_login用例------
[2021-11-05 10:38:56,370][logger.py 61][INFO]: ------开始执行assert_api用例------
[2021-11-05 10:38:56,370][logger.py 69][INFO]: ------assert_api执行成功------
[2021-11-05 10:38:56,370][logger.py 69][INFO]: ------test_admin_login执行成功------
[2021-11-05 10:39:01,112][logger.py 61][INFO]: ------开始执行test_admin_login用例------
[2021-11-05 10:39:01,158][logger.py 61][INFO]: ------开始执行assert_api用例------
[2021-11-05 10:39:01,158][logger.py 69][INFO]: ------assert_api执行成功------
[2021-11-05 10:39:01,158][logger.py 69][INFO]: ------test_admin_login执行成功------
[2021-11-05 10:39:01,174][logger.py 61][INFO]: ------开始执行test_admin_login用例------
[2021-11-05 10:39:01,207][logger.py 61][INFO]: ------开始执行assert_api用例------
[2021-11-05 10:39:01,207][logger.py 69][INFO]: ------assert_api执行成功------
[2021-11-05 10:39:01,207][logger.py 69][INFO]: ------test_admin_login执行成功------
[2021-11-05 10:39:01,211][logger.py 61][INFO]: ------开始执行test_admin_login用例------
[2021-11-05 10:39:01,253][logger.py 61][INFO]: ------开始执行assert_api用例------
[2021-11-05 10:39:01,253][logger.py 69][INFO]: ------assert_api执行成功------
[2021-11-05 10:39:01,253][logger.py 69][INFO]: ------test_admin_login执行成功------
[2021-11-05 13:34:25,583][logger.py 61][INFO]: ------开始执行test_get_auth_code用例------
[2021-11-05 13:34:25,620][logger.py 61][INFO]: ------开始执行assert_api用例------
[2021-11-05 13:34:25,621][logger.py 69][INFO]: ------assert_api执行成功------
[2021-11-05 13:34:25,621][logger.py 69][INFO]: ------test_get_auth_code执行成功------
[2021-11-05 13:35:25,531][logger.py 61][INFO]: ------开始执行test_admin_login用例------
[2021-11-05 13:35:25,621][logger.py 61][INFO]: ------开始执行assert_api用例------
[2021-11-05 13:35:25,622][logger.py 69][INFO]: ------assert_api执行成功------
[2021-11-05 13:35:25,622][logger.py 69][INFO]: ------test_admin_login执行成功------
[2021-11-05 13:36:36,633][logger.py 61][INFO]: ------开始执行test_admin_login用例------
[2021-11-05 13:36:36,733][logger.py 61][INFO]: ------开始执行assert_api用例------
[2021-11-05 13:36:36,733][logger.py 69][INFO]: ------assert_api执行成功------
[2021-11-05 13:36:36,733][logger.py 69][INFO]: ------test_admin_login执行成功------
[2021-11-05 13:36:43,595][main.py 16][INFO]: 
                     _    _         _      _____         _
      __ _ _ __ (_)  / \  _   _| |_ __|_   _|__  ___| |_
     / _` | '_ \| | / _ \| | | | __/ _ \| |/ _ \/ __| __|
    | (_| | |_) | |/ ___ \ |_| | || (_) | |  __/\__ \ |_
     \__,_| .__/|_/_/   \_\__,_|\__\___/|_|\___||___/\__|
          |_|
          Starting     ...  道长伴你终身   ...  测试之道学院永相随   ...
        
[2021-11-05 13:36:46,750][logger.py 61][INFO]: ------开始执行test_get_auth_code用例------
[2021-11-05 13:36:46,790][logger.py 61][INFO]: ------开始执行assert_api用例------
[2021-11-05 13:36:46,790][logger.py 69][INFO]: ------assert_api执行成功------
[2021-11-05 13:36:46,790][logger.py 69][INFO]: ------test_get_auth_code执行成功------
[2021-11-05 13:36:46,804][logger.py 61][INFO]: ------开始执行test_admin_login用例------
[2021-11-05 13:36:46,845][logger.py 61][INFO]: ------开始执行assert_api用例------
[2021-11-05 13:36:46,845][logger.py 69][INFO]: ------assert_api执行成功------
[2021-11-05 13:36:46,845][logger.py 69][INFO]: ------test_admin_login执行成功------
[2021-11-05 13:36:46,924][logger.py 61][INFO]: ------开始执行assert_api用例------
[2021-11-05 13:36:46,924][logger.py 69][INFO]: ------assert_api执行成功------
[2021-11-05 13:36:46,929][logger.py 61][INFO]: ------开始执行test_admin_login用例------
[2021-11-05 13:36:46,970][logger.py 61][INFO]: ------开始执行assert_api用例------
[2021-11-05 13:36:46,970][logger.py 69][INFO]: ------assert_api执行成功------
[2021-11-05 13:36:46,970][logger.py 69][INFO]: ------test_admin_login执行成功------
[2021-11-05 13:37:02,500][main.py 16][INFO]: 
                     _    _         _      _____         _
      __ _ _ __ (_)  / \  _   _| |_ __|_   _|__  ___| |_
     / _` | '_ \| | / _ \| | | | __/ _ \| |/ _ \/ __| __|
    | (_| | |_) | |/ ___ \ |_| | || (_) | |  __/\__ \ |_
     \__,_| .__/|_/_/   \_\__,_|\__\___/|_|\___||___/\__|
          |_|
          Starting     ...  道长伴你终身   ...  测试之道学院永相随   ...
        
[2021-11-05 13:37:05,592][logger.py 61][INFO]: ------开始执行test_get_auth_code用例------
[2021-11-05 13:37:05,640][logger.py 61][INFO]: ------开始执行assert_api用例------
[2021-11-05 13:37:05,641][logger.py 69][INFO]: ------assert_api执行成功------
[2021-11-05 13:37:05,641][logger.py 69][INFO]: ------test_get_auth_code执行成功------
[2021-11-05 13:37:05,644][logger.py 61][INFO]: ------开始执行test_admin_login用例------
[2021-11-05 13:37:05,690][logger.py 61][INFO]: ------开始执行assert_api用例------
[2021-11-05 13:37:05,690][logger.py 69][INFO]: ------assert_api执行成功------
[2021-11-05 13:37:05,690][logger.py 69][INFO]: ------test_admin_login执行成功------
[2021-11-05 13:37:05,816][logger.py 61][INFO]: ------开始执行assert_api用例------
[2021-11-05 13:37:05,816][logger.py 69][INFO]: ------assert_api执行成功------
[2021-11-05 13:37:05,820][logger.py 61][INFO]: ------开始执行test_admin_login用例------
[2021-11-05 13:37:05,869][logger.py 61][INFO]: ------开始执行assert_api用例------
[2021-11-05 13:37:05,869][logger.py 69][INFO]: ------assert_api执行成功------
[2021-11-05 13:37:05,869][logger.py 69][INFO]: ------test_admin_login执行成功------
[2021-11-05 13:37:40,975][main.py 16][INFO]: 
                     _    _         _      _____         _
      __ _ _ __ (_)  / \  _   _| |_ __|_   _|__  ___| |_
     / _` | '_ \| | / _ \| | | | __/ _ \| |/ _ \/ __| __|
    | (_| | |_) | |/ ___ \ |_| | || (_) | |  __/\__ \ |_
     \__,_| .__/|_/_/   \_\__,_|\__\___/|_|\___||___/\__|
          |_|
          Starting     ...  道长伴你终身   ...  测试之道学院永相随   ...
        
[2021-11-05 13:37:52,945][main.py 16][INFO]: 
                     _    _         _      _____         _
      __ _ _ __ (_)  / \  _   _| |_ __|_   _|__  ___| |_
     / _` | '_ \| | / _ \| | | | __/ _ \| |/ _ \/ __| __|
    | (_| | |_) | |/ ___ \ |_| | || (_) | |  __/\__ \ |_
     \__,_| .__/|_/_/   \_\__,_|\__\___/|_|\___||___/\__|
          |_|
          Starting     ...  道长伴你终身   ...  测试之道学院永相随   ...
        
[2021-11-05 13:37:56,004][logger.py 61][INFO]: ------开始执行test_get_auth_code用例------
[2021-11-05 13:37:56,047][logger.py 61][INFO]: ------开始执行assert_api用例------
[2021-11-05 13:37:56,047][logger.py 69][INFO]: ------assert_api执行成功------
[2021-11-05 13:37:56,048][logger.py 69][INFO]: ------test_get_auth_code执行成功------
[2021-11-05 13:37:56,063][logger.py 61][INFO]: ------开始执行test_admin_login用例------
[2021-11-05 13:37:56,122][logger.py 61][INFO]: ------开始执行assert_api用例------
[2021-11-05 13:37:56,122][logger.py 69][INFO]: ------assert_api执行成功------
[2021-11-05 13:37:56,122][logger.py 69][INFO]: ------test_admin_login执行成功------
[2021-11-05 13:37:56,230][logger.py 61][INFO]: ------开始执行assert_api用例------
[2021-11-05 13:37:56,231][logger.py 69][INFO]: ------assert_api执行成功------
[2021-11-05 13:37:56,236][logger.py 61][INFO]: ------开始执行test_admin_login用例------
[2021-11-05 13:37:56,285][logger.py 61][INFO]: ------开始执行assert_api用例------
[2021-11-05 13:37:56,286][logger.py 69][INFO]: ------assert_api执行成功------
[2021-11-05 13:37:56,286][logger.py 69][INFO]: ------test_admin_login执行成功------
[2021-11-05 15:56:13,860][logger.py 61][INFO]: ------开始执行test_admin_login用例------
[2021-11-05 15:56:13,951][logger.py 61][INFO]: ------开始执行assert_api用例------
[2021-11-05 15:56:13,951][logger.py 69][INFO]: ------assert_api执行成功------
[2021-11-05 15:56:13,951][logger.py 69][INFO]: ------test_admin_login执行成功------
