[2021-11-04 10:38:28,344][logger.py 61][INFO]: ------开始执行test_admin_login用例------
[2021-11-04 10:38:31,403][logger.py 61][INFO]: ------开始执行assert_api用例------
[2021-11-04 10:38:31,404][logger.py 69][INFO]: ------assert_api执行成功------
[2021-11-04 10:38:31,404][logger.py 69][INFO]: ------test_admin_login执行成功------
[2021-11-04 10:38:31,408][logger.py 61][INFO]: ------开始执行test_admin_login用例------
[2021-11-04 10:38:34,451][logger.py 61][INFO]: ------开始执行assert_api用例------
[2021-11-04 10:38:34,451][logger.py 69][INFO]: ------assert_api执行成功------
[2021-11-04 10:38:34,451][logger.py 69][INFO]: ------test_admin_login执行成功------
[2021-11-04 10:38:34,466][logger.py 61][INFO]: ------开始执行test_admin_login用例------
[2021-11-04 10:38:41,765][logger.py 61][INFO]: ------开始执行assert_api用例------
[2021-11-04 10:38:41,765][logger.py 69][INFO]: ------assert_api执行成功------
[2021-11-04 16:00:50,209][main.py 16][INFO]: 
                     _    _         _      _____         _
      __ _ _ __ (_)  / \  _   _| |_ __|_   _|__  ___| |_
     / _` | '_ \| | / _ \| | | | __/ _ \| |/ _ \/ __| __|
    | (_| | |_) | |/ ___ \ |_| | || (_) | |  __/\__ \ |_
     \__,_| .__/|_/_/   \_\__,_|\__\___/|_|\___||___/\__|
          |_|
          Starting     ...  道长伴你终身   ...  测试之道学院永相随   ...
        
[2021-11-04 16:00:53,412][logger.py 61][INFO]: ------开始执行test_get_auth_code用例------
[2021-11-04 16:00:53,534][logger.py 61][INFO]: ------开始执行assert_api用例------
[2021-11-04 16:00:53,534][logger.py 69][INFO]: ------assert_api执行成功------
[2021-11-04 16:00:53,534][logger.py 69][INFO]: ------test_get_auth_code执行成功------
[2021-11-04 16:00:53,550][logger.py 61][INFO]: ------开始执行test_admin_login用例------
[2021-11-04 16:00:53,646][logger.py 61][INFO]: ------开始执行assert_api用例------
[2021-11-04 16:00:53,646][logger.py 69][INFO]: ------assert_api执行成功------
[2021-11-04 16:00:53,646][logger.py 69][INFO]: ------test_admin_login执行成功------
[2021-11-04 16:00:53,650][logger.py 61][INFO]: ------开始执行test_admin_login用例------
[2021-11-04 16:00:53,717][logger.py 61][INFO]: ------开始执行assert_api用例------
[2021-11-04 16:00:53,717][logger.py 69][INFO]: ------assert_api执行成功------
[2021-11-04 16:00:53,717][logger.py 69][INFO]: ------test_admin_login执行成功------
[2021-11-04 16:00:53,721][logger.py 61][INFO]: ------开始执行test_admin_login用例------
[2021-11-04 16:00:53,779][logger.py 61][INFO]: ------开始执行assert_api用例------
[2021-11-04 16:00:53,779][logger.py 69][INFO]: ------assert_api执行成功------
[2021-11-04 16:00:53,780][logger.py 69][INFO]: ------test_admin_login执行成功------
[2021-11-04 16:00:53,916][logger.py 61][INFO]: ------开始执行assert_api用例------
[2021-11-04 16:00:53,916][logger.py 69][INFO]: ------assert_api执行成功------
[2021-11-04 16:00:53,921][logger.py 61][INFO]: ------开始执行test_admin_login用例------
[2021-11-04 16:00:53,958][logger.py 61][INFO]: ------开始执行assert_api用例------
[2021-11-04 16:00:53,958][logger.py 69][INFO]: ------assert_api执行成功------
[2021-11-04 16:00:53,958][logger.py 69][INFO]: ------test_admin_login执行成功------
[2021-11-04 16:02:05,104][main.py 16][INFO]: 
                     _    _         _      _____         _
      __ _ _ __ (_)  / \  _   _| |_ __|_   _|__  ___| |_
     / _` | '_ \| | / _ \| | | | __/ _ \| |/ _ \/ __| __|
    | (_| | |_) | |/ ___ \ |_| | || (_) | |  __/\__ \ |_
     \__,_| .__/|_/_/   \_\__,_|\__\___/|_|\___||___/\__|
          |_|
          Starting     ...  道长伴你终身   ...  测试之道学院永相随   ...
        
[2021-11-04 16:02:08,067][logger.py 61][INFO]: ------开始执行test_get_auth_code用例------
[2021-11-04 16:02:08,177][logger.py 61][INFO]: ------开始执行assert_api用例------
[2021-11-04 16:02:08,178][logger.py 69][INFO]: ------assert_api执行成功------
[2021-11-04 16:02:08,178][logger.py 69][INFO]: ------test_get_auth_code执行成功------
[2021-11-04 16:02:08,182][logger.py 61][INFO]: ------开始执行test_admin_login用例------
[2021-11-04 16:02:08,334][logger.py 61][INFO]: ------开始执行assert_api用例------
[2021-11-04 16:02:08,334][logger.py 69][INFO]: ------assert_api执行成功------
[2021-11-04 16:02:08,334][logger.py 69][INFO]: ------test_admin_login执行成功------
[2021-11-04 16:02:08,338][logger.py 61][INFO]: ------开始执行test_admin_login用例------
[2021-11-04 16:02:08,493][logger.py 61][INFO]: ------开始执行assert_api用例------
[2021-11-04 16:02:08,493][logger.py 69][INFO]: ------assert_api执行成功------
[2021-11-04 16:02:08,493][logger.py 69][INFO]: ------test_admin_login执行成功------
[2021-11-04 16:02:08,497][logger.py 61][INFO]: ------开始执行test_admin_login用例------
[2021-11-04 16:02:08,661][logger.py 61][INFO]: ------开始执行assert_api用例------
[2021-11-04 16:02:08,661][logger.py 69][INFO]: ------assert_api执行成功------
[2021-11-04 16:02:08,661][logger.py 69][INFO]: ------test_admin_login执行成功------
[2021-11-04 16:02:08,961][logger.py 61][INFO]: ------开始执行assert_api用例------
[2021-11-04 16:02:08,962][logger.py 69][INFO]: ------assert_api执行成功------
[2021-11-04 16:02:08,977][logger.py 61][INFO]: ------开始执行test_admin_login用例------
[2021-11-04 16:02:09,142][logger.py 61][INFO]: ------开始执行assert_api用例------
[2021-11-04 16:02:09,142][logger.py 69][INFO]: ------assert_api执行成功------
[2021-11-04 16:02:09,142][logger.py 69][INFO]: ------test_admin_login执行成功------
[2021-11-04 16:02:24,036][main.py 16][INFO]: 
                     _    _         _      _____         _
      __ _ _ __ (_)  / \  _   _| |_ __|_   _|__  ___| |_
     / _` | '_ \| | / _ \| | | | __/ _ \| |/ _ \/ __| __|
    | (_| | |_) | |/ ___ \ |_| | || (_) | |  __/\__ \ |_
     \__,_| .__/|_/_/   \_\__,_|\__\___/|_|\___||___/\__|
          |_|
          Starting     ...  道长伴你终身   ...  测试之道学院永相随   ...
        
[2021-11-04 16:02:26,999][logger.py 61][INFO]: ------开始执行test_get_auth_code用例------
[2021-11-04 16:02:27,042][logger.py 61][INFO]: ------开始执行assert_api用例------
[2021-11-04 16:02:27,042][logger.py 69][INFO]: ------assert_api执行成功------
[2021-11-04 16:02:27,042][logger.py 69][INFO]: ------test_get_auth_code执行成功------
[2021-11-04 16:02:27,057][logger.py 61][INFO]: ------开始执行test_admin_login用例------
[2021-11-04 16:02:27,101][logger.py 61][INFO]: ------开始执行assert_api用例------
[2021-11-04 16:02:27,101][logger.py 69][INFO]: ------assert_api执行成功------
[2021-11-04 16:02:27,101][logger.py 69][INFO]: ------test_admin_login执行成功------
[2021-11-04 16:02:27,105][logger.py 61][INFO]: ------开始执行test_admin_login用例------
[2021-11-04 16:02:27,183][logger.py 61][INFO]: ------开始执行assert_api用例------
[2021-11-04 16:02:27,183][logger.py 69][INFO]: ------assert_api执行成功------
[2021-11-04 16:02:27,183][logger.py 69][INFO]: ------test_admin_login执行成功------
[2021-11-04 16:02:27,186][logger.py 61][INFO]: ------开始执行test_admin_login用例------
[2021-11-04 16:02:27,230][logger.py 61][INFO]: ------开始执行assert_api用例------
[2021-11-04 16:02:27,231][logger.py 69][INFO]: ------assert_api执行成功------
[2021-11-04 16:02:27,231][logger.py 69][INFO]: ------test_admin_login执行成功------
[2021-11-04 16:02:27,354][logger.py 61][INFO]: ------开始执行assert_api用例------
[2021-11-04 16:02:27,354][logger.py 69][INFO]: ------assert_api执行成功------
[2021-11-04 16:02:27,370][logger.py 61][INFO]: ------开始执行test_admin_login用例------
[2021-11-04 16:02:27,410][logger.py 61][INFO]: ------开始执行assert_api用例------
[2021-11-04 16:02:27,410][logger.py 69][INFO]: ------assert_api执行成功------
[2021-11-04 16:02:27,410][logger.py 69][INFO]: ------test_admin_login执行成功------
[2021-11-04 16:43:09,998][main.py 16][INFO]: 
                     _    _         _      _____         _
      __ _ _ __ (_)  / \  _   _| |_ __|_   _|__  ___| |_
     / _` | '_ \| | / _ \| | | | __/ _ \| |/ _ \/ __| __|
    | (_| | |_) | |/ ___ \ |_| | || (_) | |  __/\__ \ |_
     \__,_| .__/|_/_/   \_\__,_|\__\___/|_|\___||___/\__|
          |_|
          Starting     ...  道长伴你终身   ...  测试之道学院永相随   ...
        
[2021-11-04 16:43:12,865][logger.py 61][INFO]: ------开始执行test_get_auth_code用例------
[2021-11-04 16:43:12,895][logger.py 61][INFO]: ------开始执行assert_api用例------
[2021-11-04 16:43:12,895][logger.py 69][INFO]: ------assert_api执行成功------
[2021-11-04 16:43:12,895][logger.py 69][INFO]: ------test_get_auth_code执行成功------
[2021-11-04 16:43:12,910][logger.py 61][INFO]: ------开始执行test_admin_login用例------
[2021-11-04 16:43:12,956][logger.py 61][INFO]: ------开始执行assert_api用例------
[2021-11-04 16:43:12,956][logger.py 69][INFO]: ------assert_api执行成功------
[2021-11-04 16:43:12,957][logger.py 69][INFO]: ------test_admin_login执行成功------
[2021-11-04 16:43:12,960][logger.py 61][INFO]: ------开始执行test_admin_login用例------
[2021-11-04 16:43:12,998][logger.py 61][INFO]: ------开始执行assert_api用例------
[2021-11-04 16:43:12,998][logger.py 69][INFO]: ------assert_api执行成功------
[2021-11-04 16:43:12,999][logger.py 69][INFO]: ------test_admin_login执行成功------
[2021-11-04 16:43:13,002][logger.py 61][INFO]: ------开始执行test_admin_login用例------
[2021-11-04 16:43:13,043][logger.py 61][INFO]: ------开始执行assert_api用例------
[2021-11-04 16:43:13,043][logger.py 69][INFO]: ------assert_api执行成功------
[2021-11-04 16:43:13,043][logger.py 69][INFO]: ------test_admin_login执行成功------
[2021-11-04 16:43:13,138][logger.py 61][INFO]: ------开始执行assert_api用例------
[2021-11-04 16:43:13,138][logger.py 69][INFO]: ------assert_api执行成功------
[2021-11-04 16:43:13,154][logger.py 61][INFO]: ------开始执行test_admin_login用例------
[2021-11-04 16:43:13,193][logger.py 61][INFO]: ------开始执行assert_api用例------
[2021-11-04 16:43:13,193][logger.py 69][INFO]: ------assert_api执行成功------
[2021-11-04 16:43:13,194][logger.py 69][INFO]: ------test_admin_login执行成功------
