
[2021-12-08 13:27:30,563][logger.py 62][INFO]: ------开始执行test_admin_login用例------
[2021-12-08 13:27:30,928][logger.py 62][INFO]: ------开始执行assert_api用例------
[2021-12-08 13:27:30,928][logger.py 70][INFO]: ------assert_api执行成功------
[2021-12-08 13:27:30,929][logger.py 70][INFO]: ------test_admin_login执行成功------
[2021-12-08 17:06:36,400][main.py 17][INFO]: 
                     _    _         _      _____         _
      __ _ _ __ (_)  / \  _   _| |_ __|_   _|__  ___| |_
     / _` | '_ \| | / _ \| | | | __/ _ \| |/ _ \/ __| __|
    | (_| | |_) | |/ ___ \ |_| | || (_) | |  __/\__ \ |_
     \__,_| .__/|_/_/   \_\__,_|\__\___/|_|\___||___/\__|
          |_|
          Starting     ...  道长伴你终身   ...  测试之道学院永相随   ...
        
[2021-12-08 17:06:40,657][logger.py 62][INFO]: ------开始执行test_get_auth_code用例------
[2021-12-08 17:06:40,733][logger.py 62][INFO]: ------开始执行assert_api用例------
[2021-12-08 17:06:40,733][logger.py 70][INFO]: ------assert_api执行成功------
[2021-12-08 17:06:40,733][logger.py 70][INFO]: ------test_get_auth_code执行成功------
[2021-12-08 17:06:40,750][logger.py 62][INFO]: ------开始执行test_admin_login用例------
[2021-12-08 17:06:40,854][logger.py 62][INFO]: ------开始执行assert_api用例------
[2021-12-08 17:06:40,854][logger.py 70][INFO]: ------assert_api执行成功------
[2021-12-08 17:06:40,854][logger.py 70][INFO]: ------test_admin_login执行成功------
[2021-12-08 17:06:41,100][logger.py 62][INFO]: ------开始执行assert_api用例------
[2021-12-08 17:06:41,100][logger.py 70][INFO]: ------assert_api执行成功------
[2021-12-08 17:06:41,105][logger.py 62][INFO]: ------开始执行test_admin_login用例------
[2021-12-08 17:06:41,217][logger.py 62][INFO]: ------开始执行assert_api用例------
[2021-12-08 17:06:41,217][logger.py 70][INFO]: ------assert_api执行成功------
[2021-12-08 17:06:41,217][logger.py 70][INFO]: ------test_admin_login执行成功------
[2021-12-08 17:20:42,387][main.py 17][INFO]: 
                     _    _         _      _____         _
      __ _ _ __ (_)  / \  _   _| |_ __|_   _|__  ___| |_
     / _` | '_ \| | / _ \| | | | __/ _ \| |/ _ \/ __| __|
    | (_| | |_) | |/ ___ \ |_| | || (_) | |  __/\__ \ |_
     \__,_| .__/|_/_/   \_\__,_|\__\___/|_|\___||___/\__|
          |_|
          Starting     ...  道长伴你终身   ...  测试之道学院永相随   ...
        
[2021-12-08 17:20:46,383][logger.py 62][INFO]: ------开始执行test_get_auth_code用例------
[2021-12-08 17:20:46,471][logger.py 62][INFO]: ------开始执行assert_api用例------
[2021-12-08 17:20:46,471][logger.py 70][INFO]: ------assert_api执行成功------
[2021-12-08 17:20:46,471][logger.py 70][INFO]: ------test_get_auth_code执行成功------
[2021-12-08 17:20:46,486][logger.py 62][INFO]: ------开始执行test_admin_login用例------
[2021-12-08 17:20:46,635][logger.py 62][INFO]: ------开始执行assert_api用例------
[2021-12-08 17:20:46,635][logger.py 70][INFO]: ------assert_api执行成功------
[2021-12-08 17:20:46,635][logger.py 70][INFO]: ------test_admin_login执行成功------
[2021-12-08 17:20:46,891][logger.py 62][INFO]: ------开始执行assert_api用例------
[2021-12-08 17:20:46,892][logger.py 70][INFO]: ------assert_api执行成功------
[2021-12-08 17:20:46,896][logger.py 62][INFO]: ------开始执行test_admin_login用例------
[2021-12-08 17:20:47,042][logger.py 62][INFO]: ------开始执行assert_api用例------
[2021-12-08 17:20:47,043][logger.py 70][INFO]: ------assert_api执行成功------
[2021-12-08 17:20:47,043][logger.py 70][INFO]: ------test_admin_login执行成功------
