[2021-11-27 19:07:59,086][logger.py 62][INFO]: ------开始执行test_admin_login用例------
[2021-11-27 19:07:59,137][logger.py 62][INFO]: ------开始执行assert_api用例------
[2021-11-27 19:07:59,138][logger.py 70][INFO]: ------assert_api执行成功------
[2021-11-27 19:07:59,138][logger.py 70][INFO]: ------test_admin_login执行成功------
[2021-11-27 19:07:59,142][logger.py 62][INFO]: ------开始执行test_admin_login用例------
[2021-11-27 19:07:59,183][logger.py 62][INFO]: ------开始执行assert_api用例------
[2021-11-27 19:07:59,183][logger.py 70][INFO]: ------assert_api执行成功------
[2021-11-27 19:07:59,183][logger.py 70][INFO]: ------test_admin_login执行成功------
[2021-11-27 19:07:59,188][logger.py 62][INFO]: ------开始执行test_admin_login用例------
[2021-11-27 19:07:59,229][logger.py 62][INFO]: ------开始执行assert_api用例------
[2021-11-27 19:07:59,229][logger.py 70][INFO]: ------assert_api执行成功------
[2021-11-27 19:07:59,229][logger.py 70][INFO]: ------test_admin_login执行成功------
[2021-11-27 19:08:07,751][main.py 17][INFO]: 
                     _    _         _      _____         _
      __ _ _ __ (_)  / \  _   _| |_ __|_   _|__  ___| |_
     / _` | '_ \| | / _ \| | | | __/ _ \| |/ _ \/ __| __|
    | (_| | |_) | |/ ___ \ |_| | || (_) | |  __/\__ \ |_
     \__,_| .__/|_/_/   \_\__,_|\__\___/|_|\___||___/\__|
          |_|
          Starting     ...  道长伴你终身   ...  测试之道学院永相随   ...
        
[2021-11-27 19:08:21,413][main.py 17][INFO]: 
                     _    _         _      _____         _
      __ _ _ __ (_)  / \  _   _| |_ __|_   _|__  ___| |_
     / _` | '_ \| | / _ \| | | | __/ _ \| |/ _ \/ __| __|
    | (_| | |_) | |/ ___ \ |_| | || (_) | |  __/\__ \ |_
     \__,_| .__/|_/_/   \_\__,_|\__\___/|_|\___||___/\__|
          |_|
          Starting     ...  道长伴你终身   ...  测试之道学院永相随   ...
        
[2021-11-27 19:08:31,293][main.py 17][INFO]: 
                     _    _         _      _____         _
      __ _ _ __ (_)  / \  _   _| |_ __|_   _|__  ___| |_
     / _` | '_ \| | / _ \| | | | __/ _ \| |/ _ \/ __| __|
    | (_| | |_) | |/ ___ \ |_| | || (_) | |  __/\__ \ |_
     \__,_| .__/|_/_/   \_\__,_|\__\___/|_|\___||___/\__|
          |_|
          Starting     ...  道长伴你终身   ...  测试之道学院永相随   ...
        
[2021-11-27 19:08:46,021][main.py 17][INFO]: 
                     _    _         _      _____         _
      __ _ _ __ (_)  / \  _   _| |_ __|_   _|__  ___| |_
     / _` | '_ \| | / _ \| | | | __/ _ \| |/ _ \/ __| __|
    | (_| | |_) | |/ ___ \ |_| | || (_) | |  __/\__ \ |_
     \__,_| .__/|_/_/   \_\__,_|\__\___/|_|\___||___/\__|
          |_|
          Starting     ...  道长伴你终身   ...  测试之道学院永相随   ...
        
[2021-11-27 19:09:07,584][main.py 17][INFO]: 
                     _    _         _      _____         _
      __ _ _ __ (_)  / \  _   _| |_ __|_   _|__  ___| |_
     / _` | '_ \| | / _ \| | | | __/ _ \| |/ _ \/ __| __|
    | (_| | |_) | |/ ___ \ |_| | || (_) | |  __/\__ \ |_
     \__,_| .__/|_/_/   \_\__,_|\__\___/|_|\___||___/\__|
          |_|
          Starting     ...  道长伴你终身   ...  测试之道学院永相随   ...
        
[2021-11-27 19:09:11,152][logger.py 62][INFO]: ------开始执行test_get_auth_code用例------
[2021-11-27 19:09:11,189][logger.py 62][INFO]: ------开始执行assert_api用例------
[2021-11-27 19:09:11,189][logger.py 70][INFO]: ------assert_api执行成功------
[2021-11-27 19:09:11,189][logger.py 70][INFO]: ------test_get_auth_code执行成功------
[2021-11-27 19:09:11,204][logger.py 62][INFO]: ------开始执行test_admin_login用例------
[2021-11-27 19:09:11,251][logger.py 62][INFO]: ------开始执行assert_api用例------
[2021-11-27 19:09:11,252][logger.py 70][INFO]: ------assert_api执行成功------
[2021-11-27 19:09:11,252][logger.py 70][INFO]: ------test_admin_login执行成功------
[2021-11-27 19:09:11,255][logger.py 62][INFO]: ------开始执行test_admin_login用例------
[2021-11-27 19:09:11,302][logger.py 62][INFO]: ------开始执行assert_api用例------
[2021-11-27 19:09:11,303][logger.py 70][INFO]: ------assert_api执行成功------
[2021-11-27 19:09:11,303][logger.py 70][INFO]: ------test_admin_login执行成功------
[2021-11-27 19:09:11,306][logger.py 62][INFO]: ------开始执行test_admin_login用例------
[2021-11-27 19:09:11,343][logger.py 62][INFO]: ------开始执行assert_api用例------
[2021-11-27 19:09:11,344][logger.py 70][INFO]: ------assert_api执行成功------
[2021-11-27 19:09:11,344][logger.py 70][INFO]: ------test_admin_login执行成功------
[2021-11-27 19:09:11,426][logger.py 62][INFO]: ------开始执行assert_api用例------
[2021-11-27 19:09:11,427][logger.py 70][INFO]: ------assert_api执行成功------
[2021-11-27 19:09:11,440][logger.py 62][INFO]: ------开始执行test_admin_login用例------
[2021-11-27 19:09:11,496][logger.py 62][INFO]: ------开始执行assert_api用例------
[2021-11-27 19:09:11,497][logger.py 70][INFO]: ------assert_api执行成功------
[2021-11-27 19:09:11,497][logger.py 70][INFO]: ------test_admin_login执行成功------
[2021-11-27 19:10:08,233][main.py 17][INFO]: 
                     _    _         _      _____         _
      __ _ _ __ (_)  / \  _   _| |_ __|_   _|__  ___| |_
     / _` | '_ \| | / _ \| | | | __/ _ \| |/ _ \/ __| __|
    | (_| | |_) | |/ ___ \ |_| | || (_) | |  __/\__ \ |_
     \__,_| .__/|_/_/   \_\__,_|\__\___/|_|\___||___/\__|
          |_|
          Starting     ...  道长伴你终身   ...  测试之道学院永相随   ...
        
[2021-11-27 19:10:11,773][logger.py 62][INFO]: ------开始执行test_get_auth_code用例------
[2021-11-27 19:10:11,809][logger.py 62][INFO]: ------开始执行assert_api用例------
[2021-11-27 19:10:11,810][logger.py 70][INFO]: ------assert_api执行成功------
[2021-11-27 19:10:11,810][logger.py 70][INFO]: ------test_get_auth_code执行成功------
[2021-11-27 19:10:11,824][logger.py 62][INFO]: ------开始执行test_admin_login用例------
[2021-11-27 19:10:11,874][logger.py 62][INFO]: ------开始执行assert_api用例------
[2021-11-27 19:10:11,875][logger.py 70][INFO]: ------assert_api执行成功------
[2021-11-27 19:10:11,875][logger.py 70][INFO]: ------test_admin_login执行成功------
[2021-11-27 19:10:11,878][logger.py 62][INFO]: ------开始执行test_admin_login用例------
[2021-11-27 19:10:11,922][logger.py 62][INFO]: ------开始执行assert_api用例------
[2021-11-27 19:10:11,922][logger.py 70][INFO]: ------assert_api执行成功------
[2021-11-27 19:10:11,922][logger.py 70][INFO]: ------test_admin_login执行成功------
[2021-11-27 19:10:11,925][logger.py 62][INFO]: ------开始执行test_admin_login用例------
[2021-11-27 19:10:11,961][logger.py 62][INFO]: ------开始执行assert_api用例------
[2021-11-27 19:10:11,961][logger.py 70][INFO]: ------assert_api执行成功------
[2021-11-27 19:10:11,961][logger.py 70][INFO]: ------test_admin_login执行成功------
[2021-11-27 19:10:12,041][logger.py 62][INFO]: ------开始执行assert_api用例------
[2021-11-27 19:10:12,042][logger.py 70][INFO]: ------assert_api执行成功------
[2021-11-27 19:10:12,057][logger.py 62][INFO]: ------开始执行test_admin_login用例------
[2021-11-27 19:10:12,105][logger.py 62][INFO]: ------开始执行assert_api用例------
[2021-11-27 19:10:12,105][logger.py 70][INFO]: ------assert_api执行成功------
[2021-11-27 19:10:12,105][logger.py 70][INFO]: ------test_admin_login执行成功------
[2021-11-27 21:14:59,843][logger.py 62][INFO]: ------开始执行test_admin_login用例------
[2021-11-27 21:14:59,883][logger.py 62][INFO]: ------开始执行assert_api用例------
[2021-11-27 21:14:59,883][logger.py 70][INFO]: ------assert_api执行成功------
[2021-11-27 21:14:59,883][logger.py 70][INFO]: ------test_admin_login执行成功------
