[2021-11-25 16:52:45,910][logger.py 62][INFO]: ------开始执行test_admin_login用例------
[2021-11-25 16:52:45,964][logger.py 62][INFO]: ------开始执行assert_api用例------
[2021-11-25 16:52:45,964][logger.py 70][INFO]: ------assert_api执行成功------
[2021-11-25 16:52:45,964][logger.py 70][INFO]: ------test_admin_login执行成功------
[2021-11-25 16:52:45,970][logger.py 62][INFO]: ------开始执行test_admin_login用例------
[2021-11-25 16:52:46,025][logger.py 62][INFO]: ------开始执行assert_api用例------
[2021-11-25 16:52:46,025][logger.py 70][INFO]: ------assert_api执行成功------
[2021-11-25 16:52:46,025][logger.py 70][INFO]: ------test_admin_login执行成功------
[2021-11-25 16:52:46,030][logger.py 62][INFO]: ------开始执行test_admin_login用例------
[2021-11-25 16:52:46,097][logger.py 62][INFO]: ------开始执行assert_api用例------
[2021-11-25 16:52:46,097][logger.py 70][INFO]: ------assert_api执行成功------
[2021-11-25 16:52:46,097][logger.py 70][INFO]: ------test_admin_login执行成功------
[2021-11-25 17:02:37,759][logger.py 62][INFO]: ------开始执行test_admin_login用例------
[2021-11-25 17:02:37,807][logger.py 62][INFO]: ------开始执行assert_api用例------
[2021-11-25 17:02:37,808][logger.py 70][INFO]: ------assert_api执行成功------
[2021-11-25 17:02:37,808][logger.py 70][INFO]: ------test_admin_login执行成功------
[2021-11-25 17:02:37,812][logger.py 62][INFO]: ------开始执行test_admin_login用例------
[2021-11-25 17:02:37,859][logger.py 62][INFO]: ------开始执行assert_api用例------
[2021-11-25 17:02:37,860][logger.py 70][INFO]: ------assert_api执行成功------
[2021-11-25 17:02:37,860][logger.py 70][INFO]: ------test_admin_login执行成功------
[2021-11-25 17:02:37,876][logger.py 62][INFO]: ------开始执行test_admin_login用例------
[2021-11-25 17:02:38,010][logger.py 62][INFO]: ------开始执行assert_api用例------
[2021-11-25 17:02:38,010][logger.py 70][INFO]: ------assert_api执行成功------
[2021-11-25 17:02:38,010][logger.py 70][INFO]: ------test_admin_login执行成功------
[2021-11-25 17:12:23,827][logger.py 62][INFO]: ------开始执行test_admin_login用例------
[2021-11-25 17:12:23,888][logger.py 62][INFO]: ------开始执行assert_api用例------
[2021-11-25 17:12:23,889][logger.py 70][INFO]: ------assert_api执行成功------
[2021-11-25 17:12:23,889][logger.py 70][INFO]: ------test_admin_login执行成功------
[2021-11-25 17:12:23,893][logger.py 62][INFO]: ------开始执行test_admin_login用例------
[2021-11-25 17:12:23,979][logger.py 62][INFO]: ------开始执行assert_api用例------
[2021-11-25 17:12:23,979][logger.py 70][INFO]: ------assert_api执行成功------
[2021-11-25 17:12:23,979][logger.py 70][INFO]: ------test_admin_login执行成功------
[2021-11-25 17:12:23,997][logger.py 62][INFO]: ------开始执行test_admin_login用例------
[2021-11-25 17:12:24,034][logger.py 62][INFO]: ------开始执行assert_api用例------
[2021-11-25 17:12:24,034][logger.py 70][INFO]: ------assert_api执行成功------
[2021-11-25 17:12:24,035][logger.py 70][INFO]: ------test_admin_login执行成功------
[2021-11-25 17:15:31,906][logger.py 62][INFO]: ------开始执行test_admin_login用例------
[2021-11-25 17:15:31,962][logger.py 62][INFO]: ------开始执行assert_api用例------
[2021-11-25 17:15:31,962][logger.py 70][INFO]: ------assert_api执行成功------
[2021-11-25 17:15:31,962][logger.py 70][INFO]: ------test_admin_login执行成功------
[2021-11-25 17:15:31,967][logger.py 62][INFO]: ------开始执行test_admin_login用例------
[2021-11-25 17:15:32,005][logger.py 62][INFO]: ------开始执行assert_api用例------
[2021-11-25 17:15:32,005][logger.py 70][INFO]: ------assert_api执行成功------
[2021-11-25 17:15:32,005][logger.py 70][INFO]: ------test_admin_login执行成功------
[2021-11-25 17:15:32,020][logger.py 62][INFO]: ------开始执行test_admin_login用例------
[2021-11-25 17:15:32,061][logger.py 62][INFO]: ------开始执行assert_api用例------
[2021-11-25 17:15:32,061][logger.py 70][INFO]: ------assert_api执行成功------
[2021-11-25 17:15:32,061][logger.py 70][INFO]: ------test_admin_login执行成功------
[2021-11-25 17:15:43,338][main.py 17][INFO]: 
                     _    _         _      _____         _
      __ _ _ __ (_)  / \  _   _| |_ __|_   _|__  ___| |_
     / _` | '_ \| | / _ \| | | | __/ _ \| |/ _ \/ __| __|
    | (_| | |_) | |/ ___ \ |_| | || (_) | |  __/\__ \ |_
     \__,_| .__/|_/_/   \_\__,_|\__\___/|_|\___||___/\__|
          |_|
          Starting     ...  道长伴你终身   ...  测试之道学院永相随   ...
        
[2021-11-25 17:15:47,099][logger.py 62][INFO]: ------开始执行test_get_auth_code用例------
[2021-11-25 17:15:47,133][logger.py 62][INFO]: ------开始执行assert_api用例------
[2021-11-25 17:15:47,133][logger.py 70][INFO]: ------assert_api执行成功------
[2021-11-25 17:15:47,133][logger.py 70][INFO]: ------test_get_auth_code执行成功------
[2021-11-25 17:15:47,139][logger.py 62][INFO]: ------开始执行test_admin_login用例------
[2021-11-25 17:15:47,195][logger.py 62][INFO]: ------开始执行assert_api用例------
[2021-11-25 17:15:47,196][logger.py 70][INFO]: ------assert_api执行成功------
[2021-11-25 17:15:47,196][logger.py 70][INFO]: ------test_admin_login执行成功------
[2021-11-25 17:15:47,199][logger.py 62][INFO]: ------开始执行test_admin_login用例------
[2021-11-25 17:15:47,241][logger.py 62][INFO]: ------开始执行assert_api用例------
[2021-11-25 17:15:47,241][logger.py 70][INFO]: ------assert_api执行成功------
[2021-11-25 17:15:47,241][logger.py 70][INFO]: ------test_admin_login执行成功------
[2021-11-25 17:15:47,245][logger.py 62][INFO]: ------开始执行test_admin_login用例------
[2021-11-25 17:15:47,290][logger.py 62][INFO]: ------开始执行assert_api用例------
[2021-11-25 17:15:47,290][logger.py 70][INFO]: ------assert_api执行成功------
[2021-11-25 17:15:47,291][logger.py 70][INFO]: ------test_admin_login执行成功------
[2021-11-25 17:15:47,385][logger.py 62][INFO]: ------开始执行assert_api用例------
[2021-11-25 17:15:47,385][logger.py 70][INFO]: ------assert_api执行成功------
[2021-11-25 17:15:47,391][logger.py 62][INFO]: ------开始执行test_admin_login用例------
[2021-11-25 17:15:47,455][logger.py 62][INFO]: ------开始执行assert_api用例------
[2021-11-25 17:15:47,455][logger.py 70][INFO]: ------assert_api执行成功------
[2021-11-25 17:15:47,455][logger.py 70][INFO]: ------test_admin_login执行成功------
