[2021-10-15 15:29:44,778][main.py 16][INFO]: 
                     _    _         _      _____         _
      __ _ _ __ (_)  / \  _   _| |_ __|_   _|__  ___| |_
     / _` | '_ \| | / _ \| | | | __/ _ \| |/ _ \/ __| __|
    | (_| | |_) | |/ ___ \ |_| | || (_) | |  __/\__ \ |_
     \__,_| .__/|_/_/   \_\__,_|\__\___/|_|\___||___/\__|
          |_|
          Starting     ...  道长伴你终身   ...  测试之道学院永相随   ...
        
[2021-10-15 15:49:38,156][logger.py 61][INFO]: ------开始执行test_get_auth_code用例------
[2021-10-15 15:49:38,287][logger.py 61][INFO]: ------开始执行assert_api用例------
[2021-10-15 15:49:38,287][logger.py 69][INFO]: ------assert_api执行成功------
[2021-10-15 15:49:38,288][logger.py 69][INFO]: ------test_get_auth_code执行成功------
[2021-10-15 15:49:38,621][logger.py 61][INFO]: ------开始执行test_admin_login用例------
[2021-10-15 15:49:39,733][logger.py 61][INFO]: ------开始执行assert_api用例------
[2021-10-15 15:49:39,734][logger.py 69][INFO]: ------assert_api执行成功------
[2021-10-15 15:49:39,734][logger.py 69][INFO]: ------test_admin_login执行成功------
[2021-10-15 15:49:39,738][logger.py 61][INFO]: ------开始执行test_admin_login用例------
[2021-10-15 15:49:39,782][logger.py 61][INFO]: ------开始执行assert_api用例------
[2021-10-15 15:49:39,782][logger.py 69][INFO]: ------assert_api执行成功------
[2021-10-15 15:49:39,783][logger.py 69][INFO]: ------test_admin_login执行成功------
[2021-10-15 15:49:39,787][logger.py 61][INFO]: ------开始执行test_admin_login用例------
[2021-10-15 15:49:39,937][logger.py 61][INFO]: ------开始执行assert_api用例------
[2021-10-15 15:49:39,937][logger.py 69][INFO]: ------assert_api执行成功------
[2021-10-15 15:49:39,937][logger.py 69][INFO]: ------test_admin_login执行成功------
[2021-10-15 15:49:40,152][logger.py 61][INFO]: ------开始执行assert_api用例------
[2021-10-15 15:49:40,152][logger.py 69][INFO]: ------assert_api执行成功------
[2021-10-15 15:49:40,158][logger.py 61][INFO]: ------开始执行test_admin_login用例------
[2021-10-15 15:49:40,206][logger.py 61][INFO]: ------开始执行assert_api用例------
[2021-10-15 15:49:40,207][logger.py 65][ERROR]: ------assert_api用例执行失败，失败原因：------
[2021-10-15 15:49:40,209][logger.py 66][ERROR]: assert_api 用例 is error,here are details:Traceback (most recent call last):
  File "D:\daima\xin-daima\two-pytest-api-automation\common\logger.py", line 63, in log
    func(*args, **kwargs)
  File "D:\daima\xin-daima\two-pytest-api-automation\common\assert_api.py", line 15, in assert_api
    raise e
  File "D:\daima\xin-daima\two-pytest-api-automation\common\assert_api.py", line 10, in assert_api
    assert actual_data['code'] == expect_data['except_code']
AssertionError

[2021-10-15 15:49:40,209][logger.py 65][ERROR]: ------test_admin_login用例执行失败，失败原因：------
[2021-10-15 15:49:40,210][logger.py 66][ERROR]: test_admin_login 用例 is error,here are details:Traceback (most recent call last):
  File "D:\daima\xin-daima\two-pytest-api-automation\common\logger.py", line 63, in log
    func(*args, **kwargs)
  File "D:\daima\xin-daima\two-pytest-api-automation\case\test_receiving\test_add_address.py", line 36, in test_admin_login
    assert_api(actual_data,expect)
  File "D:\daima\xin-daima\two-pytest-api-automation\common\logger.py", line 67, in log
    raise e
  File "D:\daima\xin-daima\two-pytest-api-automation\common\logger.py", line 63, in log
    func(*args, **kwargs)
  File "D:\daima\xin-daima\two-pytest-api-automation\common\assert_api.py", line 15, in assert_api
    raise e
  File "D:\daima\xin-daima\two-pytest-api-automation\common\assert_api.py", line 10, in assert_api
    assert actual_data['code'] == expect_data['except_code']
AssertionError

[2021-10-15 15:50:33,972][logger.py 61][INFO]: ------开始执行test_get_auth_code用例------
[2021-10-15 15:50:34,023][logger.py 61][INFO]: ------开始执行assert_api用例------
[2021-10-15 15:50:34,023][logger.py 69][INFO]: ------assert_api执行成功------
[2021-10-15 15:50:34,024][logger.py 69][INFO]: ------test_get_auth_code执行成功------
[2021-10-15 15:50:34,248][logger.py 61][INFO]: ------开始执行test_admin_login用例------
