[2021-10-28 09:26:30,048][main.py 16][INFO]: 
                     _    _         _      _____         _
      __ _ _ __ (_)  / \  _   _| |_ __|_   _|__  ___| |_
     / _` | '_ \| | / _ \| | | | __/ _ \| |/ _ \/ __| __|
    | (_| | |_) | |/ ___ \ |_| | || (_) | |  __/\__ \ |_
     \__,_| .__/|_/_/   \_\__,_|\__\___/|_|\___||___/\__|
          |_|
          Starting     ...  道长伴你终身   ...  测试之道学院永相随   ...
        
[2021-10-28 09:26:42,865][main.py 16][INFO]: 
                     _    _         _      _____         _
      __ _ _ __ (_)  / \  _   _| |_ __|_   _|__  ___| |_
     / _` | '_ \| | / _ \| | | | __/ _ \| |/ _ \/ __| __|
    | (_| | |_) | |/ ___ \ |_| | || (_) | |  __/\__ \ |_
     \__,_| .__/|_/_/   \_\__,_|\__\___/|_|\___||___/\__|
          |_|
          Starting     ...  道长伴你终身   ...  测试之道学院永相随   ...
        
[2021-10-28 09:26:46,439][logger.py 61][INFO]: ------开始执行test_get_auth_code用例------
[2021-10-28 09:26:46,628][logger.py 61][INFO]: ------开始执行assert_api用例------
[2021-10-28 09:26:46,628][logger.py 69][INFO]: ------assert_api执行成功------
[2021-10-28 09:26:46,628][logger.py 69][INFO]: ------test_get_auth_code执行成功------
[2021-10-28 09:26:46,633][logger.py 61][INFO]: ------开始执行test_admin_login用例------
[2021-10-28 09:26:46,862][logger.py 61][INFO]: ------开始执行assert_api用例------
[2021-10-28 09:26:46,862][logger.py 69][INFO]: ------assert_api执行成功------
[2021-10-28 09:26:46,862][logger.py 69][INFO]: ------test_admin_login执行成功------
[2021-10-28 09:26:46,866][logger.py 61][INFO]: ------开始执行test_admin_login用例------
[2021-10-28 09:26:47,124][logger.py 61][INFO]: ------开始执行assert_api用例------
[2021-10-28 09:26:47,124][logger.py 69][INFO]: ------assert_api执行成功------
[2021-10-28 09:26:47,124][logger.py 69][INFO]: ------test_admin_login执行成功------
[2021-10-28 09:26:47,128][logger.py 61][INFO]: ------开始执行test_admin_login用例------
[2021-10-28 09:26:47,377][logger.py 61][INFO]: ------开始执行assert_api用例------
[2021-10-28 09:26:47,377][logger.py 69][INFO]: ------assert_api执行成功------
[2021-10-28 09:26:47,377][logger.py 69][INFO]: ------test_admin_login执行成功------
[2021-10-28 09:26:48,037][logger.py 61][INFO]: ------开始执行assert_api用例------
[2021-10-28 09:26:48,037][logger.py 69][INFO]: ------assert_api执行成功------
[2021-10-28 09:26:48,041][logger.py 61][INFO]: ------开始执行test_admin_login用例------
[2021-10-28 09:26:48,368][logger.py 61][INFO]: ------开始执行assert_api用例------
[2021-10-28 09:26:48,368][logger.py 69][INFO]: ------assert_api执行成功------
[2021-10-28 09:26:48,368][logger.py 69][INFO]: ------test_admin_login执行成功------
[2021-10-28 09:27:44,540][main.py 16][INFO]: 
                     _    _         _      _____         _
      __ _ _ __ (_)  / \  _   _| |_ __|_   _|__  ___| |_
     / _` | '_ \| | / _ \| | | | __/ _ \| |/ _ \/ __| __|
    | (_| | |_) | |/ ___ \ |_| | || (_) | |  __/\__ \ |_
     \__,_| .__/|_/_/   \_\__,_|\__\___/|_|\___||___/\__|
          |_|
          Starting     ...  道长伴你终身   ...  测试之道学院永相随   ...
        
[2021-10-28 09:28:17,891][main.py 16][INFO]: 
                     _    _         _      _____         _
      __ _ _ __ (_)  / \  _   _| |_ __|_   _|__  ___| |_
     / _` | '_ \| | / _ \| | | | __/ _ \| |/ _ \/ __| __|
    | (_| | |_) | |/ ___ \ |_| | || (_) | |  __/\__ \ |_
     \__,_| .__/|_/_/   \_\__,_|\__\___/|_|\___||___/\__|
          |_|
          Starting     ...  道长伴你终身   ...  测试之道学院永相随   ...
        
[2021-10-28 10:11:58,922][main.py 16][INFO]: 
                     _    _         _      _____         _
      __ _ _ __ (_)  / \  _   _| |_ __|_   _|__  ___| |_
     / _` | '_ \| | / _ \| | | | __/ _ \| |/ _ \/ __| __|
    | (_| | |_) | |/ ___ \ |_| | || (_) | |  __/\__ \ |_
     \__,_| .__/|_/_/   \_\__,_|\__\___/|_|\___||___/\__|
          |_|
          Starting     ...  道长伴你终身   ...  测试之道学院永相随   ...
        
[2021-10-28 10:12:01,610][logger.py 61][INFO]: ------开始执行test_get_auth_code用例------
[2021-10-28 10:12:01,644][logger.py 61][INFO]: ------开始执行assert_api用例------
[2021-10-28 10:12:01,644][logger.py 69][INFO]: ------assert_api执行成功------
[2021-10-28 10:12:01,644][logger.py 69][INFO]: ------test_get_auth_code执行成功------
[2021-10-28 10:12:01,648][logger.py 61][INFO]: ------开始执行test_admin_login用例------
[2021-10-28 10:12:01,689][logger.py 61][INFO]: ------开始执行assert_api用例------
[2021-10-28 10:12:01,689][logger.py 69][INFO]: ------assert_api执行成功------
[2021-10-28 10:12:01,689][logger.py 69][INFO]: ------test_admin_login执行成功------
[2021-10-28 10:12:01,692][logger.py 61][INFO]: ------开始执行test_admin_login用例------
[2021-10-28 10:12:01,731][logger.py 61][INFO]: ------开始执行assert_api用例------
[2021-10-28 10:12:01,731][logger.py 69][INFO]: ------assert_api执行成功------
[2021-10-28 10:12:01,731][logger.py 69][INFO]: ------test_admin_login执行成功------
[2021-10-28 10:12:01,734][logger.py 61][INFO]: ------开始执行test_admin_login用例------
[2021-10-28 10:12:01,769][logger.py 61][INFO]: ------开始执行assert_api用例------
[2021-10-28 10:12:01,769][logger.py 69][INFO]: ------assert_api执行成功------
[2021-10-28 10:12:01,769][logger.py 69][INFO]: ------test_admin_login执行成功------
[2021-10-28 10:12:01,847][logger.py 61][INFO]: ------开始执行assert_api用例------
[2021-10-28 10:12:01,847][logger.py 69][INFO]: ------assert_api执行成功------
[2021-10-28 10:12:01,863][logger.py 61][INFO]: ------开始执行test_admin_login用例------
[2021-10-28 10:12:01,899][logger.py 61][INFO]: ------开始执行assert_api用例------
[2021-10-28 10:12:01,899][logger.py 69][INFO]: ------assert_api执行成功------
[2021-10-28 10:12:01,900][logger.py 69][INFO]: ------test_admin_login执行成功------
[2021-10-28 10:12:18,826][main.py 16][INFO]: 
                     _    _         _      _____         _
      __ _ _ __ (_)  / \  _   _| |_ __|_   _|__  ___| |_
     / _` | '_ \| | / _ \| | | | __/ _ \| |/ _ \/ __| __|
    | (_| | |_) | |/ ___ \ |_| | || (_) | |  __/\__ \ |_
     \__,_| .__/|_/_/   \_\__,_|\__\___/|_|\___||___/\__|
          |_|
          Starting     ...  道长伴你终身   ...  测试之道学院永相随   ...
        
[2021-10-28 10:12:21,519][logger.py 61][INFO]: ------开始执行test_get_auth_code用例------
[2021-10-28 10:12:21,551][logger.py 61][INFO]: ------开始执行assert_api用例------
[2021-10-28 10:12:21,552][logger.py 69][INFO]: ------assert_api执行成功------
[2021-10-28 10:12:21,552][logger.py 69][INFO]: ------test_get_auth_code执行成功------
[2021-10-28 10:12:21,556][logger.py 61][INFO]: ------开始执行test_admin_login用例------
[2021-10-28 10:12:21,592][logger.py 61][INFO]: ------开始执行assert_api用例------
[2021-10-28 10:12:21,592][logger.py 69][INFO]: ------assert_api执行成功------
[2021-10-28 10:12:21,592][logger.py 69][INFO]: ------test_admin_login执行成功------
[2021-10-28 10:12:21,596][logger.py 61][INFO]: ------开始执行test_admin_login用例------
[2021-10-28 10:12:21,630][logger.py 61][INFO]: ------开始执行assert_api用例------
[2021-10-28 10:12:21,630][logger.py 69][INFO]: ------assert_api执行成功------
[2021-10-28 10:12:21,631][logger.py 69][INFO]: ------test_admin_login执行成功------
[2021-10-28 10:12:21,634][logger.py 61][INFO]: ------开始执行test_admin_login用例------
[2021-10-28 10:12:21,670][logger.py 61][INFO]: ------开始执行assert_api用例------
[2021-10-28 10:12:21,671][logger.py 69][INFO]: ------assert_api执行成功------
[2021-10-28 10:12:21,671][logger.py 69][INFO]: ------test_admin_login执行成功------
[2021-10-28 10:12:21,749][logger.py 61][INFO]: ------开始执行assert_api用例------
[2021-10-28 10:12:21,749][logger.py 69][INFO]: ------assert_api执行成功------
[2021-10-28 10:12:21,766][logger.py 61][INFO]: ------开始执行test_admin_login用例------
[2021-10-28 10:12:21,803][logger.py 61][INFO]: ------开始执行assert_api用例------
[2021-10-28 10:12:21,803][logger.py 69][INFO]: ------assert_api执行成功------
[2021-10-28 10:12:21,803][logger.py 69][INFO]: ------test_admin_login执行成功------
[2021-10-28 10:13:44,453][main.py 16][INFO]: 
                     _    _         _      _____         _
      __ _ _ __ (_)  / \  _   _| |_ __|_   _|__  ___| |_
     / _` | '_ \| | / _ \| | | | __/ _ \| |/ _ \/ __| __|
    | (_| | |_) | |/ ___ \ |_| | || (_) | |  __/\__ \ |_
     \__,_| .__/|_/_/   \_\__,_|\__\___/|_|\___||___/\__|
          |_|
          Starting     ...  道长伴你终身   ...  测试之道学院永相随   ...
        
[2021-10-28 10:13:47,263][logger.py 61][INFO]: ------开始执行test_get_auth_code用例------
[2021-10-28 10:13:47,316][logger.py 61][INFO]: ------开始执行assert_api用例------
[2021-10-28 10:13:47,316][logger.py 69][INFO]: ------assert_api执行成功------
[2021-10-28 10:13:47,317][logger.py 69][INFO]: ------test_get_auth_code执行成功------
[2021-10-28 10:13:47,320][logger.py 61][INFO]: ------开始执行test_admin_login用例------
[2021-10-28 10:13:47,356][logger.py 61][INFO]: ------开始执行assert_api用例------
[2021-10-28 10:13:47,356][logger.py 69][INFO]: ------assert_api执行成功------
[2021-10-28 10:13:47,356][logger.py 69][INFO]: ------test_admin_login执行成功------
[2021-10-28 10:13:47,360][logger.py 61][INFO]: ------开始执行test_admin_login用例------
[2021-10-28 10:13:47,403][logger.py 61][INFO]: ------开始执行assert_api用例------
[2021-10-28 10:13:47,403][logger.py 69][INFO]: ------assert_api执行成功------
[2021-10-28 10:13:47,403][logger.py 69][INFO]: ------test_admin_login执行成功------
[2021-10-28 10:13:47,407][logger.py 61][INFO]: ------开始执行test_admin_login用例------
[2021-10-28 10:13:47,446][logger.py 61][INFO]: ------开始执行assert_api用例------
[2021-10-28 10:13:47,446][logger.py 69][INFO]: ------assert_api执行成功------
[2021-10-28 10:13:47,446][logger.py 69][INFO]: ------test_admin_login执行成功------
[2021-10-28 10:13:47,532][logger.py 61][INFO]: ------开始执行assert_api用例------
[2021-10-28 10:13:47,532][logger.py 69][INFO]: ------assert_api执行成功------
[2021-10-28 10:13:47,537][logger.py 61][INFO]: ------开始执行test_admin_login用例------
[2021-10-28 10:13:47,576][logger.py 61][INFO]: ------开始执行assert_api用例------
[2021-10-28 10:13:47,577][logger.py 69][INFO]: ------assert_api执行成功------
[2021-10-28 10:13:47,577][logger.py 69][INFO]: ------test_admin_login执行成功------
[2021-10-28 10:14:48,352][main.py 16][INFO]: 
                     _    _         _      _____         _
      __ _ _ __ (_)  / \  _   _| |_ __|_   _|__  ___| |_
     / _` | '_ \| | / _ \| | | | __/ _ \| |/ _ \/ __| __|
    | (_| | |_) | |/ ___ \ |_| | || (_) | |  __/\__ \ |_
     \__,_| .__/|_/_/   \_\__,_|\__\___/|_|\___||___/\__|
          |_|
          Starting     ...  道长伴你终身   ...  测试之道学院永相随   ...
        
[2021-10-28 10:14:51,131][logger.py 61][INFO]: ------开始执行test_get_auth_code用例------
[2021-10-28 10:14:51,157][logger.py 61][INFO]: ------开始执行assert_api用例------
[2021-10-28 10:14:51,157][logger.py 69][INFO]: ------assert_api执行成功------
[2021-10-28 10:14:51,157][logger.py 69][INFO]: ------test_get_auth_code执行成功------
[2021-10-28 10:14:51,171][logger.py 61][INFO]: ------开始执行test_admin_login用例------
[2021-10-28 10:14:51,213][logger.py 61][INFO]: ------开始执行assert_api用例------
[2021-10-28 10:14:51,214][logger.py 69][INFO]: ------assert_api执行成功------
[2021-10-28 10:14:51,214][logger.py 69][INFO]: ------test_admin_login执行成功------
[2021-10-28 10:14:51,217][logger.py 61][INFO]: ------开始执行test_admin_login用例------
[2021-10-28 10:14:51,249][logger.py 61][INFO]: ------开始执行assert_api用例------
[2021-10-28 10:14:51,249][logger.py 69][INFO]: ------assert_api执行成功------
[2021-10-28 10:14:51,249][logger.py 69][INFO]: ------test_admin_login执行成功------
[2021-10-28 10:14:51,252][logger.py 61][INFO]: ------开始执行test_admin_login用例------
[2021-10-28 10:14:51,288][logger.py 61][INFO]: ------开始执行assert_api用例------
[2021-10-28 10:14:51,288][logger.py 69][INFO]: ------assert_api执行成功------
[2021-10-28 10:14:51,288][logger.py 69][INFO]: ------test_admin_login执行成功------
[2021-10-28 10:14:51,371][logger.py 61][INFO]: ------开始执行assert_api用例------
[2021-10-28 10:14:51,371][logger.py 69][INFO]: ------assert_api执行成功------
[2021-10-28 10:14:51,376][logger.py 61][INFO]: ------开始执行test_admin_login用例------
[2021-10-28 10:14:51,407][logger.py 61][INFO]: ------开始执行assert_api用例------
[2021-10-28 10:14:51,407][logger.py 69][INFO]: ------assert_api执行成功------
[2021-10-28 10:14:51,407][logger.py 69][INFO]: ------test_admin_login执行成功------
