[2021-10-31 11:22:18,015][main.py 16][INFO]: 
                     _    _         _      _____         _
      __ _ _ __ (_)  / \  _   _| |_ __|_   _|__  ___| |_
     / _` | '_ \| | / _ \| | | | __/ _ \| |/ _ \/ __| __|
    | (_| | |_) | |/ ___ \ |_| | || (_) | |  __/\__ \ |_
     \__,_| .__/|_/_/   \_\__,_|\__\___/|_|\___||___/\__|
          |_|
          Starting     ...  道长伴你终身   ...  测试之道学院永相随   ...
        
[2021-10-31 11:22:21,105][logger.py 61][INFO]: ------开始执行test_admin_login用例------
[2021-10-31 11:22:45,340][main.py 16][INFO]: 
                     _    _         _      _____         _
      __ _ _ __ (_)  / \  _   _| |_ __|_   _|__  ___| |_
     / _` | '_ \| | / _ \| | | | __/ _ \| |/ _ \/ __| __|
    | (_| | |_) | |/ ___ \ |_| | || (_) | |  __/\__ \ |_
     \__,_| .__/|_/_/   \_\__,_|\__\___/|_|\___||___/\__|
          |_|
          Starting     ...  道长伴你终身   ...  测试之道学院永相随   ...
        
[2021-10-31 11:22:48,341][logger.py 61][INFO]: ------开始执行test_admin_login用例------
[2021-10-31 11:22:48,384][logger.py 61][INFO]: ------开始执行assert_api用例------
[2021-10-31 11:22:48,384][logger.py 69][INFO]: ------assert_api执行成功------
[2021-10-31 11:22:48,384][logger.py 69][INFO]: ------test_admin_login执行成功------
[2021-10-31 11:22:48,388][logger.py 61][INFO]: ------开始执行test_admin_login用例------
[2021-10-31 11:22:48,440][logger.py 61][INFO]: ------开始执行assert_api用例------
[2021-10-31 11:22:48,440][logger.py 69][INFO]: ------assert_api执行成功------
[2021-10-31 11:22:48,441][logger.py 69][INFO]: ------test_admin_login执行成功------
[2021-10-31 11:22:48,445][logger.py 61][INFO]: ------开始执行test_admin_login用例------
[2021-10-31 11:22:48,489][logger.py 61][INFO]: ------开始执行assert_api用例------
[2021-10-31 11:22:48,489][logger.py 69][INFO]: ------assert_api执行成功------
[2021-10-31 11:22:48,489][logger.py 69][INFO]: ------test_admin_login执行成功------
[2021-10-31 11:25:23,300][main.py 16][INFO]: 
                     _    _         _      _____         _
      __ _ _ __ (_)  / \  _   _| |_ __|_   _|__  ___| |_
     / _` | '_ \| | / _ \| | | | __/ _ \| |/ _ \/ __| __|
    | (_| | |_) | |/ ___ \ |_| | || (_) | |  __/\__ \ |_
     \__,_| .__/|_/_/   \_\__,_|\__\___/|_|\___||___/\__|
          |_|
          Starting     ...  道长伴你终身   ...  测试之道学院永相随   ...
        
[2021-10-31 11:25:26,280][logger.py 61][INFO]: ------开始执行test_admin_login用例------
[2021-10-31 11:25:26,329][logger.py 61][INFO]: ------开始执行assert_api用例------
[2021-10-31 11:25:26,329][logger.py 69][INFO]: ------assert_api执行成功------
[2021-10-31 11:25:26,329][logger.py 69][INFO]: ------test_admin_login执行成功------
[2021-10-31 11:25:26,333][logger.py 61][INFO]: ------开始执行test_admin_login用例------
[2021-10-31 11:25:26,375][logger.py 61][INFO]: ------开始执行assert_api用例------
[2021-10-31 11:25:26,375][logger.py 69][INFO]: ------assert_api执行成功------
[2021-10-31 11:25:26,375][logger.py 69][INFO]: ------test_admin_login执行成功------
[2021-10-31 11:25:26,379][logger.py 61][INFO]: ------开始执行test_admin_login用例------
[2021-10-31 11:25:26,427][logger.py 61][INFO]: ------开始执行assert_api用例------
[2021-10-31 11:25:26,427][logger.py 69][INFO]: ------assert_api执行成功------
[2021-10-31 11:25:26,428][logger.py 69][INFO]: ------test_admin_login执行成功------
[2021-10-31 11:25:42,348][main.py 16][INFO]: 
                     _    _         _      _____         _
      __ _ _ __ (_)  / \  _   _| |_ __|_   _|__  ___| |_
     / _` | '_ \| | / _ \| | | | __/ _ \| |/ _ \/ __| __|
    | (_| | |_) | |/ ___ \ |_| | || (_) | |  __/\__ \ |_
     \__,_| .__/|_/_/   \_\__,_|\__\___/|_|\___||___/\__|
          |_|
          Starting     ...  道长伴你终身   ...  测试之道学院永相随   ...
        
[2021-10-31 11:25:45,289][logger.py 61][INFO]: ------开始执行test_admin_login用例------
[2021-10-31 11:25:45,327][logger.py 61][INFO]: ------开始执行assert_api用例------
[2021-10-31 11:25:45,327][logger.py 69][INFO]: ------assert_api执行成功------
[2021-10-31 11:25:45,327][logger.py 69][INFO]: ------test_admin_login执行成功------
[2021-10-31 11:25:45,332][logger.py 61][INFO]: ------开始执行test_admin_login用例------
[2021-10-31 11:25:45,374][logger.py 61][INFO]: ------开始执行assert_api用例------
[2021-10-31 11:25:45,375][logger.py 69][INFO]: ------assert_api执行成功------
[2021-10-31 11:25:45,375][logger.py 69][INFO]: ------test_admin_login执行成功------
[2021-10-31 11:25:45,378][logger.py 61][INFO]: ------开始执行test_admin_login用例------
[2021-10-31 11:25:45,418][logger.py 61][INFO]: ------开始执行assert_api用例------
[2021-10-31 11:25:45,419][logger.py 69][INFO]: ------assert_api执行成功------
[2021-10-31 11:25:45,419][logger.py 69][INFO]: ------test_admin_login执行成功------
[2021-10-31 11:28:28,822][main.py 16][INFO]: 
                     _    _         _      _____         _
      __ _ _ __ (_)  / \  _   _| |_ __|_   _|__  ___| |_
     / _` | '_ \| | / _ \| | | | __/ _ \| |/ _ \/ __| __|
    | (_| | |_) | |/ ___ \ |_| | || (_) | |  __/\__ \ |_
     \__,_| .__/|_/_/   \_\__,_|\__\___/|_|\___||___/\__|
          |_|
          Starting     ...  道长伴你终身   ...  测试之道学院永相随   ...
        
[2021-10-31 11:28:31,757][logger.py 61][INFO]: ------开始执行test_admin_login用例------
[2021-10-31 11:28:31,796][logger.py 61][INFO]: ------开始执行assert_api用例------
[2021-10-31 11:28:31,796][logger.py 69][INFO]: ------assert_api执行成功------
[2021-10-31 11:28:31,796][logger.py 69][INFO]: ------test_admin_login执行成功------
[2021-10-31 11:28:31,799][logger.py 61][INFO]: ------开始执行test_admin_login用例------
[2021-10-31 11:28:31,843][logger.py 61][INFO]: ------开始执行assert_api用例------
[2021-10-31 11:28:31,843][logger.py 69][INFO]: ------assert_api执行成功------
[2021-10-31 11:28:31,843][logger.py 69][INFO]: ------test_admin_login执行成功------
[2021-10-31 11:28:31,846][logger.py 61][INFO]: ------开始执行test_admin_login用例------
[2021-10-31 11:28:31,887][logger.py 61][INFO]: ------开始执行assert_api用例------
[2021-10-31 11:28:31,887][logger.py 69][INFO]: ------assert_api执行成功------
[2021-10-31 11:28:31,887][logger.py 69][INFO]: ------test_admin_login执行成功------
[2021-10-31 11:31:50,177][main.py 16][INFO]: 
                     _    _         _      _____         _
      __ _ _ __ (_)  / \  _   _| |_ __|_   _|__  ___| |_
     / _` | '_ \| | / _ \| | | | __/ _ \| |/ _ \/ __| __|
    | (_| | |_) | |/ ___ \ |_| | || (_) | |  __/\__ \ |_
     \__,_| .__/|_/_/   \_\__,_|\__\___/|_|\___||___/\__|
          |_|
          Starting     ...  道长伴你终身   ...  测试之道学院永相随   ...
        
[2021-10-31 11:32:39,668][main.py 16][INFO]: 
                     _    _         _      _____         _
      __ _ _ __ (_)  / \  _   _| |_ __|_   _|__  ___| |_
     / _` | '_ \| | / _ \| | | | __/ _ \| |/ _ \/ __| __|
    | (_| | |_) | |/ ___ \ |_| | || (_) | |  __/\__ \ |_
     \__,_| .__/|_/_/   \_\__,_|\__\___/|_|\___||___/\__|
          |_|
          Starting     ...  道长伴你终身   ...  测试之道学院永相随   ...
        
[2021-10-31 11:33:09,655][main.py 16][INFO]: 
                     _    _         _      _____         _
      __ _ _ __ (_)  / \  _   _| |_ __|_   _|__  ___| |_
     / _` | '_ \| | / _ \| | | | __/ _ \| |/ _ \/ __| __|
    | (_| | |_) | |/ ___ \ |_| | || (_) | |  __/\__ \ |_
     \__,_| .__/|_/_/   \_\__,_|\__\___/|_|\___||___/\__|
          |_|
          Starting     ...  道长伴你终身   ...  测试之道学院永相随   ...
        
[2021-10-31 11:33:29,495][main.py 16][INFO]: 
                     _    _         _      _____         _
      __ _ _ __ (_)  / \  _   _| |_ __|_   _|__  ___| |_
     / _` | '_ \| | / _ \| | | | __/ _ \| |/ _ \/ __| __|
    | (_| | |_) | |/ ___ \ |_| | || (_) | |  __/\__ \ |_
     \__,_| .__/|_/_/   \_\__,_|\__\___/|_|\___||___/\__|
          |_|
          Starting     ...  道长伴你终身   ...  测试之道学院永相随   ...
        
[2021-10-31 11:36:05,851][main.py 16][INFO]: 
                     _    _         _      _____         _
      __ _ _ __ (_)  / \  _   _| |_ __|_   _|__  ___| |_
     / _` | '_ \| | / _ \| | | | __/ _ \| |/ _ \/ __| __|
    | (_| | |_) | |/ ___ \ |_| | || (_) | |  __/\__ \ |_
     \__,_| .__/|_/_/   \_\__,_|\__\___/|_|\___||___/\__|
          |_|
          Starting     ...  道长伴你终身   ...  测试之道学院永相随   ...
        
[2021-10-31 11:36:08,802][logger.py 61][INFO]: ------开始执行test_admin_login用例------
[2021-10-31 11:36:08,851][logger.py 61][INFO]: ------开始执行assert_api用例------
[2021-10-31 11:36:08,851][logger.py 69][INFO]: ------assert_api执行成功------
[2021-10-31 11:36:08,852][logger.py 69][INFO]: ------test_admin_login执行成功------
[2021-10-31 11:36:08,855][logger.py 61][INFO]: ------开始执行test_admin_login用例------
[2021-10-31 11:36:08,911][logger.py 61][INFO]: ------开始执行assert_api用例------
[2021-10-31 11:36:08,911][logger.py 69][INFO]: ------assert_api执行成功------
[2021-10-31 11:36:08,911][logger.py 69][INFO]: ------test_admin_login执行成功------
[2021-10-31 11:36:08,916][logger.py 61][INFO]: ------开始执行test_admin_login用例------
[2021-10-31 11:36:08,953][logger.py 61][INFO]: ------开始执行assert_api用例------
[2021-10-31 11:36:08,953][logger.py 69][INFO]: ------assert_api执行成功------
[2021-10-31 11:36:08,954][logger.py 69][INFO]: ------test_admin_login执行成功------
[2021-10-31 12:21:36,905][main.py 16][INFO]: 
                     _    _         _      _____         _
      __ _ _ __ (_)  / \  _   _| |_ __|_   _|__  ___| |_
     / _` | '_ \| | / _ \| | | | __/ _ \| |/ _ \/ __| __|
    | (_| | |_) | |/ ___ \ |_| | || (_) | |  __/\__ \ |_
     \__,_| .__/|_/_/   \_\__,_|\__\___/|_|\___||___/\__|
          |_|
          Starting     ...  道长伴你终身   ...  测试之道学院永相随   ...
        
[2021-10-31 12:21:40,130][logger.py 61][INFO]: ------开始执行test_get_auth_code用例------
[2021-10-31 12:21:43,187][logger.py 61][INFO]: ------开始执行assert_api用例------
[2021-10-31 12:21:43,188][logger.py 69][INFO]: ------assert_api执行成功------
[2021-10-31 12:21:43,188][logger.py 69][INFO]: ------test_get_auth_code执行成功------
[2021-10-31 12:21:43,328][logger.py 61][INFO]: ------开始执行test_admin_login用例------
[2021-10-31 12:21:46,378][logger.py 61][INFO]: ------开始执行assert_api用例------
[2021-10-31 12:21:46,379][logger.py 69][INFO]: ------assert_api执行成功------
[2021-10-31 12:21:46,379][logger.py 69][INFO]: ------test_admin_login执行成功------
[2021-10-31 12:21:46,530][logger.py 61][INFO]: ------开始执行test_admin_login用例------
[2021-10-31 12:21:49,572][logger.py 61][INFO]: ------开始执行assert_api用例------
[2021-10-31 12:21:49,572][logger.py 69][INFO]: ------assert_api执行成功------
[2021-10-31 12:21:49,572][logger.py 69][INFO]: ------test_admin_login执行成功------
[2021-10-31 12:21:49,739][logger.py 61][INFO]: ------开始执行test_admin_login用例------
[2021-10-31 12:21:52,794][logger.py 61][INFO]: ------开始执行assert_api用例------
[2021-10-31 12:21:52,794][logger.py 69][INFO]: ------assert_api执行成功------
[2021-10-31 12:21:52,794][logger.py 69][INFO]: ------test_admin_login执行成功------
[2021-10-31 12:21:56,042][logger.py 61][INFO]: ------开始执行assert_api用例------
[2021-10-31 12:21:56,043][logger.py 69][INFO]: ------assert_api执行成功------
[2021-10-31 12:21:56,186][logger.py 61][INFO]: ------开始执行test_admin_login用例------
[2021-10-31 12:21:59,231][logger.py 61][INFO]: ------开始执行assert_api用例------
[2021-10-31 12:21:59,231][logger.py 69][INFO]: ------assert_api执行成功------
[2021-10-31 12:21:59,231][logger.py 69][INFO]: ------test_admin_login执行成功------
[2021-10-31 12:22:11,143][main.py 16][INFO]: 
                     _    _         _      _____         _
      __ _ _ __ (_)  / \  _   _| |_ __|_   _|__  ___| |_
     / _` | '_ \| | / _ \| | | | __/ _ \| |/ _ \/ __| __|
    | (_| | |_) | |/ ___ \ |_| | || (_) | |  __/\__ \ |_
     \__,_| .__/|_/_/   \_\__,_|\__\___/|_|\___||___/\__|
          |_|
          Starting     ...  道长伴你终身   ...  测试之道学院永相随   ...
        
[2021-10-31 12:22:14,473][logger.py 61][INFO]: ------开始执行test_admin_login用例------
[2021-10-31 12:22:14,478][logger.py 61][INFO]: ------开始执行test_admin_login用例------
[2021-10-31 12:22:14,483][logger.py 61][INFO]: ------开始执行test_admin_login用例------
[2021-10-31 12:22:14,486][logger.py 61][INFO]: ------开始执行test_get_auth_code用例------
[2021-10-31 12:22:17,523][logger.py 61][INFO]: ------开始执行assert_api用例------
[2021-10-31 12:22:17,523][logger.py 69][INFO]: ------assert_api执行成功------
[2021-10-31 12:22:17,523][logger.py 69][INFO]: ------test_admin_login执行成功------
[2021-10-31 12:22:17,534][logger.py 61][INFO]: ------开始执行assert_api用例------
[2021-10-31 12:22:17,534][logger.py 69][INFO]: ------assert_api执行成功------
[2021-10-31 12:22:17,535][logger.py 69][INFO]: ------test_admin_login执行成功------
[2021-10-31 12:22:17,538][logger.py 61][INFO]: ------开始执行assert_api用例------
[2021-10-31 12:22:17,538][logger.py 61][INFO]: ------开始执行assert_api用例------
[2021-10-31 12:22:17,539][logger.py 69][INFO]: ------assert_api执行成功------
[2021-10-31 12:22:17,539][logger.py 69][INFO]: ------assert_api执行成功------
[2021-10-31 12:22:17,539][logger.py 69][INFO]: ------test_admin_login执行成功------
[2021-10-31 12:22:17,539][logger.py 69][INFO]: ------test_get_auth_code执行成功------
[2021-10-31 12:22:17,695][logger.py 61][INFO]: ------开始执行test_admin_login用例------
[2021-10-31 12:22:20,749][logger.py 61][INFO]: ------开始执行assert_api用例------
[2021-10-31 12:22:20,750][logger.py 69][INFO]: ------assert_api执行成功------
[2021-10-31 12:22:20,750][logger.py 69][INFO]: ------test_admin_login执行成功------
[2021-10-31 12:22:20,786][logger.py 61][INFO]: ------开始执行assert_api用例------
[2021-10-31 12:22:20,786][logger.py 69][INFO]: ------assert_api执行成功------
[2021-10-31 12:31:47,784][logger.py 61][INFO]: ------开始执行test_admin_login用例------
[2021-10-31 12:31:47,785][logger.py 61][INFO]: ------开始执行test_admin_login用例------
[2021-10-31 12:31:48,106][logger.py 61][INFO]: ------开始执行test_admin_login用例------
[2021-10-31 12:31:50,833][logger.py 61][INFO]: ------开始执行assert_api用例------
[2021-10-31 12:31:50,833][logger.py 69][INFO]: ------assert_api执行成功------
[2021-10-31 12:31:50,833][logger.py 69][INFO]: ------test_admin_login执行成功------
[2021-10-31 12:31:50,845][logger.py 61][INFO]: ------开始执行assert_api用例------
[2021-10-31 12:31:50,846][logger.py 69][INFO]: ------assert_api执行成功------
[2021-10-31 12:31:50,846][logger.py 69][INFO]: ------test_admin_login执行成功------
[2021-10-31 12:31:51,169][logger.py 61][INFO]: ------开始执行assert_api用例------
[2021-10-31 12:31:51,170][logger.py 69][INFO]: ------assert_api执行成功------
[2021-10-31 12:31:51,170][logger.py 69][INFO]: ------test_admin_login执行成功------
[2021-10-31 12:31:51,207][logger.py 61][INFO]: ------开始执行assert_api用例------
[2021-10-31 12:31:51,208][logger.py 69][INFO]: ------assert_api执行成功------
[2021-10-31 12:32:22,873][logger.py 61][INFO]: ------开始执行test_get_auth_code用例------
[2021-10-31 12:32:25,920][logger.py 61][INFO]: ------开始执行assert_api用例------
[2021-10-31 12:32:25,920][logger.py 69][INFO]: ------assert_api执行成功------
[2021-10-31 12:32:25,920][logger.py 69][INFO]: ------test_get_auth_code执行成功------
[2021-10-31 12:32:26,077][logger.py 61][INFO]: ------开始执行test_admin_login用例------
[2021-10-31 12:32:29,139][logger.py 61][INFO]: ------开始执行assert_api用例------
[2021-10-31 12:32:29,139][logger.py 69][INFO]: ------assert_api执行成功------
[2021-10-31 12:32:29,139][logger.py 69][INFO]: ------test_admin_login执行成功------
[2021-10-31 12:32:29,288][logger.py 61][INFO]: ------开始执行test_admin_login用例------
[2021-10-31 12:32:32,334][logger.py 61][INFO]: ------开始执行assert_api用例------
[2021-10-31 12:32:32,335][logger.py 69][INFO]: ------assert_api执行成功------
[2021-10-31 12:32:32,335][logger.py 69][INFO]: ------test_admin_login执行成功------
[2021-10-31 12:32:32,473][logger.py 61][INFO]: ------开始执行test_admin_login用例------
[2021-10-31 12:32:35,526][logger.py 61][INFO]: ------开始执行assert_api用例------
[2021-10-31 12:32:35,527][logger.py 69][INFO]: ------assert_api执行成功------
[2021-10-31 12:32:35,527][logger.py 69][INFO]: ------test_admin_login执行成功------
[2021-10-31 12:32:38,773][logger.py 61][INFO]: ------开始执行assert_api用例------
[2021-10-31 12:32:38,774][logger.py 69][INFO]: ------assert_api执行成功------
[2021-10-31 12:32:38,939][logger.py 61][INFO]: ------开始执行test_admin_login用例------
[2021-10-31 12:32:41,994][logger.py 61][INFO]: ------开始执行assert_api用例------
[2021-10-31 12:32:41,994][logger.py 69][INFO]: ------assert_api执行成功------
[2021-10-31 12:32:41,995][logger.py 69][INFO]: ------test_admin_login执行成功------
[2021-10-31 12:33:07,881][logger.py 61][INFO]: ------开始执行test_get_auth_code用例------
[2021-10-31 12:33:10,923][logger.py 61][INFO]: ------开始执行assert_api用例------
[2021-10-31 12:33:10,924][logger.py 69][INFO]: ------assert_api执行成功------
[2021-10-31 12:33:10,924][logger.py 69][INFO]: ------test_get_auth_code执行成功------
[2021-10-31 12:33:10,939][logger.py 61][INFO]: ------开始执行test_admin_login用例------
[2021-10-31 12:33:14,009][logger.py 61][INFO]: ------开始执行assert_api用例------
[2021-10-31 12:33:14,009][logger.py 69][INFO]: ------assert_api执行成功------
[2021-10-31 12:33:14,009][logger.py 69][INFO]: ------test_admin_login执行成功------
[2021-10-31 12:33:14,025][logger.py 61][INFO]: ------开始执行test_admin_login用例------
[2021-10-31 12:33:17,081][logger.py 61][INFO]: ------开始执行assert_api用例------
[2021-10-31 12:33:17,081][logger.py 69][INFO]: ------assert_api执行成功------
[2021-10-31 12:33:17,081][logger.py 69][INFO]: ------test_admin_login执行成功------
[2021-10-31 12:33:17,101][logger.py 61][INFO]: ------开始执行test_admin_login用例------
[2021-10-31 12:33:20,145][logger.py 61][INFO]: ------开始执行assert_api用例------
[2021-10-31 12:33:20,145][logger.py 69][INFO]: ------assert_api执行成功------
[2021-10-31 12:33:20,146][logger.py 69][INFO]: ------test_admin_login执行成功------
[2021-10-31 12:33:23,724][logger.py 61][INFO]: ------开始执行assert_api用例------
[2021-10-31 12:33:23,724][logger.py 69][INFO]: ------assert_api执行成功------
[2021-10-31 12:33:23,745][logger.py 61][INFO]: ------开始执行test_admin_login用例------
[2021-10-31 12:33:26,823][logger.py 61][INFO]: ------开始执行assert_api用例------
[2021-10-31 12:33:26,823][logger.py 69][INFO]: ------assert_api执行成功------
[2021-10-31 12:33:26,824][logger.py 69][INFO]: ------test_admin_login执行成功------
[2021-10-31 12:41:00,754][logger.py 61][INFO]: ------开始执行test_get_auth_code用例------
[2021-10-31 12:41:03,794][logger.py 61][INFO]: ------开始执行assert_api用例------
[2021-10-31 12:41:03,794][logger.py 69][INFO]: ------assert_api执行成功------
[2021-10-31 12:41:03,795][logger.py 69][INFO]: ------test_get_auth_code执行成功------
[2021-10-31 12:41:03,800][logger.py 61][INFO]: ------开始执行test_admin_login用例------
[2021-10-31 12:41:06,863][logger.py 61][INFO]: ------开始执行assert_api用例------
[2021-10-31 12:41:06,863][logger.py 69][INFO]: ------assert_api执行成功------
[2021-10-31 12:41:06,864][logger.py 69][INFO]: ------test_admin_login执行成功------
[2021-10-31 12:41:06,880][logger.py 61][INFO]: ------开始执行test_admin_login用例------
[2021-10-31 12:41:09,960][logger.py 61][INFO]: ------开始执行assert_api用例------
[2021-10-31 12:41:09,961][logger.py 69][INFO]: ------assert_api执行成功------
[2021-10-31 12:41:09,961][logger.py 69][INFO]: ------test_admin_login执行成功------
[2021-10-31 12:41:09,967][logger.py 61][INFO]: ------开始执行test_admin_login用例------
[2021-10-31 12:41:13,026][logger.py 61][INFO]: ------开始执行assert_api用例------
[2021-10-31 12:41:13,026][logger.py 69][INFO]: ------assert_api执行成功------
[2021-10-31 12:41:13,028][logger.py 69][INFO]: ------test_admin_login执行成功------
[2021-10-31 12:41:16,145][logger.py 61][INFO]: ------开始执行assert_api用例------
[2021-10-31 12:41:16,145][logger.py 69][INFO]: ------assert_api执行成功------
[2021-10-31 12:41:16,167][logger.py 61][INFO]: ------开始执行test_admin_login用例------
[2021-10-31 12:41:19,216][logger.py 61][INFO]: ------开始执行assert_api用例------
[2021-10-31 12:41:19,219][logger.py 69][INFO]: ------assert_api执行成功------
[2021-10-31 12:41:19,220][logger.py 69][INFO]: ------test_admin_login执行成功------
