[2021-11-08 15:09:06,164][main.py 16][INFO]: 
                     _    _         _      _____         _
      __ _ _ __ (_)  / \  _   _| |_ __|_   _|__  ___| |_
     / _` | '_ \| | / _ \| | | | __/ _ \| |/ _ \/ __| __|
    | (_| | |_) | |/ ___ \ |_| | || (_) | |  __/\__ \ |_
     \__,_| .__/|_/_/   \_\__,_|\__\___/|_|\___||___/\__|
          |_|
          Starting     ...  道长伴你终身   ...  测试之道学院永相随   ...
        
[2021-11-08 15:10:42,910][logger.py 61][INFO]: ------开始执行test_admin_login用例------
[2021-11-08 15:10:42,953][logger.py 61][INFO]: ------开始执行assert_api用例------
[2021-11-08 15:10:42,954][logger.py 69][INFO]: ------assert_api执行成功------
[2021-11-08 15:10:42,954][logger.py 69][INFO]: ------test_admin_login执行成功------
[2021-11-08 15:10:42,959][logger.py 61][INFO]: ------开始执行test_admin_login用例------
[2021-11-08 15:10:42,998][logger.py 61][INFO]: ------开始执行assert_api用例------
[2021-11-08 15:10:42,998][logger.py 69][INFO]: ------assert_api执行成功------
[2021-11-08 15:10:42,998][logger.py 69][INFO]: ------test_admin_login执行成功------
[2021-11-08 15:10:43,002][logger.py 61][INFO]: ------开始执行test_admin_login用例------
[2021-11-08 15:10:43,049][logger.py 61][INFO]: ------开始执行assert_api用例------
[2021-11-08 15:10:43,050][logger.py 69][INFO]: ------assert_api执行成功------
[2021-11-08 15:10:43,050][logger.py 69][INFO]: ------test_admin_login执行成功------
[2021-11-08 15:13:30,737][logger.py 61][INFO]: ------开始执行test_admin_login用例------
[2021-11-08 15:13:30,788][logger.py 61][INFO]: ------开始执行assert_api用例------
[2021-11-08 15:13:30,788][logger.py 69][INFO]: ------assert_api执行成功------
[2021-11-08 15:13:30,788][logger.py 69][INFO]: ------test_admin_login执行成功------
[2021-11-08 15:13:30,793][logger.py 61][INFO]: ------开始执行test_admin_login用例------
[2021-11-08 15:13:30,852][logger.py 61][INFO]: ------开始执行assert_api用例------
[2021-11-08 15:13:30,853][logger.py 69][INFO]: ------assert_api执行成功------
[2021-11-08 15:13:30,853][logger.py 69][INFO]: ------test_admin_login执行成功------
[2021-11-08 15:13:30,858][logger.py 61][INFO]: ------开始执行test_admin_login用例------
[2021-11-08 15:13:30,899][logger.py 61][INFO]: ------开始执行assert_api用例------
[2021-11-08 15:13:30,899][logger.py 69][INFO]: ------assert_api执行成功------
[2021-11-08 15:13:30,899][logger.py 69][INFO]: ------test_admin_login执行成功------
