[2021-09-21 15:44:42,893][assert_api.py 5][INFO]: *************** 正确的登录开始执行用例 ***************
[2021-09-21 15:44:42,893][assert_api.py 13][INFO]: *************** 正确的登录--用例通过 ***************
[2021-09-21 15:44:42,946][assert_api.py 5][INFO]: *************** 用户名错误的登录开始执行用例 ***************
[2021-09-21 15:44:42,946][assert_api.py 13][INFO]: *************** 用户名错误的登录--用例通过 ***************
[2021-09-21 20:15:29,724][assert_api.py 5][INFO]: *************** 正确的登录开始执行用例 ***************
[2021-09-21 20:15:29,724][assert_api.py 13][INFO]: *************** 正确的登录--用例通过 ***************
[2021-09-21 20:23:57,823][assert_api.py 5][INFO]: *************** 场景为：前台注册开始执行用例 ***************
[2021-09-21 20:24:10,815][assert_api.py 5][INFO]: *************** 场景为：前台注册开始执行用例 ***************
[2021-09-21 20:24:39,361][assert_api.py 5][INFO]: *************** 场景为：前台注册开始执行用例 ***************
[2021-09-21 20:24:51,501][assert_api.py 5][INFO]: *************** 场景为：前台注册开始执行用例 ***************
[2021-09-21 20:27:14,754][assert_api.py 5][INFO]: *************** 正确的登录开始执行用例 ***************
[2021-09-21 20:27:14,754][assert_api.py 13][INFO]: *************** 正确的登录--用例通过 ***************
[2021-09-21 20:30:45,388][assert_api.py 5][INFO]: *************** 正确的登录开始执行用例 ***************
[2021-09-21 20:30:45,389][assert_api.py 13][INFO]: *************** 正确的登录--用例通过 ***************
[2021-09-21 20:30:45,453][assert_api.py 5][INFO]: *************** 用户名错误的登录开始执行用例 ***************
[2021-09-21 20:30:45,453][assert_api.py 13][INFO]: *************** 用户名错误的登录--用例通过 ***************
[2021-09-21 20:32:07,753][assert_api.py 5][INFO]: *************** 正确的登录开始执行用例 ***************
[2021-09-21 20:32:07,753][assert_api.py 13][INFO]: *************** 正确的登录--用例通过 ***************
[2021-09-21 20:32:07,805][assert_api.py 5][INFO]: *************** 用户名错误的登录开始执行用例 ***************
[2021-09-21 20:32:07,805][assert_api.py 13][INFO]: *************** 用户名错误的登录--用例通过 ***************
[2021-09-21 20:37:11,562][assert_api.py 5][INFO]: *************** 正确的登录开始执行用例 ***************
[2021-09-21 20:37:11,562][assert_api.py 13][INFO]: *************** 正确的登录--用例通过 ***************
[2021-09-21 20:37:11,609][assert_api.py 5][INFO]: *************** 用户名错误的登录开始执行用例 ***************
[2021-09-21 20:37:11,609][assert_api.py 13][INFO]: *************** 用户名错误的登录--用例通过 ***************
[2021-09-21 20:37:21,783][assert_api.py 5][INFO]: *************** 正确的登录开始执行用例 ***************
[2021-09-21 20:37:21,783][assert_api.py 13][INFO]: *************** 正确的登录--用例通过 ***************
[2021-09-21 20:37:21,842][assert_api.py 5][INFO]: *************** 用户名错误的登录开始执行用例 ***************
[2021-09-21 20:37:21,843][assert_api.py 13][INFO]: *************** 用户名错误的登录--用例通过 ***************
[2021-09-21 20:39:31,699][assert_api.py 5][INFO]: *************** 正确的登录开始执行用例 ***************
[2021-09-21 20:39:31,699][assert_api.py 13][INFO]: *************** 正确的登录--用例通过 ***************
[2021-09-21 20:39:31,760][assert_api.py 5][INFO]: *************** 用户名错误的登录开始执行用例 ***************
[2021-09-21 20:39:31,760][assert_api.py 13][INFO]: *************** 用户名错误的登录--用例通过 ***************
[2021-09-21 20:41:05,262][assert_api.py 5][INFO]: *************** 正确的登录开始执行用例 ***************
[2021-09-21 20:41:05,263][assert_api.py 13][INFO]: *************** 正确的登录--用例通过 ***************
[2021-09-21 20:41:05,324][assert_api.py 5][INFO]: *************** 用户名错误的登录开始执行用例 ***************
[2021-09-21 20:41:05,324][assert_api.py 13][INFO]: *************** 用户名错误的登录--用例通过 ***************
[2021-09-21 20:42:56,830][assert_api.py 5][INFO]: *************** 正确的登录开始执行用例 ***************
[2021-09-21 20:42:56,830][assert_api.py 13][INFO]: *************** 正确的登录--用例通过 ***************
[2021-09-21 20:45:13,175][assert_api.py 5][INFO]: *************** 正确的登录开始执行用例 ***************
[2021-09-21 20:45:13,175][assert_api.py 13][INFO]: *************** 正确的登录--用例通过 ***************
[2021-09-21 20:45:21,530][assert_api.py 5][INFO]: *************** 用户名错误的登录开始执行用例 ***************
[2021-09-21 20:45:21,530][assert_api.py 13][INFO]: *************** 用户名错误的登录--用例通过 ***************
[2021-09-21 20:45:54,748][assert_api.py 5][INFO]: *************** 正确的登录开始执行用例 ***************
[2021-09-21 20:45:54,748][assert_api.py 13][INFO]: *************** 正确的登录--用例通过 ***************
[2021-09-21 20:45:54,805][assert_api.py 5][INFO]: *************** 用户名错误的登录开始执行用例 ***************
[2021-09-21 20:45:54,805][assert_api.py 13][INFO]: *************** 用户名错误的登录--用例通过 ***************
[2021-09-21 20:50:22,696][assert_api.py 5][INFO]: *************** 正确的登录开始执行用例 ***************
[2021-09-21 20:50:22,696][assert_api.py 13][INFO]: *************** 正确的登录--用例通过 ***************
[2021-09-21 20:50:22,754][assert_api.py 5][INFO]: *************** 用户名错误的登录开始执行用例 ***************
[2021-09-21 20:50:22,754][assert_api.py 13][INFO]: *************** 用户名错误的登录--用例通过 ***************
[2021-09-21 20:50:22,793][assert_api.py 5][INFO]: *************** 账户名密码都错误开始执行用例 ***************
[2021-09-21 20:50:22,793][assert_api.py 13][INFO]: *************** 账户名密码都错误--用例通过 ***************
