[2021-12-23 13:32:07,361][main.py 42][INFO]: 
                                                          _ooOoo_
                                                         o8888888o
                                                         88" . "88
                                                         (| -_- |)
                                                          O\ = /O
                                                      ____/`---'\____
                                                    .   ' \\| |// `.
                                                     / \\||| : |||// \
                                                   / _||||| -:- |||||- \
                                                     | | \\\ - /// | |
                                                   | \_| ''\---/'' | |
                                                    \ .-\__ `-` ___/-. /
                                                 ___`. .' /--.--\ `. . __
                                              ."" '< `.___\_<|>_/___.' >'"".
                                             | | : `- \`.;`\ _ /`;.`/ - ` : | |
                                               \ \ `-. \_ __\ /__ _/ .-` / /
                                       ======`-.____`-.___\_____/___.-`____.-'======
                                                          `=---='

                                       .............................................
                                              佛祖保佑             永无BUG
                                       .............................................
                                           佛曰:
                                           写字楼里写字间          写字间里程序员；
                                           程序人员写程序          又拿程序换酒钱。
                                           酒醒只在网上坐          酒醉还来网下眠； 
                                           酒醉酒醒日复日          网上网下年复年。
                                           但愿老死电脑间          不愿鞠躬老板前；
                                           奔驰宝马贵者趣          公交自行程序员。
                                           别人笑我忒疯癫          我笑自己命太贱；
                                           不见满街漂亮妹          哪个归得程序员？

[2021-12-23 13:32:14,107][logger.py 62][INFO]: ------开始执行test_get_auth_code用例------
[2021-12-23 13:32:14,209][logger.py 62][INFO]: ------开始执行assert_api用例------
[2021-12-23 13:32:14,209][logger.py 70][INFO]: ------assert_api执行成功------
[2021-12-23 13:32:14,209][logger.py 70][INFO]: ------test_get_auth_code执行成功------
[2021-12-23 13:32:14,214][logger.py 62][INFO]: ------开始执行test_admin_login用例------
[2021-12-23 13:32:14,716][logger.py 62][INFO]: ------开始执行assert_api用例------
[2021-12-23 13:32:14,717][logger.py 70][INFO]: ------assert_api执行成功------
[2021-12-23 13:32:14,717][logger.py 70][INFO]: ------test_admin_login执行成功------
[2021-12-23 13:32:15,525][logger.py 62][INFO]: ------开始执行assert_api用例------
[2021-12-23 13:32:15,525][logger.py 70][INFO]: ------assert_api执行成功------
[2021-12-23 13:32:15,530][logger.py 62][INFO]: ------开始执行test_admin_login用例------
[2021-12-23 13:32:16,053][logger.py 62][INFO]: ------开始执行assert_api用例------
[2021-12-23 13:32:16,053][logger.py 70][INFO]: ------assert_api执行成功------
[2021-12-23 13:32:16,053][logger.py 70][INFO]: ------test_admin_login执行成功------
[2021-12-23 22:35:23,673][main.py 42][INFO]: 
                                                          _ooOoo_
                                                         o8888888o
                                                         88" . "88
                                                         (| -_- |)
                                                          O\ = /O
                                                      ____/`---'\____
                                                    .   ' \\| |// `.
                                                     / \\||| : |||// \
                                                   / _||||| -:- |||||- \
                                                     | | \\\ - /// | |
                                                   | \_| ''\---/'' | |
                                                    \ .-\__ `-` ___/-. /
                                                 ___`. .' /--.--\ `. . __
                                              ."" '< `.___\_<|>_/___.' >'"".
                                             | | : `- \`.;`\ _ /`;.`/ - ` : | |
                                               \ \ `-. \_ __\ /__ _/ .-` / /
                                       ======`-.____`-.___\_____/___.-`____.-'======
                                                          `=---='

                                       .............................................
                                              佛祖保佑             永无BUG
                                       .............................................
                                           佛曰:
                                           写字楼里写字间          写字间里程序员；
                                           程序人员写程序          又拿程序换酒钱。
                                           酒醒只在网上坐          酒醉还来网下眠； 
                                           酒醉酒醒日复日          网上网下年复年。
                                           但愿老死电脑间          不愿鞠躬老板前；
                                           奔驰宝马贵者趣          公交自行程序员。
                                           别人笑我忒疯癫          我笑自己命太贱；
                                           不见满街漂亮妹          哪个归得程序员？

[2021-12-23 22:35:28,690][logger.py 62][INFO]: ------开始执行test_get_auth_code用例------
[2021-12-23 22:35:28,717][logger.py 62][INFO]: ------开始执行assert_api用例------
[2021-12-23 22:35:28,717][logger.py 70][INFO]: ------assert_api执行成功------
[2021-12-23 22:35:28,717][logger.py 70][INFO]: ------test_get_auth_code执行成功------
[2021-12-23 22:35:28,722][logger.py 62][INFO]: ------开始执行test_admin_login用例------
[2021-12-23 22:35:28,767][logger.py 62][INFO]: ------开始执行assert_api用例------
[2021-12-23 22:35:28,767][logger.py 70][INFO]: ------assert_api执行成功------
[2021-12-23 22:35:28,767][logger.py 70][INFO]: ------test_admin_login执行成功------
[2021-12-23 22:35:28,873][logger.py 62][INFO]: ------开始执行assert_api用例------
[2021-12-23 22:35:28,873][logger.py 70][INFO]: ------assert_api执行成功------
[2021-12-23 22:35:28,879][logger.py 62][INFO]: ------开始执行test_admin_login用例------
[2021-12-23 22:35:28,921][logger.py 62][INFO]: ------开始执行assert_api用例------
[2021-12-23 22:35:28,921][logger.py 70][INFO]: ------assert_api执行成功------
[2021-12-23 22:35:28,921][logger.py 70][INFO]: ------test_admin_login执行成功------
