[2021-09-06 13:45:59,969][assert_api.py 7][INFO]: *************** 操作成功开始执行用例 ***************
[2021-09-06 13:45:59,969][assert_api.py 15][INFO]: *************** 操作成功结束执行用例 ***************
[2021-09-06 13:46:00,019][assert_api.py 7][INFO]: *************** 用户名或密码不正确！开始执行用例 ***************
[2021-09-06 13:46:00,019][assert_api.py 12][ERROR]: =====>用户名或密码不正确！用例执行未通过
[2021-09-06 13:46:41,394][assert_api.py 7][INFO]: *************** 操作成功开始执行用例 ***************
[2021-09-06 13:46:41,394][assert_api.py 15][INFO]: *************** 操作成功结束执行用例 ***************
[2021-09-06 13:46:51,142][assert_api.py 7][INFO]: *************** 用户名或密码不正确！开始执行用例 ***************
[2021-09-06 13:46:51,153][assert_api.py 12][ERROR]: =====>用户名或密码不正确！用例执行未通过
[2021-09-06 13:47:18,360][assert_api.py 7][INFO]: *************** 用户名或密码不正确！开始执行用例 ***************
[2021-09-06 13:47:18,360][assert_api.py 12][ERROR]: =====>用户名或密码不正确！用例执行未通过
[2021-09-06 13:48:06,408][assert_api.py 7][INFO]: *************** 用户名或密码不正确！开始执行用例 ***************
[2021-09-06 13:48:06,408][assert_api.py 12][ERROR]: =====>用户名或密码不正确！用例执行未通过
[2021-09-06 13:54:31,858][assert_api.py 7][INFO]: *************** Bad credentials开始执行用例 ***************
[2021-09-06 13:54:31,858][assert_api.py 15][INFO]: *************** Bad credentials结束执行用例 ***************
[2021-09-06 13:55:33,352][assert_api.py 7][INFO]: *************** 操作成功开始执行用例 ***************
[2021-09-06 13:55:33,353][assert_api.py 15][INFO]: *************** 操作成功结束执行用例 ***************
[2021-09-06 13:55:33,589][assert_api.py 7][INFO]: *************** Bad credentials开始执行用例 ***************
[2021-09-06 13:55:33,590][assert_api.py 15][INFO]: *************** Bad credentials结束执行用例 ***************
[2021-09-06 13:56:13,248][assert_api.py 7][INFO]: *************** 场景为：前台会员登录开始执行用例 ***************
[2021-09-06 13:56:13,248][assert_api.py 15][INFO]: *************** 场景为：前台会员登录结束执行用例 ***************
[2021-09-06 14:06:24,757][assert_api.py 7][INFO]: *************** 操作成功开始执行用例 ***************
[2021-09-06 14:06:24,757][assert_api.py 15][INFO]: *************** 操作成功结束执行用例 ***************
[2021-09-06 14:06:24,817][assert_api.py 7][INFO]: *************** Bad credentials开始执行用例 ***************
[2021-09-06 14:06:24,817][assert_api.py 15][INFO]: *************** Bad credentials结束执行用例 ***************
[2021-09-06 14:06:25,012][assert_api.py 7][INFO]: *************** 场景为：前台会员登录开始执行用例 ***************
[2021-09-06 14:06:25,012][assert_api.py 15][INFO]: *************** 场景为：前台会员登录结束执行用例 ***************
[2021-09-06 14:07:15,665][assert_api.py 7][INFO]: *************** 操作成功开始执行用例 ***************
[2021-09-06 14:07:15,677][assert_api.py 15][INFO]: *************** 操作成功结束执行用例 ***************
[2021-09-06 14:07:15,721][assert_api.py 7][INFO]: *************** Bad credentials开始执行用例 ***************
[2021-09-06 14:07:15,722][assert_api.py 15][INFO]: *************** Bad credentials结束执行用例 ***************
[2021-09-06 14:07:15,876][assert_api.py 7][INFO]: *************** 场景为：前台会员登录开始执行用例 ***************
[2021-09-06 14:07:15,876][assert_api.py 15][INFO]: *************** 场景为：前台会员登录结束执行用例 ***************
[2021-09-06 14:09:35,038][assert_api.py 7][INFO]: *************** 操作成功开始执行用例 ***************
[2021-09-06 14:09:35,039][assert_api.py 15][INFO]: *************** 操作成功结束执行用例 ***************
[2021-09-06 14:09:35,096][assert_api.py 7][INFO]: *************** Bad credentials开始执行用例 ***************
[2021-09-06 14:09:35,096][assert_api.py 15][INFO]: *************** Bad credentials结束执行用例 ***************
[2021-09-06 14:09:35,308][assert_api.py 7][INFO]: *************** 场景为：前台会员登录开始执行用例 ***************
[2021-09-06 14:09:35,308][assert_api.py 15][INFO]: *************** 场景为：前台会员登录结束执行用例 ***************
[2021-09-06 14:09:52,394][assert_api.py 7][INFO]: *************** 操作成功开始执行用例 ***************
[2021-09-06 14:09:52,394][assert_api.py 15][INFO]: *************** 操作成功结束执行用例 ***************
[2021-09-06 14:09:52,473][assert_api.py 7][INFO]: *************** Bad credentials开始执行用例 ***************
[2021-09-06 14:09:52,473][assert_api.py 15][INFO]: *************** Bad credentials结束执行用例 ***************
[2021-09-06 14:09:52,658][assert_api.py 7][INFO]: *************** 场景为：前台会员登录开始执行用例 ***************
[2021-09-06 14:09:52,658][assert_api.py 15][INFO]: *************** 场景为：前台会员登录结束执行用例 ***************
[2021-09-06 14:29:40,142][assert_api.py 7][INFO]: *************** 操作成功开始执行用例 ***************
[2021-09-06 14:29:40,142][assert_api.py 15][INFO]: *************** 操作成功结束执行用例 ***************
[2021-09-06 14:29:40,204][assert_api.py 7][INFO]: *************** Bad credentials开始执行用例 ***************
[2021-09-06 14:29:40,204][assert_api.py 15][INFO]: *************** Bad credentials结束执行用例 ***************
[2021-09-06 14:29:40,367][assert_api.py 7][INFO]: *************** 场景为：前台会员登录开始执行用例 ***************
[2021-09-06 14:29:40,367][assert_api.py 15][INFO]: *************** 场景为：前台会员登录结束执行用例 ***************
[2021-09-06 14:33:18,131][assert_api.py 7][INFO]: *************** 操作成功开始执行用例 ***************
[2021-09-06 14:33:18,131][assert_api.py 15][INFO]: *************** 操作成功结束执行用例 ***************
[2021-09-06 14:33:18,180][assert_api.py 7][INFO]: *************** Bad credentials开始执行用例 ***************
[2021-09-06 14:33:18,180][assert_api.py 15][INFO]: *************** Bad credentials结束执行用例 ***************
[2021-09-06 14:33:19,425][assert_api.py 7][INFO]: *************** 场景为：前台会员登录开始执行用例 ***************
[2021-09-06 14:33:19,425][assert_api.py 15][INFO]: *************** 场景为：前台会员登录结束执行用例 ***************
[2021-09-06 14:34:34,958][assert_api.py 7][INFO]: *************** 操作成功开始执行用例 ***************
[2021-09-06 14:34:34,959][assert_api.py 15][INFO]: *************** 操作成功结束执行用例 ***************
[2021-09-06 14:34:35,016][assert_api.py 7][INFO]: *************** Bad credentials开始执行用例 ***************
[2021-09-06 14:34:35,016][assert_api.py 15][INFO]: *************** Bad credentials结束执行用例 ***************
[2021-09-06 14:34:35,183][assert_api.py 7][INFO]: *************** 场景为：前台会员登录开始执行用例 ***************
[2021-09-06 14:34:35,183][assert_api.py 15][INFO]: *************** 场景为：前台会员登录结束执行用例 ***************
[2021-09-06 14:35:05,318][assert_api.py 7][INFO]: *************** 操作成功开始执行用例 ***************
[2021-09-06 14:35:05,319][assert_api.py 15][INFO]: *************** 操作成功结束执行用例 ***************
[2021-09-06 14:35:05,366][assert_api.py 7][INFO]: *************** Bad credentials开始执行用例 ***************
[2021-09-06 14:35:05,366][assert_api.py 15][INFO]: *************** Bad credentials结束执行用例 ***************
[2021-09-06 14:35:05,543][assert_api.py 7][INFO]: *************** 场景为：前台会员登录开始执行用例 ***************
[2021-09-06 14:35:05,543][assert_api.py 15][INFO]: *************** 场景为：前台会员登录结束执行用例 ***************
[2021-09-06 15:02:58,292][assert_api.py 7][INFO]: *************** 场景为：前台添加收货地址开始执行用例 ***************
[2021-09-06 15:02:58,293][assert_api.py 15][INFO]: *************** 场景为：前台添加收货地址结束执行用例 ***************
[2021-09-06 15:08:05,943][assert_api.py 7][INFO]: *************** 场景为：前台添加收货地址开始执行用例 ***************
[2021-09-06 15:08:05,943][assert_api.py 15][INFO]: *************** 场景为：前台添加收货地址结束执行用例 ***************
[2021-09-06 16:01:46,757][assert_api.py 7][INFO]: *************** 场景为：前台会员登录开始执行用例 ***************
[2021-09-06 16:01:46,758][assert_api.py 15][INFO]: *************** 场景为：前台会员登录结束执行用例 ***************
[2021-09-06 16:02:04,960][assert_api.py 7][INFO]: *************** 场景为：前台添加收货地址开始执行用例 ***************
[2021-09-06 16:02:04,961][assert_api.py 15][INFO]: *************** 场景为：前台添加收货地址结束执行用例 ***************
[2021-09-06 16:03:26,400][assert_api.py 7][INFO]: *************** 场景为：前台添加收货地址开始执行用例 ***************
[2021-09-06 16:03:26,400][assert_api.py 15][INFO]: *************** 场景为：前台添加收货地址结束执行用例 ***************
[2021-09-06 16:33:19,070][assert_api.py 7][INFO]: *************** 场景为：前台添加收货地址开始执行用例 ***************
[2021-09-06 16:33:19,071][assert_api.py 15][INFO]: *************** 场景为：前台添加收货地址结束执行用例 ***************
