[2021-11-03 17:41:49,965][logger.py 61][INFO]: ------开始执行test_get_auth_code用例------
[2021-11-03 17:41:53,001][logger.py 61][INFO]: ------开始执行assert_api用例------
[2021-11-03 17:41:53,002][logger.py 69][INFO]: ------assert_api执行成功------
[2021-11-03 17:41:53,002][logger.py 69][INFO]: ------test_get_auth_code执行成功------
[2021-11-03 17:41:53,006][logger.py 61][INFO]: ------开始执行test_admin_login用例------
[2021-11-03 17:41:56,050][logger.py 61][INFO]: ------开始执行assert_api用例------
[2021-11-03 17:41:56,050][logger.py 69][INFO]: ------assert_api执行成功------
[2021-11-03 17:41:56,050][logger.py 69][INFO]: ------test_admin_login执行成功------
[2021-11-03 17:41:56,053][logger.py 61][INFO]: ------开始执行test_admin_login用例------
[2021-11-03 17:41:59,094][logger.py 61][INFO]: ------开始执行assert_api用例------
[2021-11-03 17:41:59,095][logger.py 69][INFO]: ------assert_api执行成功------
[2021-11-03 17:41:59,095][logger.py 69][INFO]: ------test_admin_login执行成功------
[2021-11-03 17:41:59,099][logger.py 61][INFO]: ------开始执行test_admin_login用例------
[2021-11-03 17:42:02,158][logger.py 61][INFO]: ------开始执行assert_api用例------
[2021-11-03 17:42:02,159][logger.py 69][INFO]: ------assert_api执行成功------
[2021-11-03 17:42:02,159][logger.py 69][INFO]: ------test_admin_login执行成功------
[2021-11-03 17:42:05,256][logger.py 61][INFO]: ------开始执行assert_api用例------
[2021-11-03 17:42:05,257][logger.py 69][INFO]: ------assert_api执行成功------
[2021-11-03 17:42:05,262][logger.py 61][INFO]: ------开始执行test_admin_login用例------
[2021-11-03 17:42:08,303][logger.py 61][INFO]: ------开始执行assert_api用例------
[2021-11-03 17:42:08,303][logger.py 65][ERROR]: ------assert_api用例执行失败，失败原因：------
[2021-11-03 17:42:08,314][logger.py 66][ERROR]: assert_api 用例 is error,here are details:Traceback (most recent call last):
  File "D:\daima\xin-daima\two-pytest-api-automation\common\logger.py", line 63, in log
    func(*args, **kwargs)
  File "D:\daima\xin-daima\two-pytest-api-automation\common\assert_api.py", line 35, in assert_api
    raise e
  File "D:\daima\xin-daima\two-pytest-api-automation\common\assert_api.py", line 26, in assert_api
    assert j == b[i]
AssertionError

[2021-11-03 17:42:08,314][logger.py 65][ERROR]: ------test_admin_login用例执行失败，失败原因：------
[2021-11-03 17:42:08,315][logger.py 66][ERROR]: test_admin_login 用例 is error,here are details:Traceback (most recent call last):
  File "D:\daima\xin-daima\two-pytest-api-automation\common\logger.py", line 63, in log
    func(*args, **kwargs)
  File "D:\daima\xin-daima\two-pytest-api-automation\case\test_receiving\test_add_address.py", line 38, in test_admin_login
    assert_api(actual_data,case_data['expect'])
  File "D:\daima\xin-daima\two-pytest-api-automation\common\logger.py", line 67, in log
    raise e
  File "D:\daima\xin-daima\two-pytest-api-automation\common\logger.py", line 63, in log
    func(*args, **kwargs)
  File "D:\daima\xin-daima\two-pytest-api-automation\common\assert_api.py", line 35, in assert_api
    raise e
  File "D:\daima\xin-daima\two-pytest-api-automation\common\assert_api.py", line 26, in assert_api
    assert j == b[i]
AssertionError

