[2021-09-18 08:24:53,064][main.py 15][INFO]: 
                     _    _         _      _____         _
      __ _ _ __ (_)  / \  _   _| |_ __|_   _|__  ___| |_
     / _` | '_ \| | / _ \| | | | __/ _ \| |/ _ \/ __| __|
    | (_| | |_) | |/ ___ \ |_| | || (_) | |  __/\__ \ |_
     \__,_| .__/|_/_/   \_\__,_|\__\___/|_|\___||___/\__|
          |_|
          Starting      ...     ...     ...
        
[2021-09-18 09:11:48,901][assert_api.py 5][INFO]: *************** 场景为：前台注册开始执行用例 ***************
[2021-09-18 09:12:01,948][assert_api.py 5][INFO]: *************** 场景为：前台注册开始执行用例 ***************
[2021-09-18 09:12:01,948][assert_api.py 13][INFO]: *************** 场景为：前台注册结束执行用例 ***************
[2021-09-18 11:06:55,390][assert_api.py 5][INFO]: *************** 场景为：前台添加收货地址开始执行用例 ***************
[2021-09-18 11:06:55,391][assert_api.py 13][INFO]: *************** 场景为：前台添加收货地址结束执行用例 ***************
[2021-09-18 11:12:47,238][assert_api.py 5][INFO]: *************** 场景为：前台注册开始执行用例 ***************
[2021-09-18 11:12:47,239][assert_api.py 13][INFO]: *************** 场景为：前台注册结束执行用例 ***************
[2021-09-18 11:20:53,342][assert_api.py 5][INFO]: *************** 场景为：前台获取验证码开始执行用例 ***************
[2021-09-18 11:20:53,343][assert_api.py 13][INFO]: *************** 场景为：前台获取验证码结束执行用例 ***************
[2021-09-18 11:29:24,549][assert_api.py 5][INFO]: *************** 场景为：前台注册开始执行用例 ***************
[2021-09-18 11:29:24,550][assert_api.py 13][INFO]: *************** 场景为：前台注册结束执行用例 ***************
[2021-09-18 11:31:28,517][assert_api.py 5][INFO]: *************** 场景为：前台会员登录开始执行用例 ***************
[2021-09-18 11:31:28,518][assert_api.py 13][INFO]: *************** 场景为：前台会员登录结束执行用例 ***************
[2021-09-18 11:32:02,389][assert_api.py 5][INFO]: *************** 场景为：前台会员登录开始执行用例 ***************
[2021-09-18 11:32:02,389][assert_api.py 13][INFO]: *************** 场景为：前台会员登录结束执行用例 ***************
[2021-09-18 11:33:17,414][assert_api.py 5][INFO]: *************** 场景为：前台注册开始执行用例 ***************
[2021-09-18 11:33:17,415][assert_api.py 13][INFO]: *************** 场景为：前台注册结束执行用例 ***************
[2021-09-18 11:33:49,472][assert_api.py 5][INFO]: *************** 场景为：前台注册开始执行用例 ***************
[2021-09-18 11:33:49,472][assert_api.py 13][INFO]: *************** 场景为：前台注册结束执行用例 ***************
[2021-09-18 14:08:42,523][assert_api.py 5][INFO]: *************** 正确的开始执行用例 ***************
[2021-09-18 14:09:36,957][assert_api.py 5][INFO]: *************** 正确的登录开始执行用例 ***************
[2021-09-18 14:09:37,226][assert_api.py 5][INFO]: *************** 用户名错误的登录开始执行用例 ***************
[2021-09-18 14:10:29,626][assert_api.py 5][INFO]: *************** 正确的登录开始执行用例 ***************
[2021-09-18 14:10:29,626][assert_api.py 13][INFO]: *************** 正确的登录结束执行用例 ***************
[2021-09-18 14:10:29,878][assert_api.py 5][INFO]: *************** 用户名错误的登录开始执行用例 ***************
[2021-09-18 14:10:29,878][assert_api.py 13][INFO]: *************** 用户名错误的登录结束执行用例 ***************
[2021-09-18 14:11:04,143][assert_api.py 5][INFO]: *************** 正确的登录开始执行用例 ***************
[2021-09-18 14:11:04,143][assert_api.py 13][INFO]: *************** 正确的登录结束执行用例 ***************
[2021-09-18 14:11:04,350][assert_api.py 5][INFO]: *************** 用户名错误的登录开始执行用例 ***************
[2021-09-18 14:11:04,350][assert_api.py 13][INFO]: *************** 用户名错误的登录结束执行用例 ***************
[2021-09-18 14:11:27,948][assert_api.py 5][INFO]: *************** 场景为：前台获取验证码开始执行用例 ***************
[2021-09-18 14:11:27,948][assert_api.py 13][INFO]: *************** 场景为：前台获取验证码结束执行用例 ***************
[2021-09-18 14:11:33,040][assert_api.py 5][INFO]: *************** 场景为：前台会员登录开始执行用例 ***************
[2021-09-18 14:11:33,040][assert_api.py 13][INFO]: *************** 场景为：前台会员登录结束执行用例 ***************
[2021-09-18 14:11:45,890][assert_api.py 5][INFO]: *************** 场景为：前台注册开始执行用例 ***************
[2021-09-18 14:11:45,890][assert_api.py 13][INFO]: *************** 场景为：前台注册结束执行用例 ***************
[2021-09-18 14:11:55,530][assert_api.py 5][INFO]: *************** 场景为：前台添加收货地址开始执行用例 ***************
[2021-09-18 14:11:55,530][assert_api.py 13][INFO]: *************** 场景为：前台添加收货地址结束执行用例 ***************
[2021-09-18 14:18:57,921][main.py 15][INFO]: 
                     _    _         _      _____         _
      __ _ _ __ (_)  / \  _   _| |_ __|_   _|__  ___| |_
     / _` | '_ \| | / _ \| | | | __/ _ \| |/ _ \/ __| __|
    | (_| | |_) | |/ ___ \ |_| | || (_) | |  __/\__ \ |_
     \__,_| .__/|_/_/   \_\__,_|\__\___/|_|\___||___/\__|
          |_|
          Starting     ...  道长伴你终身   ...  慧测永相随   ...
        
[2021-09-18 14:19:01,350][assert_api.py 5][INFO]: *************** 正确的登录开始执行用例 ***************
[2021-09-18 14:19:01,350][assert_api.py 13][INFO]: *************** 正确的登录结束执行用例 ***************
[2021-09-18 14:19:01,617][assert_api.py 5][INFO]: *************** 用户名错误的登录开始执行用例 ***************
[2021-09-18 14:19:01,618][assert_api.py 13][INFO]: *************** 用户名错误的登录结束执行用例 ***************
[2021-09-18 14:19:01,788][assert_api.py 5][INFO]: *************** 场景为：前台获取验证码开始执行用例 ***************
[2021-09-18 14:19:01,789][assert_api.py 13][INFO]: *************** 场景为：前台获取验证码结束执行用例 ***************
[2021-09-18 14:19:02,000][assert_api.py 5][INFO]: *************** 场景为：前台会员登录开始执行用例 ***************
[2021-09-18 14:19:02,000][assert_api.py 13][INFO]: *************** 场景为：前台会员登录结束执行用例 ***************
[2021-09-18 14:19:02,442][assert_api.py 5][INFO]: *************** 场景为：前台注册开始执行用例 ***************
[2021-09-18 14:19:02,442][assert_api.py 13][INFO]: *************** 场景为：前台注册结束执行用例 ***************
[2021-09-18 14:19:02,693][assert_api.py 5][INFO]: *************** 场景为：前台添加收货地址开始执行用例 ***************
[2021-09-18 14:19:02,693][assert_api.py 13][INFO]: *************** 场景为：前台添加收货地址结束执行用例 ***************
[2021-09-18 14:37:44,095][main.py 15][INFO]: 
                     _    _         _      _____         _
      __ _ _ __ (_)  / \  _   _| |_ __|_   _|__  ___| |_
     / _` | '_ \| | / _ \| | | | __/ _ \| |/ _ \/ __| __|
    | (_| | |_) | |/ ___ \ |_| | || (_) | |  __/\__ \ |_
     \__,_| .__/|_/_/   \_\__,_|\__\___/|_|\___||___/\__|
          |_|
          Starting     ...  道长伴你终身   ...  慧测永相随   ...
        
[2021-09-18 14:38:09,872][main.py 15][INFO]: 
                     _    _         _      _____         _
      __ _ _ __ (_)  / \  _   _| |_ __|_   _|__  ___| |_
     / _` | '_ \| | / _ \| | | | __/ _ \| |/ _ \/ __| __|
    | (_| | |_) | |/ ___ \ |_| | || (_) | |  __/\__ \ |_
     \__,_| .__/|_/_/   \_\__,_|\__\___/|_|\___||___/\__|
          |_|
          Starting     ...  道长伴你终身   ...  慧测永相随   ...
        
[2021-09-18 14:39:27,321][main.py 15][INFO]: 
                     _    _         _      _____         _
      __ _ _ __ (_)  / \  _   _| |_ __|_   _|__  ___| |_
     / _` | '_ \| | / _ \| | | | __/ _ \| |/ _ \/ __| __|
    | (_| | |_) | |/ ___ \ |_| | || (_) | |  __/\__ \ |_
     \__,_| .__/|_/_/   \_\__,_|\__\___/|_|\___||___/\__|
          |_|
          Starting     ...  道长伴你终身   ...  慧测永相随   ...
        
[2021-09-18 14:39:30,232][assert_api.py 5][INFO]: *************** 场景为：前台获取验证码开始执行用例 ***************
[2021-09-18 14:39:30,232][assert_api.py 13][INFO]: *************** 场景为：前台获取验证码结束执行用例 ***************
[2021-09-18 14:39:30,533][assert_api.py 5][INFO]: *************** 场景为：前台会员登录开始执行用例 ***************
[2021-09-18 14:39:30,533][assert_api.py 13][INFO]: *************** 场景为：前台会员登录结束执行用例 ***************
[2021-09-18 14:39:31,026][assert_api.py 5][INFO]: *************** 场景为：前台注册开始执行用例 ***************
[2021-09-18 14:39:31,026][assert_api.py 13][INFO]: *************** 场景为：前台注册结束执行用例 ***************
[2021-09-18 14:39:31,239][assert_api.py 5][INFO]: *************** 场景为：前台添加收货地址开始执行用例 ***************
[2021-09-18 14:39:31,240][assert_api.py 13][INFO]: *************** 场景为：前台添加收货地址结束执行用例 ***************
[2021-09-18 14:48:57,652][main.py 15][INFO]: 
                     _    _         _      _____         _
      __ _ _ __ (_)  / \  _   _| |_ __|_   _|__  ___| |_
     / _` | '_ \| | / _ \| | | | __/ _ \| |/ _ \/ __| __|
    | (_| | |_) | |/ ___ \ |_| | || (_) | |  __/\__ \ |_
     \__,_| .__/|_/_/   \_\__,_|\__\___/|_|\___||___/\__|
          |_|
          Starting     ...  道长伴你终身   ...  慧测永相随   ...
        
[2021-09-18 14:49:00,263][assert_api.py 5][INFO]: *************** 场景为：前台获取验证码开始执行用例 ***************
[2021-09-18 14:49:00,263][assert_api.py 13][INFO]: *************** 场景为：前台获取验证码结束执行用例 ***************
[2021-09-18 14:49:00,359][assert_api.py 5][INFO]: *************** 场景为：前台会员登录开始执行用例 ***************
[2021-09-18 14:49:00,359][assert_api.py 13][INFO]: *************** 场景为：前台会员登录结束执行用例 ***************
[2021-09-18 14:49:00,524][assert_api.py 5][INFO]: *************** 场景为：前台注册开始执行用例 ***************
[2021-09-18 14:49:00,524][assert_api.py 13][INFO]: *************** 场景为：前台注册结束执行用例 ***************
[2021-09-18 14:49:00,612][assert_api.py 5][INFO]: *************** 场景为：前台添加收货地址开始执行用例 ***************
[2021-09-18 14:49:00,612][assert_api.py 13][INFO]: *************** 场景为：前台添加收货地址结束执行用例 ***************
[2021-09-18 14:49:40,401][main.py 15][INFO]: 
                     _    _         _      _____         _
      __ _ _ __ (_)  / \  _   _| |_ __|_   _|__  ___| |_
     / _` | '_ \| | / _ \| | | | __/ _ \| |/ _ \/ __| __|
    | (_| | |_) | |/ ___ \ |_| | || (_) | |  __/\__ \ |_
     \__,_| .__/|_/_/   \_\__,_|\__\___/|_|\___||___/\__|
          |_|
          Starting     ...  道长伴你终身   ...  慧测永相随   ...
        
[2021-09-18 14:49:43,103][assert_api.py 5][INFO]: *************** 场景为：前台获取验证码开始执行用例 ***************
[2021-09-18 14:49:43,103][assert_api.py 13][INFO]: *************** 场景为：前台获取验证码结束执行用例 ***************
[2021-09-18 14:49:43,195][assert_api.py 5][INFO]: *************** 场景为：前台会员登录开始执行用例 ***************
[2021-09-18 14:49:43,195][assert_api.py 13][INFO]: *************** 场景为：前台会员登录结束执行用例 ***************
[2021-09-18 14:49:43,418][assert_api.py 5][INFO]: *************** 场景为：前台注册开始执行用例 ***************
[2021-09-18 14:49:43,418][assert_api.py 13][INFO]: *************** 场景为：前台注册结束执行用例 ***************
[2021-09-18 14:49:43,537][assert_api.py 5][INFO]: *************** 场景为：前台添加收货地址开始执行用例 ***************
[2021-09-18 14:49:43,537][assert_api.py 13][INFO]: *************** 场景为：前台添加收货地址结束执行用例 ***************
[2021-09-18 14:49:52,925][main.py 15][INFO]: 
                     _    _         _      _____         _
      __ _ _ __ (_)  / \  _   _| |_ __|_   _|__  ___| |_
     / _` | '_ \| | / _ \| | | | __/ _ \| |/ _ \/ __| __|
    | (_| | |_) | |/ ___ \ |_| | || (_) | |  __/\__ \ |_
     \__,_| .__/|_/_/   \_\__,_|\__\___/|_|\___||___/\__|
          |_|
          Starting     ...  道长伴你终身   ...  慧测永相随   ...
        
[2021-09-18 14:49:55,741][assert_api.py 5][INFO]: *************** 正确的登录开始执行用例 ***************
[2021-09-18 14:49:55,741][assert_api.py 13][INFO]: *************** 正确的登录结束执行用例 ***************
[2021-09-18 14:49:55,861][assert_api.py 5][INFO]: *************** 用户名错误的登录开始执行用例 ***************
[2021-09-18 14:49:55,861][assert_api.py 13][INFO]: *************** 用户名错误的登录结束执行用例 ***************
[2021-09-18 14:49:55,956][assert_api.py 5][INFO]: *************** 场景为：前台获取验证码开始执行用例 ***************
[2021-09-18 14:49:55,956][assert_api.py 13][INFO]: *************** 场景为：前台获取验证码结束执行用例 ***************
[2021-09-18 14:49:56,055][assert_api.py 5][INFO]: *************** 场景为：前台会员登录开始执行用例 ***************
[2021-09-18 14:49:56,055][assert_api.py 13][INFO]: *************** 场景为：前台会员登录结束执行用例 ***************
[2021-09-18 14:49:57,292][assert_api.py 5][INFO]: *************** 场景为：前台注册开始执行用例 ***************
[2021-09-18 14:49:57,292][assert_api.py 13][INFO]: *************** 场景为：前台注册结束执行用例 ***************
[2021-09-18 14:49:57,388][assert_api.py 5][INFO]: *************** 场景为：前台添加收货地址开始执行用例 ***************
[2021-09-18 14:49:57,388][assert_api.py 13][INFO]: *************** 场景为：前台添加收货地址结束执行用例 ***************
[2021-09-18 15:00:53,497][main.py 15][INFO]: 
                     _    _         _      _____         _
      __ _ _ __ (_)  / \  _   _| |_ __|_   _|__  ___| |_
     / _` | '_ \| | / _ \| | | | __/ _ \| |/ _ \/ __| __|
    | (_| | |_) | |/ ___ \ |_| | || (_) | |  __/\__ \ |_
     \__,_| .__/|_/_/   \_\__,_|\__\___/|_|\___||___/\__|
          |_|
          Starting     ...  道长伴你终身   ...  慧测永相随   ...
        
[2021-09-18 15:00:56,543][assert_api.py 5][INFO]: *************** 正确的登录开始执行用例 ***************
[2021-09-18 15:00:56,544][assert_api.py 13][INFO]: *************** 正确的登录--用例通过 ***************
[2021-09-18 15:00:56,830][assert_api.py 5][INFO]: *************** 用户名错误的登录开始执行用例 ***************
[2021-09-18 15:00:56,830][assert_api.py 13][INFO]: *************** 用户名错误的登录--用例通过 ***************
[2021-09-18 15:00:57,106][assert_api.py 5][INFO]: *************** 场景为：前台获取验证码开始执行用例 ***************
[2021-09-18 15:00:57,107][assert_api.py 13][INFO]: *************** 场景为：前台获取验证码--用例通过 ***************
[2021-09-18 15:00:57,340][assert_api.py 5][INFO]: *************** 场景为：前台会员登录开始执行用例 ***************
[2021-09-18 15:00:57,340][assert_api.py 13][INFO]: *************** 场景为：前台会员登录--用例通过 ***************
[2021-09-18 15:00:57,840][assert_api.py 5][INFO]: *************** 场景为：前台注册开始执行用例 ***************
[2021-09-18 15:00:57,840][assert_api.py 13][INFO]: *************** 场景为：前台注册--用例通过 ***************
[2021-09-18 15:00:58,015][assert_api.py 5][INFO]: *************** 场景为：前台添加收货地址开始执行用例 ***************
[2021-09-18 15:00:58,015][assert_api.py 13][INFO]: *************** 场景为：前台添加收货地址--用例通过 ***************
