[2022-03-21 15:05:52,011][logger.py 62][INFO]: ------开始执行test_admin_login用例------
[2022-03-21 15:05:52,460][logger.py 62][INFO]: ------开始执行assert_api用例------
[2022-03-21 15:05:52,460][assert_api.py 20][INFO]: 
assert:
 实际结果：{'code': 200, 'message': '操作成功', 'data': {'token': 'eyJhbGciOiJSUzI1NiIsInR5cCI6IkpXVCJ9.eyJ1c2VyX25hbWUiOiJhZG1pbiIsInNjb3BlIjpbImFsbCJdLCJpZCI6MjQzNDQyNywiZXhwIjoxNjQ3OTMyNzUzLCJhdXRob3JpdGllcyI6WyLliY3lj7DkvJrlkZgiXSwianRpIjoiN2RiMjc3ZDEtN2I4MS00ZGQ4LWFiYjQtYjgyM2JkMDc3YzVhIiwiY2xpZW50X2lkIjoicG9ydGFsLWFwcCJ9.Xr_rWtQ7Ex-ZlMHXieo2KqwGFaOpAJk-v1RRuJiw9eZHexEc5pQ2-Pkx7Mts_PWEqqFGXYyQFXIdhSWxY26LJrI89jqYoI9p0P0PX7WkX7D29dNJe0BC5lLqaH_7e6HJQ3uR7nHFhGc0Gg6J0fhwshrrk_8aZr22ILLG1qMnfss', 'refreshToken': 'eyJhbGciOiJSUzI1NiIsInR5cCI6IkpXVCJ9.eyJ1c2VyX25hbWUiOiJhZG1pbiIsInNjb3BlIjpbImFsbCJdLCJhdGkiOiI3ZGIyNzdkMS03YjgxLTRkZDgtYWJiNC1iODIzYmQwNzdjNWEiLCJpZCI6MjQzNDQyNywiZXhwIjoxNjQ4NDUxMTUzLCJhdXRob3JpdGllcyI6WyLliY3lj7DkvJrlkZgiXSwianRpIjoiNTcwOGJmZDgtOTZjMC00OTk4LTkxYjYtOTQwNjNmOGRhYjBiIiwiY2xpZW50X2lkIjoicG9ydGFsLWFwcCJ9.Jwl8kmTqI0Nb-ssRyuF8TCmJwDMp0mwakC9pQodIWbOK3U3yvvc3_FL4yq0anU8rYd0W2DcP86OMyh5UjE_MfHVmbHWjFEK5Q290kE2nS_dvh4xitsMn8s-bekTWvjuKrcEwa-CVMRqANjw8qfLvSi517sMH6Qzfgz3Kh2b5ztQ', 'tokenHead': 'Bearer ', 'expiresIn': 86399}}，
期望结果{'message': '操作成功', 'code': 200}
[2022-03-21 15:05:52,460][logger.py 70][INFO]: ------assert_api执行成功------
[2022-03-21 15:05:52,460][logger.py 70][INFO]: ------test_admin_login执行成功------
[2022-03-21 16:05:00,888][main.py 42][INFO]: 
                                                          _ooOoo_
                                                         o8888888o
                                                         88" . "88
                                                         (| -_- |)
                                                          O\ = /O
                                                      ____/`---'\____
                                                    .   ' \\| |// `.
                                                     / \\||| : |||// \
                                                   / _||||| -:- |||||- \
                                                     | | \\\ - /// | |
                                                   | \_| ''\---/'' | |
                                                    \ .-\__ `-` ___/-. /
                                                 ___`. .' /--.--\ `. . __
                                              ."" '< `.___\_<|>_/___.' >'"".
                                             | | : `- \`.;`\ _ /`;.`/ - ` : | |
                                               \ \ `-. \_ __\ /__ _/ .-` / /
                                       ======`-.____`-.___\_____/___.-`____.-'======
                                                          `=---='

                                       .............................................
                                              佛祖保佑             永无BUG
                                       .............................................
                                           佛曰:
                                           写字楼里写字间          写字间里程序员；
                                           程序人员写程序          又拿程序换酒钱。
                                           酒醒只在网上坐          酒醉还来网下眠； 
                                           酒醉酒醒日复日          网上网下年复年。
                                           但愿老死电脑间          不愿鞠躬老板前；
                                           奔驰宝马贵者趣          公交自行程序员。
                                           别人笑我忒疯癫          我笑自己命太贱；
                                           不见满街漂亮妹          哪个归得程序员？

[2022-03-21 16:05:06,792][logger.py 62][INFO]: ------开始执行test_get_auth_code用例------
[2022-03-21 16:05:06,841][logger.py 62][INFO]: ------开始执行assert_api用例------
[2022-03-21 16:05:06,842][assert_api.py 20][INFO]: 
assert:
 实际结果：{'code': 200, 'message': '获取验证码成功', 'data': '749343'}，
期望结果{'message': '获取验证码成功', 'code': 200}
[2022-03-21 16:05:06,842][logger.py 70][INFO]: ------assert_api执行成功------
[2022-03-21 16:05:06,842][logger.py 70][INFO]: ------test_get_auth_code执行成功------
[2022-03-21 16:05:06,858][logger.py 62][INFO]: ------开始执行test_admin_login用例------
[2022-03-21 16:05:07,228][logger.py 62][INFO]: ------开始执行assert_api用例------
[2022-03-21 16:05:07,228][assert_api.py 20][INFO]: 
assert:
 实际结果：{'code': 200, 'message': '操作成功', 'data': {'token': 'eyJhbGciOiJSUzI1NiIsInR5cCI6IkpXVCJ9.eyJ1c2VyX25hbWUiOiJhZG1pbiIsInNjb3BlIjpbImFsbCJdLCJpZCI6MjQzNDQyNywiZXhwIjoxNjQ3OTM2MzA3LCJhdXRob3JpdGllcyI6WyLliY3lj7DkvJrlkZgiXSwianRpIjoiN2JhMWQ3OTItYjY0OS00MGYwLTkxNWItYWMzYzExZTZkZGQ1IiwiY2xpZW50X2lkIjoicG9ydGFsLWFwcCJ9.VbMaoyMvu-udQeZPPCG504emRLx2hLayB_VgbmWly1qLBqUAGbBciDgy3lBze6S_SPLGIebVxZYkyjBCV7U062hyEP7Jqwz7MtfGUsO3EQ6GTAB2LscioVEy9Q8sgeHX8w-hXArAXuuVZZpDtZ7D64-q7QYjUO72hRw1RpfE8LI', 'refreshToken': 'eyJhbGciOiJSUzI1NiIsInR5cCI6IkpXVCJ9.eyJ1c2VyX25hbWUiOiJhZG1pbiIsInNjb3BlIjpbImFsbCJdLCJhdGkiOiI3YmExZDc5Mi1iNjQ5LTQwZjAtOTE1Yi1hYzNjMTFlNmRkZDUiLCJpZCI6MjQzNDQyNywiZXhwIjoxNjQ4NDU0NzA3LCJhdXRob3JpdGllcyI6WyLliY3lj7DkvJrlkZgiXSwianRpIjoiZjI5ZDEyMTctYTU1YS00YjM1LWE0YjgtNzFiMzkxMDdkYmFkIiwiY2xpZW50X2lkIjoicG9ydGFsLWFwcCJ9.KnjCFk41sDKFFTg-kuvVOAfJu81uYrBc7jYI4ILGdoXhWo_UO8JuhtcSq55OmIpdfb5Emg7r9du9KuoQrcL1XRIE3dydieQLEPm8oh_QMdSA4ur_ndAj54NOWZa5mUyBKof5qXyD6jLKdMwzrYP4FFZqYA92yVL_LwALCzy_SGY', 'tokenHead': 'Bearer ', 'expiresIn': 86399}}，
期望结果{'message': '操作成功', 'code': 200}
[2022-03-21 16:05:07,228][logger.py 70][INFO]: ------assert_api执行成功------
[2022-03-21 16:05:07,229][logger.py 70][INFO]: ------test_admin_login执行成功------
[2022-03-21 16:05:07,747][logger.py 62][INFO]: ------开始执行assert_api用例------
[2022-03-21 16:05:07,747][assert_api.py 20][INFO]: 
assert:
 实际结果：{'code': 200, 'message': '注册成功', 'data': None}，
期望结果{'message': '注册成功', 'code': 200}
[2022-03-21 16:05:07,747][logger.py 70][INFO]: ------assert_api执行成功------
[2022-03-21 16:05:07,752][logger.py 62][INFO]: ------开始执行test_admin_login用例------
[2022-03-21 16:05:08,059][logger.py 62][INFO]: ------开始执行assert_api用例------
[2022-03-21 16:05:08,059][assert_api.py 20][INFO]: 
assert:
 实际结果：{'code': 200, 'message': '操作成功', 'data': 1}，
期望结果{'except': '操作成功', 'code': 200}
[2022-03-21 16:05:08,059][logger.py 70][INFO]: ------assert_api执行成功------
[2022-03-21 16:05:08,060][logger.py 70][INFO]: ------test_admin_login执行成功------
[2022-03-21 16:26:36,522][logger.py 62][INFO]: ------开始执行dao_zhang用例------
[2022-03-21 16:26:36,523][logger.py 70][INFO]: ------dao_zhang执行成功------
